CRITICAL - 2020-10-26 01:50:54 --> Undefined offset: 0
#0 E:\GrievanceSystem\app\Controllers\HomeController.php(30): CodeIgniter\Debug\Exceptions->errorHandler(8, 'Undefined offse...', 'E:\\GrievanceSys...', 30, Array)
#1 E:\GrievanceSystem\system\CodeIgniter.php(918): App\Controllers\HomeController->Login()
#2 E:\GrievanceSystem\system\CodeIgniter.php(404): CodeIgniter\CodeIgniter->runController(Object(App\Controllers\HomeController))
#3 E:\GrievanceSystem\system\CodeIgniter.php(312): CodeIgniter\CodeIgniter->handleRequest(NULL, Object(Config\Cache), false)
#4 E:\GrievanceSystem\public\index.php(45): CodeIgniter\CodeIgniter->run()
#5 E:\GrievanceSystem\system\Commands\Server\rewrite.php(34): require_once('E:\\GrievanceSys...')
#6 {main}
CRITICAL - 2020-10-26 02:14:44 --> Undefined variable: Refer_From
#0 E:\GrievanceSystem\app\Models\complaint_model.php(14): CodeIgniter\Debug\Exceptions->errorHandler(8, 'Undefined varia...', 'E:\\GrievanceSys...', 14, Array)
#1 E:\GrievanceSystem\app\Controllers\UserController.php(63): App\Models\complaint_model->Register_Complaint('CT2020102600005', '1', '1', 'In this complai...', 1, Object(CodeIgniter\I18n\Time), '::1', 'GSUI00006', 2)
#2 E:\GrievanceSystem\system\CodeIgniter.php(918): App\Controllers\UserController->submit_complaint()
#3 E:\GrievanceSystem\system\CodeIgniter.php(404): CodeIgniter\CodeIgniter->runController(Object(App\Controllers\UserController))
#4 E:\GrievanceSystem\system\CodeIgniter.php(312): CodeIgniter\CodeIgniter->handleRequest(NULL, Object(Config\Cache), false)
#5 E:\GrievanceSystem\public\index.php(45): CodeIgniter\CodeIgniter->run()
#6 E:\GrievanceSystem\system\Commands\Server\rewrite.php(34): require_once('E:\\GrievanceSys...')
#7 {main}
CRITICAL - 2020-10-26 02:17:46 --> Undefined variable: Refer_to
#0 E:\GrievanceSystem\app\Models\complaint_model.php(14): CodeIgniter\Debug\Exceptions->errorHandler(8, 'Undefined varia...', 'E:\\GrievanceSys...', 14, Array)
#1 E:\GrievanceSystem\app\Controllers\UserController.php(63): App\Models\complaint_model->Register_Complaint('CT2020102600005', '1', '1', 'Thuis is not th...', 1, Object(CodeIgniter\I18n\Time), '::1', 'GSUI00006', 2)
#2 E:\GrievanceSystem\system\CodeIgniter.php(918): App\Controllers\UserController->submit_complaint()
#3 E:\GrievanceSystem\system\CodeIgniter.php(404): CodeIgniter\CodeIgniter->runController(Object(App\Controllers\UserController))
#4 E:\GrievanceSystem\system\CodeIgniter.php(312): CodeIgniter\CodeIgniter->handleRequest(NULL, Object(Config\Cache), false)
#5 E:\GrievanceSystem\public\index.php(45): CodeIgniter\CodeIgniter->run()
#6 E:\GrievanceSystem\system\Commands\Server\rewrite.php(34): require_once('E:\\GrievanceSys...')
#7 {main}
CRITICAL - 2020-10-26 02:18:10 --> Undefined variable: Refer_to
#0 E:\GrievanceSystem\app\Models\complaint_model.php(14): CodeIgniter\Debug\Exceptions->errorHandler(8, 'Undefined varia...', 'E:\\GrievanceSys...', 14, Array)
#1 E:\GrievanceSystem\app\Controllers\UserController.php(63): App\Models\complaint_model->Register_Complaint('CT2020102600005', '1', '1', 'Thuis is not th...', 1, Object(CodeIgniter\I18n\Time), '::1', 'GSUI00006', 2)
#2 E:\GrievanceSystem\system\CodeIgniter.php(918): App\Controllers\UserController->submit_complaint()
#3 E:\GrievanceSystem\system\CodeIgniter.php(404): CodeIgniter\CodeIgniter->runController(Object(App\Controllers\UserController))
#4 E:\GrievanceSystem\system\CodeIgniter.php(312): CodeIgniter\CodeIgniter->handleRequest(NULL, Object(Config\Cache), false)
#5 E:\GrievanceSystem\public\index.php(45): CodeIgniter\CodeIgniter->run()
#6 E:\GrievanceSystem\system\Commands\Server\rewrite.php(34): require_once('E:\\GrievanceSys...')
#7 {main}
CRITICAL - 2020-10-26 02:18:19 --> Undefined variable: Refer_to
#0 E:\GrievanceSystem\app\Models\complaint_model.php(14): CodeIgniter\Debug\Exceptions->errorHandler(8, 'Undefined varia...', 'E:\\GrievanceSys...', 14, Array)
#1 E:\GrievanceSystem\app\Controllers\UserController.php(63): App\Models\complaint_model->Register_Complaint('CT2020102600005', '1', '1', 'Thuis is not th...', 1, Object(CodeIgniter\I18n\Time), '::1', 'GSUI00006', 2)
#2 E:\GrievanceSystem\system\CodeIgniter.php(918): App\Controllers\UserController->submit_complaint()
#3 E:\GrievanceSystem\system\CodeIgniter.php(404): CodeIgniter\CodeIgniter->runController(Object(App\Controllers\UserController))
#4 E:\GrievanceSystem\system\CodeIgniter.php(312): CodeIgniter\CodeIgniter->handleRequest(NULL, Object(Config\Cache), false)
#5 E:\GrievanceSystem\public\index.php(45): CodeIgniter\CodeIgniter->run()
#6 E:\GrievanceSystem\system\Commands\Server\rewrite.php(34): require_once('E:\\GrievanceSys...')
#7 {main}
CRITICAL - 2020-10-26 02:18:47 --> Undefined variable: Refer_to
#0 E:\GrievanceSystem\app\Models\complaint_model.php(14): CodeIgniter\Debug\Exceptions->errorHandler(8, 'Undefined varia...', 'E:\\GrievanceSys...', 14, Array)
#1 E:\GrievanceSystem\app\Controllers\UserController.php(63): App\Models\complaint_model->Register_Complaint('CT2020102600005', '1', '1', 'demo hai ye rea...', 1, Object(CodeIgniter\I18n\Time), '::1', 'GSUI00006', 2)
#2 E:\GrievanceSystem\system\CodeIgniter.php(918): App\Controllers\UserController->submit_complaint()
#3 E:\GrievanceSystem\system\CodeIgniter.php(404): CodeIgniter\CodeIgniter->runController(Object(App\Controllers\UserController))
#4 E:\GrievanceSystem\system\CodeIgniter.php(312): CodeIgniter\CodeIgniter->handleRequest(NULL, Object(Config\Cache), false)
#5 E:\GrievanceSystem\public\index.php(45): CodeIgniter\CodeIgniter->run()
#6 E:\GrievanceSystem\system\Commands\Server\rewrite.php(34): require_once('E:\\GrievanceSys...')
#7 {main}
CRITICAL - 2020-10-26 04:53:07 --> Unknown column 'Explanation' in 'field list'
#0 E:\GrievanceSystem\system\Database\MySQLi\Connection.php(331): mysqli->query('SELECT SNo,cmp....')
#1 E:\GrievanceSystem\system\Database\BaseConnection.php(741): CodeIgniter\Database\MySQLi\Connection->execute('SELECT SNo,cmp....')
#2 E:\GrievanceSystem\system\Database\BaseConnection.php(669): CodeIgniter\Database\BaseConnection->simpleQuery('SELECT SNo,cmp....')
#3 E:\GrievanceSystem\app\Models\show_complaint_model.php(169): CodeIgniter\Database\BaseConnection->query('SELECT SNo,cmp....', Array)
#4 E:\GrievanceSystem\app\Controllers\DepartmentController.php(30): App\Models\show_complaint_model->Show_Solved_Complaint('GSUI00003')
#5 E:\GrievanceSystem\system\CodeIgniter.php(918): App\Controllers\DepartmentController->ShowSolvedComplaint()
#6 E:\GrievanceSystem\system\CodeIgniter.php(404): CodeIgniter\CodeIgniter->runController(Object(App\Controllers\DepartmentController))
#7 E:\GrievanceSystem\system\CodeIgniter.php(312): CodeIgniter\CodeIgniter->handleRequest(NULL, Object(Config\Cache), false)
#8 E:\GrievanceSystem\public\index.php(45): CodeIgniter\CodeIgniter->run()
#9 E:\GrievanceSystem\system\Commands\Server\rewrite.php(34): require_once('E:\\GrievanceSys...')
#10 {main}
CRITICAL - 2020-10-26 05:06:03 --> Unknown column 'Explanation' in 'field list'
#0 E:\GrievanceSystem\system\Database\MySQLi\Connection.php(331): mysqli->query('SELECT SNo,cmp....')
#1 E:\GrievanceSystem\system\Database\BaseConnection.php(741): CodeIgniter\Database\MySQLi\Connection->execute('SELECT SNo,cmp....')
#2 E:\GrievanceSystem\system\Database\BaseConnection.php(669): CodeIgniter\Database\BaseConnection->simpleQuery('SELECT SNo,cmp....')
#3 E:\GrievanceSystem\app\Models\show_complaint_model.php(170): CodeIgniter\Database\BaseConnection->query('SELECT SNo,cmp....', Array)
#4 E:\GrievanceSystem\app\Controllers\DepartmentController.php(30): App\Models\show_complaint_model->Show_Solved_Complaint('GSUI00003')
#5 E:\GrievanceSystem\system\CodeIgniter.php(918): App\Controllers\DepartmentController->ShowSolvedComplaint()
#6 E:\GrievanceSystem\system\CodeIgniter.php(404): CodeIgniter\CodeIgniter->runController(Object(App\Controllers\DepartmentController))
#7 E:\GrievanceSystem\system\CodeIgniter.php(312): CodeIgniter\CodeIgniter->handleRequest(NULL, Object(Config\Cache), false)
#8 E:\GrievanceSystem\public\index.php(45): CodeIgniter\CodeIgniter->run()
#9 E:\GrievanceSystem\system\Commands\Server\rewrite.php(34): require_once('E:\\GrievanceSys...')
#10 {main}
CRITICAL - 2020-10-26 05:06:09 --> Unknown column 'Explanation' in 'field list'
#0 E:\GrievanceSystem\system\Database\MySQLi\Connection.php(331): mysqli->query('SELECT SNo,cmp....')
#1 E:\GrievanceSystem\system\Database\BaseConnection.php(741): CodeIgniter\Database\MySQLi\Connection->execute('SELECT SNo,cmp....')
#2 E:\GrievanceSystem\system\Database\BaseConnection.php(669): CodeIgniter\Database\BaseConnection->simpleQuery('SELECT SNo,cmp....')
#3 E:\GrievanceSystem\app\Models\show_complaint_model.php(170): CodeIgniter\Database\BaseConnection->query('SELECT SNo,cmp....', Array)
#4 E:\GrievanceSystem\app\Controllers\DepartmentController.php(30): App\Models\show_complaint_model->Show_Solved_Complaint('GSUI00003')
#5 E:\GrievanceSystem\system\CodeIgniter.php(918): App\Controllers\DepartmentController->ShowSolvedComplaint()
#6 E:\GrievanceSystem\system\CodeIgniter.php(404): CodeIgniter\CodeIgniter->runController(Object(App\Controllers\DepartmentController))
#7 E:\GrievanceSystem\system\CodeIgniter.php(312): CodeIgniter\CodeIgniter->handleRequest(NULL, Object(Config\Cache), false)
#8 E:\GrievanceSystem\public\index.php(45): CodeIgniter\CodeIgniter->run()
#9 E:\GrievanceSystem\system\Commands\Server\rewrite.php(34): require_once('E:\\GrievanceSys...')
#10 {main}
CRITICAL - 2020-10-26 05:07:00 --> Unknown column 'Explanation' in 'field list'
#0 E:\GrievanceSystem\system\Database\MySQLi\Connection.php(331): mysqli->query('SELECT SNo,cmp....')
#1 E:\GrievanceSystem\system\Database\BaseConnection.php(741): CodeIgniter\Database\MySQLi\Connection->execute('SELECT SNo,cmp....')
#2 E:\GrievanceSystem\system\Database\BaseConnection.php(669): CodeIgniter\Database\BaseConnection->simpleQuery('SELECT SNo,cmp....')
#3 E:\GrievanceSystem\app\Models\show_complaint_model.php(170): CodeIgniter\Database\BaseConnection->query('SELECT SNo,cmp....', Array)
#4 E:\GrievanceSystem\app\Controllers\DepartmentController.php(30): App\Models\show_complaint_model->Show_Solved_Complaint('GSUI00003')
#5 E:\GrievanceSystem\system\CodeIgniter.php(918): App\Controllers\DepartmentController->ShowSolvedComplaint()
#6 E:\GrievanceSystem\system\CodeIgniter.php(404): CodeIgniter\CodeIgniter->runController(Object(App\Controllers\DepartmentController))
#7 E:\GrievanceSystem\system\CodeIgniter.php(312): CodeIgniter\CodeIgniter->handleRequest(NULL, Object(Config\Cache), false)
#8 E:\GrievanceSystem\public\index.php(45): CodeIgniter\CodeIgniter->run()
#9 E:\GrievanceSystem\system\Commands\Server\rewrite.php(34): require_once('E:\\GrievanceSys...')
#10 {main}
CRITICAL - 2020-10-26 05:08:09 --> Unknown column 'Explanation' in 'field list'
#0 E:\GrievanceSystem\system\Database\MySQLi\Connection.php(331): mysqli->query('SELECT SNo,cmp....')
#1 E:\GrievanceSystem\system\Database\BaseConnection.php(741): CodeIgniter\Database\MySQLi\Connection->execute('SELECT SNo,cmp....')
#2 E:\GrievanceSystem\system\Database\BaseConnection.php(669): CodeIgniter\Database\BaseConnection->simpleQuery('SELECT SNo,cmp....')
#3 E:\GrievanceSystem\app\Models\show_complaint_model.php(170): CodeIgniter\Database\BaseConnection->query('SELECT SNo,cmp....', Array)
#4 E:\GrievanceSystem\app\Controllers\DepartmentController.php(30): App\Models\show_complaint_model->Show_Solved_Complaint('GSUI00003')
#5 E:\GrievanceSystem\system\CodeIgniter.php(918): App\Controllers\DepartmentController->ShowSolvedComplaint()
#6 E:\GrievanceSystem\system\CodeIgniter.php(404): CodeIgniter\CodeIgniter->runController(Object(App\Controllers\DepartmentController))
#7 E:\GrievanceSystem\system\CodeIgniter.php(312): CodeIgniter\CodeIgniter->handleRequest(NULL, Object(Config\Cache), false)
#8 E:\GrievanceSystem\public\index.php(45): CodeIgniter\CodeIgniter->run()
#9 E:\GrievanceSystem\system\Commands\Server\rewrite.php(34): require_once('E:\\GrievanceSys...')
#10 {main}
CRITICAL - 2020-10-26 05:11:03 --> Unknown column 'Explanation' in 'field list'
#0 E:\GrievanceSystem\system\Database\MySQLi\Connection.php(331): mysqli->query('UPDATE `complai...')
#1 E:\GrievanceSystem\system\Database\BaseConnection.php(741): CodeIgniter\Database\MySQLi\Connection->execute('UPDATE `complai...')
#2 E:\GrievanceSystem\system\Database\BaseConnection.php(669): CodeIgniter\Database\BaseConnection->simpleQuery('UPDATE `complai...')
#3 E:\GrievanceSystem\system\Database\BaseBuilder.php(2456): CodeIgniter\Database\BaseConnection->query('UPDATE `complai...', Array, false)
#4 E:\GrievanceSystem\app\Models\show_complaint_model.php(103): CodeIgniter\Database\BaseBuilder->update(Array)
#5 E:\GrievanceSystem\app\Controllers\DepartmentController.php(45): App\Models\show_complaint_model->Refer_To_Team_Member('Solve the error...', 'CT2020102600001', Object(CodeIgniter\I18n\Time), 3, '::1', 'GSUI00003', 'GSUI00004')
#6 E:\GrievanceSystem\system\CodeIgniter.php(918): App\Controllers\DepartmentController->ReferToTeamMember()
#7 E:\GrievanceSystem\system\CodeIgniter.php(404): CodeIgniter\CodeIgniter->runController(Object(App\Controllers\DepartmentController))
#8 E:\GrievanceSystem\system\CodeIgniter.php(312): CodeIgniter\CodeIgniter->handleRequest(NULL, Object(Config\Cache), false)
#9 E:\GrievanceSystem\public\index.php(45): CodeIgniter\CodeIgniter->run()
#10 E:\GrievanceSystem\system\Commands\Server\rewrite.php(34): require_once('E:\\GrievanceSys...')
#11 {main}
CRITICAL - 2020-10-26 05:13:58 --> Unknown column 'Explanation' in 'field list'
#0 E:\GrievanceSystem\system\Database\MySQLi\Connection.php(331): mysqli->query('SELECT Ticket_I...')
#1 E:\GrievanceSystem\system\Database\BaseConnection.php(741): CodeIgniter\Database\MySQLi\Connection->execute('SELECT Ticket_I...')
#2 E:\GrievanceSystem\system\Database\BaseConnection.php(669): CodeIgniter\Database\BaseConnection->simpleQuery('SELECT Ticket_I...')
#3 E:\GrievanceSystem\app\Models\show_complaint_model.php(123): CodeIgniter\Database\BaseConnection->query('SELECT Ticket_I...', Array)
#4 E:\GrievanceSystem\app\Controllers\DepartmentController.php(66): App\Models\show_complaint_model->Show_Complaint_To_Team_Member('GSUI00004')
#5 E:\GrievanceSystem\system\CodeIgniter.php(918): App\Controllers\DepartmentController->ShowComplaintToTeamMember()
#6 E:\GrievanceSystem\system\CodeIgniter.php(404): CodeIgniter\CodeIgniter->runController(Object(App\Controllers\DepartmentController))
#7 E:\GrievanceSystem\system\CodeIgniter.php(312): CodeIgniter\CodeIgniter->handleRequest(NULL, Object(Config\Cache), false)
#8 E:\GrievanceSystem\public\index.php(45): CodeIgniter\CodeIgniter->run()
#9 E:\GrievanceSystem\system\Commands\Server\rewrite.php(34): require_once('E:\\GrievanceSys...')
#10 {main}
CRITICAL - 2020-10-26 05:59:00 --> Unknown column 'Explanation' in 'field list'
#0 E:\GrievanceSystem\system\Database\MySQLi\Connection.php(331): mysqli->query('SELECT Ticket_I...')
#1 E:\GrievanceSystem\system\Database\BaseConnection.php(741): CodeIgniter\Database\MySQLi\Connection->execute('SELECT Ticket_I...')
#2 E:\GrievanceSystem\system\Database\BaseConnection.php(669): CodeIgniter\Database\BaseConnection->simpleQuery('SELECT Ticket_I...')
#3 E:\GrievanceSystem\app\Models\show_complaint_model.php(123): CodeIgniter\Database\BaseConnection->query('SELECT Ticket_I...', Array)
#4 E:\GrievanceSystem\app\Controllers\DepartmentController.php(66): App\Models\show_complaint_model->Show_Complaint_To_Team_Member('GSUI00004')
#5 E:\GrievanceSystem\system\CodeIgniter.php(918): App\Controllers\DepartmentController->ShowComplaintToTeamMember()
#6 E:\GrievanceSystem\system\CodeIgniter.php(404): CodeIgniter\CodeIgniter->runController(Object(App\Controllers\DepartmentController))
#7 E:\GrievanceSystem\system\CodeIgniter.php(312): CodeIgniter\CodeIgniter->handleRequest(NULL, Object(Config\Cache), false)
#8 E:\GrievanceSystem\public\index.php(45): CodeIgniter\CodeIgniter->run()
#9 E:\GrievanceSystem\system\Commands\Server\rewrite.php(34): require_once('E:\\GrievanceSys...')
#10 {main}
CRITICAL - 2020-10-26 06:15:32 --> Undefined index: Explanation
#0 E:\GrievanceSystem\app\Views\Department\ShowComplaintToTeamMember.php(54): CodeIgniter\Debug\Exceptions->errorHandler(8, 'Undefined index...', 'E:\\GrievanceSys...', 54, Array)
#1 E:\GrievanceSystem\system\View\View.php(246): include('E:\\GrievanceSys...')
#2 E:\GrievanceSystem\system\Common.php(1119): CodeIgniter\View\View->render('department/Show...', Array, true)
#3 E:\GrievanceSystem\app\Controllers\DepartmentController.php(131): view('department/Show...', Array)
#4 E:\GrievanceSystem\app\Controllers\DepartmentController.php(67): App\Controllers\DepartmentController->render_view('ShowComplaintTo...', Array)
#5 E:\GrievanceSystem\system\CodeIgniter.php(918): App\Controllers\DepartmentController->ShowComplaintToTeamMember()
#6 E:\GrievanceSystem\system\CodeIgniter.php(404): CodeIgniter\CodeIgniter->runController(Object(App\Controllers\DepartmentController))
#7 E:\GrievanceSystem\system\CodeIgniter.php(312): CodeIgniter\CodeIgniter->handleRequest(NULL, Object(Config\Cache), false)
#8 E:\GrievanceSystem\public\index.php(45): CodeIgniter\CodeIgniter->run()
#9 E:\GrievanceSystem\system\Commands\Server\rewrite.php(34): require_once('E:\\GrievanceSys...')
#10 {main}
CRITICAL - 2020-10-26 06:33:07 --> Undefined index: Explanation
#0 E:\GrievanceSystem\app\Views\Department\ShowSolvedComplaint.php(55): CodeIgniter\Debug\Exceptions->errorHandler(8, 'Undefined index...', 'E:\\GrievanceSys...', 55, Array)
#1 E:\GrievanceSystem\system\View\View.php(246): include('E:\\GrievanceSys...')
#2 E:\GrievanceSystem\system\Common.php(1119): CodeIgniter\View\View->render('department/Show...', Array, true)
#3 E:\GrievanceSystem\app\Controllers\DepartmentController.php(131): view('department/Show...', Array)
#4 E:\GrievanceSystem\app\Controllers\DepartmentController.php(31): App\Controllers\DepartmentController->render_view('ShowSolvedCompl...', Array)
#5 E:\GrievanceSystem\system\CodeIgniter.php(918): App\Controllers\DepartmentController->ShowSolvedComplaint()
#6 E:\GrievanceSystem\system\CodeIgniter.php(404): CodeIgniter\CodeIgniter->runController(Object(App\Controllers\DepartmentController))
#7 E:\GrievanceSystem\system\CodeIgniter.php(312): CodeIgniter\CodeIgniter->handleRequest(NULL, Object(Config\Cache), false)
#8 E:\GrievanceSystem\public\index.php(45): CodeIgniter\CodeIgniter->run()
#9 E:\GrievanceSystem\system\Commands\Server\rewrite.php(34): require_once('E:\\GrievanceSys...')
#10 {main}
