CRITICAL - 2020-10-12 02:40:30 --> Call to undefined method App\Controllers\UserController::getMethod()
#0 E:\GrievanceSystem\system\CodeIgniter.php(918): App\Controllers\UserController->submit_complaint()
#1 E:\GrievanceSystem\system\CodeIgniter.php(404): CodeIgniter\CodeIgniter->runController(Object(App\Controllers\UserController))
#2 E:\GrievanceSystem\system\CodeIgniter.php(312): CodeIgniter\CodeIgniter->handleRequest(NULL, Object(Config\Cache), false)
#3 E:\GrievanceSystem\public\index.php(45): CodeIgniter\CodeIgniter->run()
#4 E:\GrievanceSystem\system\Commands\Server\rewrite.php(34): require_once('E:\\GrievanceSys...')
#5 {main}
CRITICAL - 2020-10-12 02:42:31 --> Call to undefined method App\Controllers\UserController::complaint_model()
#0 E:\GrievanceSystem\system\CodeIgniter.php(918): App\Controllers\UserController->submit_complaint()
#1 E:\GrievanceSystem\system\CodeIgniter.php(404): CodeIgniter\CodeIgniter->runController(Object(App\Controllers\UserController))
#2 E:\GrievanceSystem\system\CodeIgniter.php(312): CodeIgniter\CodeIgniter->handleRequest(NULL, Object(Config\Cache), false)
#3 E:\GrievanceSystem\public\index.php(45): CodeIgniter\CodeIgniter->run()
#4 E:\GrievanceSystem\system\Commands\Server\rewrite.php(34): require_once('E:\\GrievanceSys...')
#5 {main}
CRITICAL - 2020-10-12 02:44:11 --> Undefined property: App\Controllers\UserController::$load
#0 E:\GrievanceSystem\app\Controllers\UserController.php(39): CodeIgniter\Debug\Exceptions->errorHandler(8, 'Undefined prope...', 'E:\\GrievanceSys...', 39, Array)
#1 E:\GrievanceSystem\system\CodeIgniter.php(918): App\Controllers\UserController->submit_complaint()
#2 E:\GrievanceSystem\system\CodeIgniter.php(404): CodeIgniter\CodeIgniter->runController(Object(App\Controllers\UserController))
#3 E:\GrievanceSystem\system\CodeIgniter.php(312): CodeIgniter\CodeIgniter->handleRequest(NULL, Object(Config\Cache), false)
#4 E:\GrievanceSystem\public\index.php(45): CodeIgniter\CodeIgniter->run()
#5 E:\GrievanceSystem\system\Commands\Server\rewrite.php(34): require_once('E:\\GrievanceSys...')
#6 {main}
CRITICAL - 2020-10-12 02:45:32 --> Call to undefined method App\Controllers\UserController::getMethod()
#0 E:\GrievanceSystem\system\CodeIgniter.php(918): App\Controllers\UserController->submit_complaint()
#1 E:\GrievanceSystem\system\CodeIgniter.php(404): CodeIgniter\CodeIgniter->runController(Object(App\Controllers\UserController))
#2 E:\GrievanceSystem\system\CodeIgniter.php(312): CodeIgniter\CodeIgniter->handleRequest(NULL, Object(Config\Cache), false)
#3 E:\GrievanceSystem\public\index.php(45): CodeIgniter\CodeIgniter->run()
#4 E:\GrievanceSystem\system\Commands\Server\rewrite.php(34): require_once('E:\\GrievanceSys...')
#5 {main}
CRITICAL - 2020-10-12 02:47:23 --> Undefined variable: request
#0 E:\GrievanceSystem\app\Controllers\UserController.php(30): CodeIgniter\Debug\Exceptions->errorHandler(8, 'Undefined varia...', 'E:\\GrievanceSys...', 30, Array)
#1 E:\GrievanceSystem\system\CodeIgniter.php(918): App\Controllers\UserController->submit_complaint()
#2 E:\GrievanceSystem\system\CodeIgniter.php(404): CodeIgniter\CodeIgniter->runController(Object(App\Controllers\UserController))
#3 E:\GrievanceSystem\system\CodeIgniter.php(312): CodeIgniter\CodeIgniter->handleRequest(NULL, Object(Config\Cache), false)
#4 E:\GrievanceSystem\public\index.php(45): CodeIgniter\CodeIgniter->run()
#5 E:\GrievanceSystem\system\Commands\Server\rewrite.php(34): require_once('E:\\GrievanceSys...')
#6 {main}
CRITICAL - 2020-10-12 02:48:23 --> Undefined variable: request
#0 E:\GrievanceSystem\app\Controllers\UserController.php(33): CodeIgniter\Debug\Exceptions->errorHandler(8, 'Undefined varia...', 'E:\\GrievanceSys...', 33, Array)
#1 E:\GrievanceSystem\system\CodeIgniter.php(918): App\Controllers\UserController->submit_complaint()
#2 E:\GrievanceSystem\system\CodeIgniter.php(404): CodeIgniter\CodeIgniter->runController(Object(App\Controllers\UserController))
#3 E:\GrievanceSystem\system\CodeIgniter.php(312): CodeIgniter\CodeIgniter->handleRequest(NULL, Object(Config\Cache), false)
#4 E:\GrievanceSystem\public\index.php(45): CodeIgniter\CodeIgniter->run()
#5 E:\GrievanceSystem\system\Commands\Server\rewrite.php(34): require_once('E:\\GrievanceSys...')
#6 {main}
CRITICAL - 2020-10-12 02:49:43 --> Undefined variable: request
#0 E:\GrievanceSystem\app\Controllers\UserController.php(32): CodeIgniter\Debug\Exceptions->errorHandler(8, 'Undefined varia...', 'E:\\GrievanceSys...', 32, Array)
#1 E:\GrievanceSystem\system\CodeIgniter.php(918): App\Controllers\UserController->submit_complaint()
#2 E:\GrievanceSystem\system\CodeIgniter.php(404): CodeIgniter\CodeIgniter->runController(Object(App\Controllers\UserController))
#3 E:\GrievanceSystem\system\CodeIgniter.php(312): CodeIgniter\CodeIgniter->handleRequest(NULL, Object(Config\Cache), false)
#4 E:\GrievanceSystem\public\index.php(45): CodeIgniter\CodeIgniter->run()
#5 E:\GrievanceSystem\system\Commands\Server\rewrite.php(34): require_once('E:\\GrievanceSys...')
#6 {main}
CRITICAL - 2020-10-12 02:52:07 --> Undefined variable: request
#0 E:\GrievanceSystem\app\Controllers\UserController.php(32): CodeIgniter\Debug\Exceptions->errorHandler(8, 'Undefined varia...', 'E:\\GrievanceSys...', 32, Array)
#1 E:\GrievanceSystem\system\CodeIgniter.php(918): App\Controllers\UserController->submit_complaint()
#2 E:\GrievanceSystem\system\CodeIgniter.php(404): CodeIgniter\CodeIgniter->runController(Object(App\Controllers\UserController))
#3 E:\GrievanceSystem\system\CodeIgniter.php(312): CodeIgniter\CodeIgniter->handleRequest(NULL, Object(Config\Cache), false)
#4 E:\GrievanceSystem\public\index.php(45): CodeIgniter\CodeIgniter->run()
#5 E:\GrievanceSystem\system\Commands\Server\rewrite.php(34): require_once('E:\\GrievanceSys...')
#6 {main}
