CRITICAL - 2020-10-27 04:05:22 --> Column 'Refer_To' cannot be null
#0 E:\GrievanceSystem\system\Database\MySQLi\Connection.php(331): mysqli->query('INSERT INTO `co...')
#1 E:\GrievanceSystem\system\Database\BaseConnection.php(741): CodeIgniter\Database\MySQLi\Connection->execute('INSERT INTO `co...')
#2 E:\GrievanceSystem\system\Database\BaseConnection.php(669): CodeIgniter\Database\BaseConnection->simpleQuery('INSERT INTO `co...')
#3 E:\GrievanceSystem\system\Database\BaseBuilder.php(2249): CodeIgniter\Database\BaseConnection->query('INSERT INTO `co...', Array, false)
#4 E:\GrievanceSystem\app\Models\show_complaint_model.php(143): CodeIgniter\Database\BaseBuilder->insert(Array)
#5 E:\GrievanceSystem\app\Controllers\DepartmentController.php(96): App\Models\show_complaint_model->Solved_the_Complaint(NULL, '', Object(CodeIgniter\I18n\Time), 4, '::1', 'GSUI00003', NULL)
#6 E:\GrievanceSystem\system\CodeIgniter.php(918): App\Controllers\DepartmentController->ComplaintSolved()
#7 E:\GrievanceSystem\system\CodeIgniter.php(404): CodeIgniter\CodeIgniter->runController(Object(App\Controllers\DepartmentController))
#8 E:\GrievanceSystem\system\CodeIgniter.php(312): CodeIgniter\CodeIgniter->handleRequest(NULL, Object(Config\Cache), false)
#9 E:\GrievanceSystem\public\index.php(45): CodeIgniter\CodeIgniter->run()
#10 E:\GrievanceSystem\system\Commands\Server\rewrite.php(34): require_once('E:\\GrievanceSys...')
#11 {main}
CRITICAL - 2020-10-27 04:27:44 --> syntax error, unexpected '}'
#0 E:\GrievanceSystem\system\Autoloader\Autoloader.php(296): CodeIgniter\Autoloader\Autoloader->requireFile('E:\\GrievanceSys...')
#1 E:\GrievanceSystem\system\Autoloader\Autoloader.php(258): CodeIgniter\Autoloader\Autoloader->loadInNamespace('App\\Controllers...')
#2 [internal function]: CodeIgniter\Autoloader\Autoloader->loadClass('App\\Controllers...')
#3 [internal function]: spl_autoload_call('App\\Controllers...')
#4 E:\GrievanceSystem\system\CodeIgniter.php(869): class_exists('\\App\\Controller...', true)
#5 E:\GrievanceSystem\system\CodeIgniter.php(394): CodeIgniter\CodeIgniter->startController()
#6 E:\GrievanceSystem\system\CodeIgniter.php(312): CodeIgniter\CodeIgniter->handleRequest(NULL, Object(Config\Cache), false)
#7 E:\GrievanceSystem\public\index.php(45): CodeIgniter\CodeIgniter->run()
#8 E:\GrievanceSystem\system\Commands\Server\rewrite.php(34): require_once('E:\\GrievanceSys...')
#9 {main}
CRITICAL - 2020-10-27 04:57:54 --> Column 'Refer_To' cannot be null
#0 E:\GrievanceSystem\system\Database\MySQLi\Connection.php(331): mysqli->query('INSERT INTO `co...')
#1 E:\GrievanceSystem\system\Database\BaseConnection.php(741): CodeIgniter\Database\MySQLi\Connection->execute('INSERT INTO `co...')
#2 E:\GrievanceSystem\system\Database\BaseConnection.php(669): CodeIgniter\Database\BaseConnection->simpleQuery('INSERT INTO `co...')
#3 E:\GrievanceSystem\system\Database\BaseBuilder.php(2249): CodeIgniter\Database\BaseConnection->query('INSERT INTO `co...', Array, false)
#4 E:\GrievanceSystem\app\Models\show_complaint_model.php(143): CodeIgniter\Database\BaseBuilder->insert(Array)
#5 E:\GrievanceSystem\app\Controllers\DepartmentController.php(96): App\Models\show_complaint_model->Solved_the_Complaint(NULL, '', Object(CodeIgniter\I18n\Time), 4, '::1', 'GSUI00003', NULL)
#6 E:\GrievanceSystem\system\CodeIgniter.php(918): App\Controllers\DepartmentController->ComplaintSolved()
#7 E:\GrievanceSystem\system\CodeIgniter.php(404): CodeIgniter\CodeIgniter->runController(Object(App\Controllers\DepartmentController))
#8 E:\GrievanceSystem\system\CodeIgniter.php(312): CodeIgniter\CodeIgniter->handleRequest(NULL, Object(Config\Cache), false)
#9 E:\GrievanceSystem\public\index.php(45): CodeIgniter\CodeIgniter->run()
#10 E:\GrievanceSystem\system\Commands\Server\rewrite.php(34): require_once('E:\\GrievanceSys...')
#11 {main}
CRITICAL - 2020-10-27 05:01:55 --> Undefined variable: Decision
#0 E:\GrievanceSystem\app\Controllers\DepartmentController.php(119): CodeIgniter\Debug\Exceptions->errorHandler(8, 'Undefined varia...', 'E:\\GrievanceSys...', 119, Array)
#1 E:\GrievanceSystem\system\CodeIgniter.php(918): App\Controllers\DepartmentController->TakeDecisionOnSolvedComplaint()
#2 E:\GrievanceSystem\system\CodeIgniter.php(404): CodeIgniter\CodeIgniter->runController(Object(App\Controllers\DepartmentController))
#3 E:\GrievanceSystem\system\CodeIgniter.php(312): CodeIgniter\CodeIgniter->handleRequest(NULL, Object(Config\Cache), false)
#4 E:\GrievanceSystem\public\index.php(45): CodeIgniter\CodeIgniter->run()
#5 E:\GrievanceSystem\system\Commands\Server\rewrite.php(34): require_once('E:\\GrievanceSys...')
#6 {main}
CRITICAL - 2020-10-27 05:24:46 --> Undefined index: Refer_From
#0 E:\GrievanceSystem\app\Controllers\DepartmentController.php(129): CodeIgniter\Debug\Exceptions->errorHandler(8, 'Undefined index...', 'E:\\GrievanceSys...', 129, Array)
#1 E:\GrievanceSystem\system\CodeIgniter.php(918): App\Controllers\DepartmentController->TakeDecisionOnSolvedComplaint()
#2 E:\GrievanceSystem\system\CodeIgniter.php(404): CodeIgniter\CodeIgniter->runController(Object(App\Controllers\DepartmentController))
#3 E:\GrievanceSystem\system\CodeIgniter.php(312): CodeIgniter\CodeIgniter->handleRequest(NULL, Object(Config\Cache), false)
#4 E:\GrievanceSystem\public\index.php(45): CodeIgniter\CodeIgniter->run()
#5 E:\GrievanceSystem\system\Commands\Server\rewrite.php(34): require_once('E:\\GrievanceSys...')
#6 {main}
CRITICAL - 2020-10-27 05:27:16 --> Undefined variable: User_Id
#0 E:\GrievanceSystem\app\Models\show_complaint_model.php(185): CodeIgniter\Debug\Exceptions->errorHandler(8, 'Undefined varia...', 'E:\\GrievanceSys...', 185, Array)
#1 E:\GrievanceSystem\app\Controllers\DepartmentController.php(137): App\Models\show_complaint_model->Approve_Or_DisApproved_By_TeamLeader('CT2020102600001', 'GSUI00003', Object(CodeIgniter\I18n\Time), '::1', 'GSUI00006', 3, 'sklfhs fsighsdl...')
#2 E:\GrievanceSystem\system\CodeIgniter.php(918): App\Controllers\DepartmentController->TakeDecisionOnSolvedComplaint()
#3 E:\GrievanceSystem\system\CodeIgniter.php(404): CodeIgniter\CodeIgniter->runController(Object(App\Controllers\DepartmentController))
#4 E:\GrievanceSystem\system\CodeIgniter.php(312): CodeIgniter\CodeIgniter->handleRequest(NULL, Object(Config\Cache), false)
#5 E:\GrievanceSystem\public\index.php(45): CodeIgniter\CodeIgniter->run()
#6 E:\GrievanceSystem\system\Commands\Server\rewrite.php(34): require_once('E:\\GrievanceSys...')
#7 {main}
