CRITICAL - 2020-10-15 02:37:06 --> syntax error, unexpected '}', expecting variable (T_VARIABLE) or '{' or '$'
#0 E:\GrievanceSystem\system\Autoloader\Autoloader.php(296): CodeIgniter\Autoloader\Autoloader->requireFile('E:\\GrievanceSys...')
#1 E:\GrievanceSystem\system\Autoloader\Autoloader.php(258): CodeIgniter\Autoloader\Autoloader->loadInNamespace('App\\Controllers...')
#2 [internal function]: CodeIgniter\Autoloader\Autoloader->loadClass('App\\Controllers...')
#3 [internal function]: spl_autoload_call('App\\Controllers...')
#4 E:\GrievanceSystem\system\CodeIgniter.php(869): class_exists('\\App\\Controller...', true)
#5 E:\GrievanceSystem\system\CodeIgniter.php(394): CodeIgniter\CodeIgniter->startController()
#6 E:\GrievanceSystem\system\CodeIgniter.php(312): CodeIgniter\CodeIgniter->handleRequest(NULL, Object(Config\Cache), false)
#7 E:\GrievanceSystem\public\index.php(45): CodeIgniter\CodeIgniter->run()
#8 E:\GrievanceSystem\system\Commands\Server\rewrite.php(34): require_once('E:\\GrievanceSys...')
#9 {main}
CRITICAL - 2020-10-15 05:07:20 --> Undefined variable: user_id
#0 E:\GrievanceSystem\app\Models\register_model.php(13): CodeIgniter\Debug\Exceptions->errorHandler(8, 'Undefined varia...', 'E:\\GrievanceSys...', 13, Array)
#1 E:\GrievanceSystem\app\Controllers\HomeController.php(51): App\Models\register_model->Register_User('GSUI00001', NULL, NULL, NULL, NULL, NULL, NULL, NULL, NULL, NULL)
#2 E:\GrievanceSystem\system\CodeIgniter.php(918): App\Controllers\HomeController->Register()
#3 E:\GrievanceSystem\system\CodeIgniter.php(404): CodeIgniter\CodeIgniter->runController(Object(App\Controllers\HomeController))
#4 E:\GrievanceSystem\system\CodeIgniter.php(312): CodeIgniter\CodeIgniter->handleRequest(NULL, Object(Config\Cache), false)
#5 E:\GrievanceSystem\public\index.php(45): CodeIgniter\CodeIgniter->run()
#6 E:\GrievanceSystem\system\Commands\Server\rewrite.php(34): require_once('E:\\GrievanceSys...')
#7 {main}
CRITICAL - 2020-10-15 05:11:07 --> Undefined variable: user_id
#0 E:\GrievanceSystem\app\Models\register_model.php(13): CodeIgniter\Debug\Exceptions->errorHandler(8, 'Undefined varia...', 'E:\\GrievanceSys...', 13, Array)
#1 E:\GrievanceSystem\app\Controllers\HomeController.php(51): App\Models\register_model->Register_User('GSUI00001', NULL, NULL, NULL, NULL, NULL, NULL, NULL, NULL, NULL)
#2 E:\GrievanceSystem\system\CodeIgniter.php(918): App\Controllers\HomeController->Register()
#3 E:\GrievanceSystem\system\CodeIgniter.php(404): CodeIgniter\CodeIgniter->runController(Object(App\Controllers\HomeController))
#4 E:\GrievanceSystem\system\CodeIgniter.php(312): CodeIgniter\CodeIgniter->handleRequest(NULL, Object(Config\Cache), false)
#5 E:\GrievanceSystem\public\index.php(45): CodeIgniter\CodeIgniter->run()
#6 E:\GrievanceSystem\system\Commands\Server\rewrite.php(34): require_once('E:\\GrievanceSys...')
#7 {main}
CRITICAL - 2020-10-15 05:14:02 --> Undefined variable: userId
#0 E:\GrievanceSystem\app\Models\register_model.php(13): CodeIgniter\Debug\Exceptions->errorHandler(8, 'Undefined varia...', 'E:\\GrievanceSys...', 13, Array)
#1 E:\GrievanceSystem\app\Controllers\HomeController.php(51): App\Models\register_model->Register_User('GSUI00001', NULL, NULL, NULL, NULL, NULL, NULL, NULL, NULL, NULL)
#2 E:\GrievanceSystem\system\CodeIgniter.php(918): App\Controllers\HomeController->Register()
#3 E:\GrievanceSystem\system\CodeIgniter.php(404): CodeIgniter\CodeIgniter->runController(Object(App\Controllers\HomeController))
#4 E:\GrievanceSystem\system\CodeIgniter.php(312): CodeIgniter\CodeIgniter->handleRequest(NULL, Object(Config\Cache), false)
#5 E:\GrievanceSystem\public\index.php(45): CodeIgniter\CodeIgniter->run()
#6 E:\GrievanceSystem\system\Commands\Server\rewrite.php(34): require_once('E:\\GrievanceSys...')
#7 {main}
CRITICAL - 2020-10-15 05:16:06 --> Column 'Name' cannot be null
#0 E:\GrievanceSystem\system\Database\MySQLi\Connection.php(331): mysqli->query('INSERT INTO `us...')
#1 E:\GrievanceSystem\system\Database\BaseConnection.php(741): CodeIgniter\Database\MySQLi\Connection->execute('INSERT INTO `us...')
#2 E:\GrievanceSystem\system\Database\BaseConnection.php(669): CodeIgniter\Database\BaseConnection->simpleQuery('INSERT INTO `us...')
#3 E:\GrievanceSystem\system\Database\BaseBuilder.php(2249): CodeIgniter\Database\BaseConnection->query('INSERT INTO `us...', Array, false)
#4 E:\GrievanceSystem\app\Models\register_model.php(17): CodeIgniter\Database\BaseBuilder->insert(Array)
#5 E:\GrievanceSystem\app\Controllers\HomeController.php(51): App\Models\register_model->Register_User('GSUI00001', NULL, NULL, NULL, NULL, NULL, NULL, NULL, NULL, NULL)
#6 E:\GrievanceSystem\system\CodeIgniter.php(918): App\Controllers\HomeController->Register()
#7 E:\GrievanceSystem\system\CodeIgniter.php(404): CodeIgniter\CodeIgniter->runController(Object(App\Controllers\HomeController))
#8 E:\GrievanceSystem\system\CodeIgniter.php(312): CodeIgniter\CodeIgniter->handleRequest(NULL, Object(Config\Cache), false)
#9 E:\GrievanceSystem\public\index.php(45): CodeIgniter\CodeIgniter->run()
#10 E:\GrievanceSystem\system\Commands\Server\rewrite.php(34): require_once('E:\\GrievanceSys...')
#11 {main}
CRITICAL - 2020-10-15 05:37:29 --> Column 'Name' cannot be null
#0 E:\GrievanceSystem\system\Database\MySQLi\Connection.php(331): mysqli->query('INSERT INTO `us...')
#1 E:\GrievanceSystem\system\Database\BaseConnection.php(741): CodeIgniter\Database\MySQLi\Connection->execute('INSERT INTO `us...')
#2 E:\GrievanceSystem\system\Database\BaseConnection.php(669): CodeIgniter\Database\BaseConnection->simpleQuery('INSERT INTO `us...')
#3 E:\GrievanceSystem\system\Database\BaseBuilder.php(2249): CodeIgniter\Database\BaseConnection->query('INSERT INTO `us...', Array, false)
#4 E:\GrievanceSystem\app\Models\register_model.php(17): CodeIgniter\Database\BaseBuilder->insert(Array)
#5 E:\GrievanceSystem\app\Controllers\HomeController.php(51): App\Models\register_model->Register_User('GSUI00001', NULL, NULL, NULL, NULL, NULL, NULL, NULL, NULL, NULL)
#6 E:\GrievanceSystem\system\CodeIgniter.php(918): App\Controllers\HomeController->Register()
#7 E:\GrievanceSystem\system\CodeIgniter.php(404): CodeIgniter\CodeIgniter->runController(Object(App\Controllers\HomeController))
#8 E:\GrievanceSystem\system\CodeIgniter.php(312): CodeIgniter\CodeIgniter->handleRequest(NULL, Object(Config\Cache), false)
#9 E:\GrievanceSystem\public\index.php(45): CodeIgniter\CodeIgniter->run()
#10 E:\GrievanceSystem\system\Commands\Server\rewrite.php(34): require_once('E:\\GrievanceSys...')
#11 {main}
CRITICAL - 2020-10-15 05:38:31 --> Column 'Name' cannot be null
#0 E:\GrievanceSystem\system\Database\MySQLi\Connection.php(331): mysqli->query('INSERT INTO `us...')
#1 E:\GrievanceSystem\system\Database\BaseConnection.php(741): CodeIgniter\Database\MySQLi\Connection->execute('INSERT INTO `us...')
#2 E:\GrievanceSystem\system\Database\BaseConnection.php(669): CodeIgniter\Database\BaseConnection->simpleQuery('INSERT INTO `us...')
#3 E:\GrievanceSystem\system\Database\BaseBuilder.php(2249): CodeIgniter\Database\BaseConnection->query('INSERT INTO `us...', Array, false)
#4 E:\GrievanceSystem\app\Models\register_model.php(17): CodeIgniter\Database\BaseBuilder->insert(Array)
#5 E:\GrievanceSystem\app\Controllers\HomeController.php(51): App\Models\register_model->Register_User('GSUI00001', NULL, NULL, NULL, NULL, NULL, NULL, NULL, NULL, NULL)
#6 E:\GrievanceSystem\system\CodeIgniter.php(918): App\Controllers\HomeController->Register()
#7 E:\GrievanceSystem\system\CodeIgniter.php(404): CodeIgniter\CodeIgniter->runController(Object(App\Controllers\HomeController))
#8 E:\GrievanceSystem\system\CodeIgniter.php(312): CodeIgniter\CodeIgniter->handleRequest(NULL, Object(Config\Cache), false)
#9 E:\GrievanceSystem\public\index.php(45): CodeIgniter\CodeIgniter->run()
#10 E:\GrievanceSystem\system\Commands\Server\rewrite.php(34): require_once('E:\\GrievanceSys...')
#11 {main}
CRITICAL - 2020-10-15 05:39:16 --> Column 'Name' cannot be null
#0 E:\GrievanceSystem\system\Database\MySQLi\Connection.php(331): mysqli->query('INSERT INTO `us...')
#1 E:\GrievanceSystem\system\Database\BaseConnection.php(741): CodeIgniter\Database\MySQLi\Connection->execute('INSERT INTO `us...')
#2 E:\GrievanceSystem\system\Database\BaseConnection.php(669): CodeIgniter\Database\BaseConnection->simpleQuery('INSERT INTO `us...')
#3 E:\GrievanceSystem\system\Database\BaseBuilder.php(2249): CodeIgniter\Database\BaseConnection->query('INSERT INTO `us...', Array, false)
#4 E:\GrievanceSystem\app\Models\register_model.php(17): CodeIgniter\Database\BaseBuilder->insert(Array)
#5 E:\GrievanceSystem\app\Controllers\HomeController.php(51): App\Models\register_model->Register_User('GSUI00001', NULL, NULL, NULL, NULL, NULL, NULL, NULL, NULL, NULL)
#6 E:\GrievanceSystem\system\CodeIgniter.php(918): App\Controllers\HomeController->Register()
#7 E:\GrievanceSystem\system\CodeIgniter.php(404): CodeIgniter\CodeIgniter->runController(Object(App\Controllers\HomeController))
#8 E:\GrievanceSystem\system\CodeIgniter.php(312): CodeIgniter\CodeIgniter->handleRequest(NULL, Object(Config\Cache), false)
#9 E:\GrievanceSystem\public\index.php(45): CodeIgniter\CodeIgniter->run()
#10 E:\GrievanceSystem\system\Commands\Server\rewrite.php(34): require_once('E:\\GrievanceSys...')
#11 {main}
CRITICAL - 2020-10-15 05:42:22 --> Column 'Gender_Id' cannot be null
#0 E:\GrievanceSystem\system\Database\MySQLi\Connection.php(331): mysqli->query('INSERT INTO `us...')
#1 E:\GrievanceSystem\system\Database\BaseConnection.php(741): CodeIgniter\Database\MySQLi\Connection->execute('INSERT INTO `us...')
#2 E:\GrievanceSystem\system\Database\BaseConnection.php(669): CodeIgniter\Database\BaseConnection->simpleQuery('INSERT INTO `us...')
#3 E:\GrievanceSystem\system\Database\BaseBuilder.php(2249): CodeIgniter\Database\BaseConnection->query('INSERT INTO `us...', Array, false)
#4 E:\GrievanceSystem\app\Models\register_model.php(17): CodeIgniter\Database\BaseBuilder->insert(Array)
#5 E:\GrievanceSystem\app\Controllers\HomeController.php(51): App\Models\register_model->Register_User('GSUI00001', 'Bhupendra Sahu', '9977091530', NULL, 'press', 'net', 'press', 'press', 'kjasgfk shfsh i...', '123456')
#6 E:\GrievanceSystem\system\CodeIgniter.php(918): App\Controllers\HomeController->Register()
#7 E:\GrievanceSystem\system\CodeIgniter.php(404): CodeIgniter\CodeIgniter->runController(Object(App\Controllers\HomeController))
#8 E:\GrievanceSystem\system\CodeIgniter.php(312): CodeIgniter\CodeIgniter->handleRequest(NULL, Object(Config\Cache), false)
#9 E:\GrievanceSystem\public\index.php(45): CodeIgniter\CodeIgniter->run()
#10 E:\GrievanceSystem\system\Commands\Server\rewrite.php(34): require_once('E:\\GrievanceSys...')
#11 {main}
CRITICAL - 2020-10-15 05:43:57 --> Column 'Gender_Id' cannot be null
#0 E:\GrievanceSystem\system\Database\MySQLi\Connection.php(331): mysqli->query('INSERT INTO `us...')
#1 E:\GrievanceSystem\system\Database\BaseConnection.php(741): CodeIgniter\Database\MySQLi\Connection->execute('INSERT INTO `us...')
#2 E:\GrievanceSystem\system\Database\BaseConnection.php(669): CodeIgniter\Database\BaseConnection->simpleQuery('INSERT INTO `us...')
#3 E:\GrievanceSystem\system\Database\BaseBuilder.php(2249): CodeIgniter\Database\BaseConnection->query('INSERT INTO `us...', Array, false)
#4 E:\GrievanceSystem\app\Models\register_model.php(17): CodeIgniter\Database\BaseBuilder->insert(Array)
#5 E:\GrievanceSystem\app\Controllers\HomeController.php(51): App\Models\register_model->Register_User('GSUI00001', 'Bhupendra Sahu', '9977091530', NULL, '1', '1', '1', '1', 'fdgd sdgsd sdsd...', '123456')
#6 E:\GrievanceSystem\system\CodeIgniter.php(918): App\Controllers\HomeController->Register()
#7 E:\GrievanceSystem\system\CodeIgniter.php(404): CodeIgniter\CodeIgniter->runController(Object(App\Controllers\HomeController))
#8 E:\GrievanceSystem\system\CodeIgniter.php(312): CodeIgniter\CodeIgniter->handleRequest(NULL, Object(Config\Cache), false)
#9 E:\GrievanceSystem\public\index.php(45): CodeIgniter\CodeIgniter->run()
#10 E:\GrievanceSystem\system\Commands\Server\rewrite.php(34): require_once('E:\\GrievanceSys...')
#11 {main}
CRITICAL - 2020-10-15 05:50:15 -->  route cannot be found while reverse-routing.
#0 E:\GrievanceSystem\system\HTTP\RedirectResponse.php(92): CodeIgniter\HTTP\Exceptions\HTTPException::forInvalidRedirectRoute('')
#1 E:\GrievanceSystem\system\Common.php(845): CodeIgniter\HTTP\RedirectResponse->route(false)
#2 E:\GrievanceSystem\app\Controllers\HomeController.php(56): redirect('complaint')
#3 E:\GrievanceSystem\system\CodeIgniter.php(918): App\Controllers\HomeController->Register()
#4 E:\GrievanceSystem\system\CodeIgniter.php(404): CodeIgniter\CodeIgniter->runController(Object(App\Controllers\HomeController))
#5 E:\GrievanceSystem\system\CodeIgniter.php(312): CodeIgniter\CodeIgniter->handleRequest(NULL, Object(Config\Cache), false)
#6 E:\GrievanceSystem\public\index.php(45): CodeIgniter\CodeIgniter->run()
#7 E:\GrievanceSystem\system\Commands\Server\rewrite.php(34): require_once('E:\\GrievanceSys...')
#8 {main}
CRITICAL - 2020-10-15 05:53:24 --> Duplicate entry '87367' for key 'PRIMARY'
#0 E:\GrievanceSystem\system\Database\MySQLi\Connection.php(331): mysqli->query('INSERT INTO `lo...')
#1 E:\GrievanceSystem\system\Database\BaseConnection.php(741): CodeIgniter\Database\MySQLi\Connection->execute('INSERT INTO `lo...')
#2 E:\GrievanceSystem\system\Database\BaseConnection.php(669): CodeIgniter\Database\BaseConnection->simpleQuery('INSERT INTO `lo...')
#3 E:\GrievanceSystem\system\Database\BaseBuilder.php(2249): CodeIgniter\Database\BaseConnection->query('INSERT INTO `lo...', Array, false)
#4 E:\GrievanceSystem\app\Models\register_model.php(18): CodeIgniter\Database\BaseBuilder->insert(Array)
#5 E:\GrievanceSystem\app\Controllers\HomeController.php(52): App\Models\register_model->Register_User('GSUI00002', 'sdf', '87367', '1', '1', '1', '1', '1', 'sfsd sfsdaf sfs...', '12345678')
#6 E:\GrievanceSystem\system\CodeIgniter.php(918): App\Controllers\HomeController->Register()
#7 E:\GrievanceSystem\system\CodeIgniter.php(404): CodeIgniter\CodeIgniter->runController(Object(App\Controllers\HomeController))
#8 E:\GrievanceSystem\system\CodeIgniter.php(312): CodeIgniter\CodeIgniter->handleRequest(NULL, Object(Config\Cache), false)
#9 E:\GrievanceSystem\public\index.php(45): CodeIgniter\CodeIgniter->run()
#10 E:\GrievanceSystem\system\Commands\Server\rewrite.php(34): require_once('E:\\GrievanceSys...')
#11 {main}
CRITICAL - 2020-10-15 06:26:45 --> Undefined variable: builder
#0 E:\GrievanceSystem\app\Models\login_model.php(14): CodeIgniter\Debug\Exceptions->errorHandler(8, 'Undefined varia...', 'E:\\GrievanceSys...', 14, Array)
#1 E:\GrievanceSystem\app\Controllers\HomeController.php(26): App\Models\login_model->Login_User('9977091530', '12345')
#2 E:\GrievanceSystem\system\CodeIgniter.php(918): App\Controllers\HomeController->Login()
#3 E:\GrievanceSystem\system\CodeIgniter.php(404): CodeIgniter\CodeIgniter->runController(Object(App\Controllers\HomeController))
#4 E:\GrievanceSystem\system\CodeIgniter.php(312): CodeIgniter\CodeIgniter->handleRequest(NULL, Object(Config\Cache), false)
#5 E:\GrievanceSystem\public\index.php(45): CodeIgniter\CodeIgniter->run()
#6 E:\GrievanceSystem\system\Commands\Server\rewrite.php(34): require_once('E:\\GrievanceSys...')
#7 {main}
CRITICAL - 2020-10-15 06:30:10 --> Call to undefined method CodeIgniter\Database\MySQLi\Result::num_rows()
#0 E:\GrievanceSystem\app\Controllers\HomeController.php(26): App\Models\login_model->Login_User('9977091530', '123456')
#1 E:\GrievanceSystem\system\CodeIgniter.php(918): App\Controllers\HomeController->Login()
#2 E:\GrievanceSystem\system\CodeIgniter.php(404): CodeIgniter\CodeIgniter->runController(Object(App\Controllers\HomeController))
#3 E:\GrievanceSystem\system\CodeIgniter.php(312): CodeIgniter\CodeIgniter->handleRequest(NULL, Object(Config\Cache), false)
#4 E:\GrievanceSystem\public\index.php(45): CodeIgniter\CodeIgniter->run()
#5 E:\GrievanceSystem\system\Commands\Server\rewrite.php(34): require_once('E:\\GrievanceSys...')
#6 {main}
CRITICAL - 2020-10-15 06:36:05 --> Call to undefined function App\Controllers\redirec()
#0 E:\GrievanceSystem\system\CodeIgniter.php(918): App\Controllers\HomeController->Login()
#1 E:\GrievanceSystem\system\CodeIgniter.php(404): CodeIgniter\CodeIgniter->runController(Object(App\Controllers\HomeController))
#2 E:\GrievanceSystem\system\CodeIgniter.php(312): CodeIgniter\CodeIgniter->handleRequest(NULL, Object(Config\Cache), false)
#3 E:\GrievanceSystem\public\index.php(45): CodeIgniter\CodeIgniter->run()
#4 E:\GrievanceSystem\system\Commands\Server\rewrite.php(34): require_once('E:\\GrievanceSys...')
#5 {main}
CRITICAL - 2020-10-15 06:36:47 --> Call to undefined function App\Controllers\redirec()
#0 E:\GrievanceSystem\system\CodeIgniter.php(918): App\Controllers\HomeController->Login()
#1 E:\GrievanceSystem\system\CodeIgniter.php(404): CodeIgniter\CodeIgniter->runController(Object(App\Controllers\HomeController))
#2 E:\GrievanceSystem\system\CodeIgniter.php(312): CodeIgniter\CodeIgniter->handleRequest(NULL, Object(Config\Cache), false)
#3 E:\GrievanceSystem\public\index.php(45): CodeIgniter\CodeIgniter->run()
#4 E:\GrievanceSystem\system\Commands\Server\rewrite.php(34): require_once('E:\\GrievanceSys...')
#5 {main}
