CRITICAL - 2020-11-17 00:06:36 --> Operand should contain 1 column(s)
#0 E:\GrievanceSystem\system\Database\MySQLi\Connection.php(331): mysqli->query('INSERT INTO `co...')
#1 E:\GrievanceSystem\system\Database\BaseConnection.php(741): CodeIgniter\Database\MySQLi\Connection->execute('INSERT INTO `co...')
#2 E:\GrievanceSystem\system\Database\BaseConnection.php(669): CodeIgniter\Database\BaseConnection->simpleQuery('INSERT INTO `co...')
#3 E:\GrievanceSystem\system\Database\BaseBuilder.php(2249): CodeIgniter\Database\BaseConnection->query('INSERT INTO `co...', Array, false)
#4 E:\GrievanceSystem\app\Models\complaint_model.php(17): CodeIgniter\Database\BaseBuilder->insert(Array)
#5 E:\GrievanceSystem\app\Controllers\UserController.php(109): App\Models\complaint_model->Register_Complaint('CT2020111700005', '1', '1', Array, '', 'jks isfhiashf i...', 1, Object(CodeIgniter\I18n\Time), '::1', 'GSUI00005', 2)
#6 E:\GrievanceSystem\system\CodeIgniter.php(918): App\Controllers\UserController->submit_complaint()
#7 E:\GrievanceSystem\system\CodeIgniter.php(404): CodeIgniter\CodeIgniter->runController(Object(App\Controllers\UserController))
#8 E:\GrievanceSystem\system\CodeIgniter.php(312): CodeIgniter\CodeIgniter->handleRequest(NULL, Object(Config\Cache), false)
#9 E:\GrievanceSystem\public\index.php(45): CodeIgniter\CodeIgniter->run()
#10 E:\GrievanceSystem\system\Commands\Server\rewrite.php(34): require_once('E:\\GrievanceSys...')
#11 {main}
CRITICAL - 2020-11-17 00:18:06 --> You have an error in your SQL syntax; check the manual that corresponds to your MariaDB server version for the right syntax to use near ' `Complaint_Status`, `Insertion`, `Ip_Address`, `User_Id`) VALUES ('CT2020111700' at line 1
#0 E:\GrievanceSystem\system\Database\MySQLi\Connection.php(331): mysqli->query('INSERT INTO `co...')
#1 E:\GrievanceSystem\system\Database\BaseConnection.php(741): CodeIgniter\Database\MySQLi\Connection->execute('INSERT INTO `co...')
#2 E:\GrievanceSystem\system\Database\BaseConnection.php(669): CodeIgniter\Database\BaseConnection->simpleQuery('INSERT INTO `co...')
#3 E:\GrievanceSystem\system\Database\BaseBuilder.php(2249): CodeIgniter\Database\BaseConnection->query('INSERT INTO `co...', Array, false)
#4 E:\GrievanceSystem\app\Models\complaint_model.php(17): CodeIgniter\Database\BaseBuilder->insert(Array)
#5 E:\GrievanceSystem\app\Controllers\UserController.php(112): App\Models\complaint_model->Register_Complaint('CT2020111700001', '1', '1', 'Laptop.jpg', 'image/jpeg', '', 'jkdsh fsafoashf...', 1, Object(CodeIgniter\I18n\Time), '::1', 'GSUI00005', 2)
#6 E:\GrievanceSystem\system\CodeIgniter.php(918): App\Controllers\UserController->submit_complaint()
#7 E:\GrievanceSystem\system\CodeIgniter.php(404): CodeIgniter\CodeIgniter->runController(Object(App\Controllers\UserController))
#8 E:\GrievanceSystem\system\CodeIgniter.php(312): CodeIgniter\CodeIgniter->handleRequest(NULL, Object(Config\Cache), false)
#9 E:\GrievanceSystem\public\index.php(45): CodeIgniter\CodeIgniter->run()
#10 E:\GrievanceSystem\system\Commands\Server\rewrite.php(34): require_once('E:\\GrievanceSys...')
#11 {main}
CRITICAL - 2020-11-17 00:41:34 --> Undefined variable: Upload_Img_Vdo
#0 E:\GrievanceSystem\app\Controllers\UserController.php(106): CodeIgniter\Debug\Exceptions->errorHandler(8, 'Undefined varia...', 'E:\\GrievanceSys...', 106, Array)
#1 E:\GrievanceSystem\system\CodeIgniter.php(918): App\Controllers\UserController->submit_complaint()
#2 E:\GrievanceSystem\system\CodeIgniter.php(404): CodeIgniter\CodeIgniter->runController(Object(App\Controllers\UserController))
#3 E:\GrievanceSystem\system\CodeIgniter.php(312): CodeIgniter\CodeIgniter->handleRequest(NULL, Object(Config\Cache), false)
#4 E:\GrievanceSystem\public\index.php(45): CodeIgniter\CodeIgniter->run()
#5 E:\GrievanceSystem\system\Commands\Server\rewrite.php(34): require_once('E:\\GrievanceSys...')
#6 {main}
CRITICAL - 2020-11-17 00:46:00 --> Undefined variable: Upload_Img_Vdo
#0 E:\GrievanceSystem\app\Controllers\UserController.php(109): CodeIgniter\Debug\Exceptions->errorHandler(8, 'Undefined varia...', 'E:\\GrievanceSys...', 109, Array)
#1 E:\GrievanceSystem\system\CodeIgniter.php(918): App\Controllers\UserController->submit_complaint()
#2 E:\GrievanceSystem\system\CodeIgniter.php(404): CodeIgniter\CodeIgniter->runController(Object(App\Controllers\UserController))
#3 E:\GrievanceSystem\system\CodeIgniter.php(312): CodeIgniter\CodeIgniter->handleRequest(NULL, Object(Config\Cache), false)
#4 E:\GrievanceSystem\public\index.php(45): CodeIgniter\CodeIgniter->run()
#5 E:\GrievanceSystem\system\Commands\Server\rewrite.php(34): require_once('E:\\GrievanceSys...')
#6 {main}
CRITICAL - 2020-11-17 04:38:32 --> Undefined index: 
#0 E:\GrievanceSystem\app\Views\Admin\ShowComplaint.php(55): CodeIgniter\Debug\Exceptions->errorHandler(8, 'Undefined index...', 'E:\\GrievanceSys...', 55, Array)
#1 E:\GrievanceSystem\system\View\View.php(246): include('E:\\GrievanceSys...')
#2 E:\GrievanceSystem\system\Common.php(1119): CodeIgniter\View\View->render('admin/showcompl...', Array, true)
#3 E:\GrievanceSystem\app\Controllers\AdminController.php(215): view('admin/showcompl...', Array)
#4 E:\GrievanceSystem\app\Controllers\AdminController.php(62): App\Controllers\AdminController->render_view('showcomplaint', Array)
#5 E:\GrievanceSystem\system\CodeIgniter.php(918): App\Controllers\AdminController->ShowComplaint()
#6 E:\GrievanceSystem\system\CodeIgniter.php(404): CodeIgniter\CodeIgniter->runController(Object(App\Controllers\AdminController))
#7 E:\GrievanceSystem\system\CodeIgniter.php(312): CodeIgniter\CodeIgniter->handleRequest(NULL, Object(Config\Cache), false)
#8 E:\GrievanceSystem\public\index.php(45): CodeIgniter\CodeIgniter->run()
#9 E:\GrievanceSystem\system\Commands\Server\rewrite.php(34): require_once('E:\\GrievanceSys...')
#10 {main}
CRITICAL - 2020-11-17 05:56:13 --> Undefined variable: validated_Img
#0 E:\GrievanceSystem\app\Controllers\UserController.php(97): CodeIgniter\Debug\Exceptions->errorHandler(8, 'Undefined varia...', 'E:\\GrievanceSys...', 97, Array)
#1 E:\GrievanceSystem\system\CodeIgniter.php(918): App\Controllers\UserController->submit_complaint()
#2 E:\GrievanceSystem\system\CodeIgniter.php(404): CodeIgniter\CodeIgniter->runController(Object(App\Controllers\UserController))
#3 E:\GrievanceSystem\system\CodeIgniter.php(312): CodeIgniter\CodeIgniter->handleRequest(NULL, Object(Config\Cache), false)
#4 E:\GrievanceSystem\public\index.php(45): CodeIgniter\CodeIgniter->run()
#5 E:\GrievanceSystem\system\Commands\Server\rewrite.php(34): require_once('E:\\GrievanceSys...')
#6 {main}
CRITICAL - 2020-11-17 06:08:52 --> Use of undefined constant validated_Img - assumed 'validated_Img' (this will throw an Error in a future version of PHP)
#0 E:\GrievanceSystem\app\Controllers\UserController.php(127): CodeIgniter\Debug\Exceptions->errorHandler(2, 'Use of undefine...', 'E:\\GrievanceSys...', 127, Array)
#1 E:\GrievanceSystem\system\CodeIgniter.php(918): App\Controllers\UserController->submit_complaint()
#2 E:\GrievanceSystem\system\CodeIgniter.php(404): CodeIgniter\CodeIgniter->runController(Object(App\Controllers\UserController))
#3 E:\GrievanceSystem\system\CodeIgniter.php(312): CodeIgniter\CodeIgniter->handleRequest(NULL, Object(Config\Cache), false)
#4 E:\GrievanceSystem\public\index.php(45): CodeIgniter\CodeIgniter->run()
#5 E:\GrievanceSystem\system\Commands\Server\rewrite.php(34): require_once('E:\\GrievanceSys...')
#6 {main}
CRITICAL - 2020-11-17 06:14:07 --> Cannot access protected property CodeIgniter\HTTP\Files\UploadedFile::$originalName
#0 E:\GrievanceSystem\system\CodeIgniter.php(918): App\Controllers\UserController->submit_complaint()
#1 E:\GrievanceSystem\system\CodeIgniter.php(404): CodeIgniter\CodeIgniter->runController(Object(App\Controllers\UserController))
#2 E:\GrievanceSystem\system\CodeIgniter.php(312): CodeIgniter\CodeIgniter->handleRequest(NULL, Object(Config\Cache), false)
#3 E:\GrievanceSystem\public\index.php(45): CodeIgniter\CodeIgniter->run()
#4 E:\GrievanceSystem\system\Commands\Server\rewrite.php(34): require_once('E:\\GrievanceSys...')
#5 {main}
CRITICAL - 2020-11-17 06:16:36 --> Undefined variable: msg
#0 E:\GrievanceSystem\app\Controllers\UserController.php(154): CodeIgniter\Debug\Exceptions->errorHandler(8, 'Undefined varia...', 'E:\\GrievanceSys...', 154, Array)
#1 E:\GrievanceSystem\system\CodeIgniter.php(918): App\Controllers\UserController->submit_complaint()
#2 E:\GrievanceSystem\system\CodeIgniter.php(404): CodeIgniter\CodeIgniter->runController(Object(App\Controllers\UserController))
#3 E:\GrievanceSystem\system\CodeIgniter.php(312): CodeIgniter\CodeIgniter->handleRequest(NULL, Object(Config\Cache), false)
#4 E:\GrievanceSystem\public\index.php(45): CodeIgniter\CodeIgniter->run()
#5 E:\GrievanceSystem\system\Commands\Server\rewrite.php(34): require_once('E:\\GrievanceSys...')
#6 {main}
CRITICAL - 2020-11-17 06:27:11 --> syntax error, unexpected ';'
#0 E:\GrievanceSystem\system\Autoloader\Autoloader.php(296): CodeIgniter\Autoloader\Autoloader->requireFile('E:\\GrievanceSys...')
#1 E:\GrievanceSystem\system\Autoloader\Autoloader.php(258): CodeIgniter\Autoloader\Autoloader->loadInNamespace('App\\Controllers...')
#2 [internal function]: CodeIgniter\Autoloader\Autoloader->loadClass('App\\Controllers...')
#3 [internal function]: spl_autoload_call('App\\Controllers...')
#4 E:\GrievanceSystem\system\CodeIgniter.php(869): class_exists('\\App\\Controller...', true)
#5 E:\GrievanceSystem\system\CodeIgniter.php(394): CodeIgniter\CodeIgniter->startController()
#6 E:\GrievanceSystem\system\CodeIgniter.php(312): CodeIgniter\CodeIgniter->handleRequest(NULL, Object(Config\Cache), false)
#7 E:\GrievanceSystem\public\index.php(45): CodeIgniter\CodeIgniter->run()
#8 E:\GrievanceSystem\system\Commands\Server\rewrite.php(34): require_once('E:\\GrievanceSys...')
#9 {main}
CRITICAL - 2020-11-17 06:27:14 --> syntax error, unexpected ';'
#0 E:\GrievanceSystem\system\Autoloader\Autoloader.php(296): CodeIgniter\Autoloader\Autoloader->requireFile('E:\\GrievanceSys...')
#1 E:\GrievanceSystem\system\Autoloader\Autoloader.php(258): CodeIgniter\Autoloader\Autoloader->loadInNamespace('App\\Controllers...')
#2 [internal function]: CodeIgniter\Autoloader\Autoloader->loadClass('App\\Controllers...')
#3 [internal function]: spl_autoload_call('App\\Controllers...')
#4 E:\GrievanceSystem\system\CodeIgniter.php(869): class_exists('\\App\\Controller...', true)
#5 E:\GrievanceSystem\system\CodeIgniter.php(394): CodeIgniter\CodeIgniter->startController()
#6 E:\GrievanceSystem\system\CodeIgniter.php(312): CodeIgniter\CodeIgniter->handleRequest(NULL, Object(Config\Cache), false)
#7 E:\GrievanceSystem\public\index.php(45): CodeIgniter\CodeIgniter->run()
#8 E:\GrievanceSystem\system\Commands\Server\rewrite.php(34): require_once('E:\\GrievanceSys...')
#9 {main}
CRITICAL - 2020-11-17 06:27:18 --> syntax error, unexpected ';'
#0 E:\GrievanceSystem\system\Autoloader\Autoloader.php(296): CodeIgniter\Autoloader\Autoloader->requireFile('E:\\GrievanceSys...')
#1 E:\GrievanceSystem\system\Autoloader\Autoloader.php(258): CodeIgniter\Autoloader\Autoloader->loadInNamespace('App\\Controllers...')
#2 [internal function]: CodeIgniter\Autoloader\Autoloader->loadClass('App\\Controllers...')
#3 [internal function]: spl_autoload_call('App\\Controllers...')
#4 E:\GrievanceSystem\system\CodeIgniter.php(869): class_exists('\\App\\Controller...', true)
#5 E:\GrievanceSystem\system\CodeIgniter.php(394): CodeIgniter\CodeIgniter->startController()
#6 E:\GrievanceSystem\system\CodeIgniter.php(312): CodeIgniter\CodeIgniter->handleRequest(NULL, Object(Config\Cache), false)
#7 E:\GrievanceSystem\public\index.php(45): CodeIgniter\CodeIgniter->run()
#8 E:\GrievanceSystem\system\Commands\Server\rewrite.php(34): require_once('E:\\GrievanceSys...')
#9 {main}
CRITICAL - 2020-11-17 06:28:21 --> Use of undefined constant timestamp - assumed 'timestamp' (this will throw an Error in a future version of PHP)
#0 E:\GrievanceSystem\app\Controllers\UserController.php(39): CodeIgniter\Debug\Exceptions->errorHandler(2, 'Use of undefine...', 'E:\\GrievanceSys...', 39, Array)
#1 E:\GrievanceSystem\system\CodeIgniter.php(918): App\Controllers\UserController->submit_complaint()
#2 E:\GrievanceSystem\system\CodeIgniter.php(404): CodeIgniter\CodeIgniter->runController(Object(App\Controllers\UserController))
#3 E:\GrievanceSystem\system\CodeIgniter.php(312): CodeIgniter\CodeIgniter->handleRequest(NULL, Object(Config\Cache), false)
#4 E:\GrievanceSystem\public\index.php(45): CodeIgniter\CodeIgniter->run()
#5 E:\GrievanceSystem\system\Commands\Server\rewrite.php(34): require_once('E:\\GrievanceSys...')
#6 {main}
