CRITICAL - 2020-10-19 01:54:08 --> Undefined variable: model
#0 E:\GrievanceSystem\app\Controllers\UserController.php(22): CodeIgniter\Debug\Exceptions->errorHandler(8, 'Undefined varia...', 'E:\\GrievanceSys...', 22, Array)
#1 E:\GrievanceSystem\system\CodeIgniter.php(918): App\Controllers\UserController->complaint()
#2 E:\GrievanceSystem\system\CodeIgniter.php(404): CodeIgniter\CodeIgniter->runController(Object(App\Controllers\UserController))
#3 E:\GrievanceSystem\system\CodeIgniter.php(312): CodeIgniter\CodeIgniter->handleRequest(NULL, Object(Config\Cache), false)
#4 E:\GrievanceSystem\public\index.php(45): CodeIgniter\CodeIgniter->run()
#5 E:\GrievanceSystem\system\Commands\Server\rewrite.php(34): require_once('E:\\GrievanceSys...')
#6 {main}
CRITICAL - 2020-10-19 01:54:32 --> Call to undefined method CodeIgniter\Database\MySQLi\Builder::getResult()
#0 E:\GrievanceSystem\app\Controllers\UserController.php(23): App\Models\complaint_model->Department()
#1 E:\GrievanceSystem\system\CodeIgniter.php(918): App\Controllers\UserController->complaint()
#2 E:\GrievanceSystem\system\CodeIgniter.php(404): CodeIgniter\CodeIgniter->runController(Object(App\Controllers\UserController))
#3 E:\GrievanceSystem\system\CodeIgniter.php(312): CodeIgniter\CodeIgniter->handleRequest(NULL, Object(Config\Cache), false)
#4 E:\GrievanceSystem\public\index.php(45): CodeIgniter\CodeIgniter->run()
#5 E:\GrievanceSystem\system\Commands\Server\rewrite.php(34): require_once('E:\\GrievanceSys...')
#6 {main}
CRITICAL - 2020-10-19 01:58:08 --> Call to undefined method CodeIgniter\Database\MySQLi\Builder::getResult()
#0 E:\GrievanceSystem\app\Controllers\UserController.php(23): App\Models\complaint_model->Department()
#1 E:\GrievanceSystem\system\CodeIgniter.php(918): App\Controllers\UserController->complaint()
#2 E:\GrievanceSystem\system\CodeIgniter.php(404): CodeIgniter\CodeIgniter->runController(Object(App\Controllers\UserController))
#3 E:\GrievanceSystem\system\CodeIgniter.php(312): CodeIgniter\CodeIgniter->handleRequest(NULL, Object(Config\Cache), false)
#4 E:\GrievanceSystem\public\index.php(45): CodeIgniter\CodeIgniter->run()
#5 E:\GrievanceSystem\system\Commands\Server\rewrite.php(34): require_once('E:\\GrievanceSys...')
#6 {main}
CRITICAL - 2020-10-19 02:01:40 --> Undefined variable: status
#0 E:\GrievanceSystem\app\Views\User\Complaint.php(36): CodeIgniter\Debug\Exceptions->errorHandler(8, 'Undefined varia...', 'E:\\GrievanceSys...', 36, Array)
#1 E:\GrievanceSystem\system\View\View.php(246): include('E:\\GrievanceSys...')
#2 E:\GrievanceSystem\system\Common.php(1119): CodeIgniter\View\View->render('User/Complaint', Array, true)
#3 E:\GrievanceSystem\app\Controllers\UserController.php(73): view('User/Complaint', Array)
#4 E:\GrievanceSystem\app\Controllers\UserController.php(25): App\Controllers\UserController->render_view('Complaint', Array)
#5 E:\GrievanceSystem\system\CodeIgniter.php(918): App\Controllers\UserController->complaint()
#6 E:\GrievanceSystem\system\CodeIgniter.php(404): CodeIgniter\CodeIgniter->runController(Object(App\Controllers\UserController))
#7 E:\GrievanceSystem\system\CodeIgniter.php(312): CodeIgniter\CodeIgniter->handleRequest(NULL, Object(Config\Cache), false)
#8 E:\GrievanceSystem\public\index.php(45): CodeIgniter\CodeIgniter->run()
#9 E:\GrievanceSystem\system\Commands\Server\rewrite.php(34): require_once('E:\\GrievanceSys...')
#10 {main}
CRITICAL - 2020-10-19 02:02:04 --> Undefined variable: status
#0 E:\GrievanceSystem\app\Views\User\Complaint.php(36): CodeIgniter\Debug\Exceptions->errorHandler(8, 'Undefined varia...', 'E:\\GrievanceSys...', 36, Array)
#1 E:\GrievanceSystem\system\View\View.php(246): include('E:\\GrievanceSys...')
#2 E:\GrievanceSystem\system\Common.php(1119): CodeIgniter\View\View->render('User/Complaint', Array, true)
#3 E:\GrievanceSystem\app\Controllers\UserController.php(73): view('User/Complaint', Array)
#4 E:\GrievanceSystem\app\Controllers\UserController.php(25): App\Controllers\UserController->render_view('Complaint', Array)
#5 E:\GrievanceSystem\system\CodeIgniter.php(918): App\Controllers\UserController->complaint()
#6 E:\GrievanceSystem\system\CodeIgniter.php(404): CodeIgniter\CodeIgniter->runController(Object(App\Controllers\UserController))
#7 E:\GrievanceSystem\system\CodeIgniter.php(312): CodeIgniter\CodeIgniter->handleRequest(NULL, Object(Config\Cache), false)
#8 E:\GrievanceSystem\public\index.php(45): CodeIgniter\CodeIgniter->run()
#9 E:\GrievanceSystem\system\Commands\Server\rewrite.php(34): require_once('E:\\GrievanceSys...')
#10 {main}
CRITICAL - 2020-10-19 02:02:56 --> Undefined variable: status
#0 E:\GrievanceSystem\app\Views\User\Complaint.php(36): CodeIgniter\Debug\Exceptions->errorHandler(8, 'Undefined varia...', 'E:\\GrievanceSys...', 36, Array)
#1 E:\GrievanceSystem\system\View\View.php(246): include('E:\\GrievanceSys...')
#2 E:\GrievanceSystem\system\Common.php(1119): CodeIgniter\View\View->render('User/Complaint', Array, true)
#3 E:\GrievanceSystem\app\Controllers\UserController.php(73): view('User/Complaint', Array)
#4 E:\GrievanceSystem\app\Controllers\UserController.php(25): App\Controllers\UserController->render_view('Complaint', Array)
#5 E:\GrievanceSystem\system\CodeIgniter.php(918): App\Controllers\UserController->complaint()
#6 E:\GrievanceSystem\system\CodeIgniter.php(404): CodeIgniter\CodeIgniter->runController(Object(App\Controllers\UserController))
#7 E:\GrievanceSystem\system\CodeIgniter.php(312): CodeIgniter\CodeIgniter->handleRequest(NULL, Object(Config\Cache), false)
#8 E:\GrievanceSystem\public\index.php(45): CodeIgniter\CodeIgniter->run()
#9 E:\GrievanceSystem\system\Commands\Server\rewrite.php(34): require_once('E:\\GrievanceSys...')
#10 {main}
CRITICAL - 2020-10-19 02:05:02 --> Undefined variable: data
#0 E:\GrievanceSystem\app\Views\User\Complaint.php(36): CodeIgniter\Debug\Exceptions->errorHandler(8, 'Undefined varia...', 'E:\\GrievanceSys...', 36, Array)
#1 E:\GrievanceSystem\system\View\View.php(246): include('E:\\GrievanceSys...')
#2 E:\GrievanceSystem\system\Common.php(1119): CodeIgniter\View\View->render('User/Complaint', Array, true)
#3 E:\GrievanceSystem\app\Controllers\UserController.php(73): view('User/Complaint', Array)
#4 E:\GrievanceSystem\app\Controllers\UserController.php(25): App\Controllers\UserController->render_view('Complaint', Array)
#5 E:\GrievanceSystem\system\CodeIgniter.php(918): App\Controllers\UserController->complaint()
#6 E:\GrievanceSystem\system\CodeIgniter.php(404): CodeIgniter\CodeIgniter->runController(Object(App\Controllers\UserController))
#7 E:\GrievanceSystem\system\CodeIgniter.php(312): CodeIgniter\CodeIgniter->handleRequest(NULL, Object(Config\Cache), false)
#8 E:\GrievanceSystem\public\index.php(45): CodeIgniter\CodeIgniter->run()
#9 E:\GrievanceSystem\system\Commands\Server\rewrite.php(34): require_once('E:\\GrievanceSys...')
#10 {main}
CRITICAL - 2020-10-19 02:05:22 --> Undefined variable: data
#0 E:\GrievanceSystem\app\Views\User\Complaint.php(36): CodeIgniter\Debug\Exceptions->errorHandler(8, 'Undefined varia...', 'E:\\GrievanceSys...', 36, Array)
#1 E:\GrievanceSystem\system\View\View.php(246): include('E:\\GrievanceSys...')
#2 E:\GrievanceSystem\system\Common.php(1119): CodeIgniter\View\View->render('User/Complaint', Array, true)
#3 E:\GrievanceSystem\app\Controllers\UserController.php(73): view('User/Complaint', Array)
#4 E:\GrievanceSystem\app\Controllers\UserController.php(25): App\Controllers\UserController->render_view('Complaint', Array)
#5 E:\GrievanceSystem\system\CodeIgniter.php(918): App\Controllers\UserController->complaint()
#6 E:\GrievanceSystem\system\CodeIgniter.php(404): CodeIgniter\CodeIgniter->runController(Object(App\Controllers\UserController))
#7 E:\GrievanceSystem\system\CodeIgniter.php(312): CodeIgniter\CodeIgniter->handleRequest(NULL, Object(Config\Cache), false)
#8 E:\GrievanceSystem\public\index.php(45): CodeIgniter\CodeIgniter->run()
#9 E:\GrievanceSystem\system\Commands\Server\rewrite.php(34): require_once('E:\\GrievanceSys...')
#10 {main}
CRITICAL - 2020-10-19 02:12:35 --> Cannot use object of type stdClass as array
#0 E:\GrievanceSystem\system\View\View.php(246): include()
#1 E:\GrievanceSystem\system\Common.php(1119): CodeIgniter\View\View->render('User/Complaint', Array, true)
#2 E:\GrievanceSystem\app\Controllers\UserController.php(73): view('User/Complaint', Array)
#3 E:\GrievanceSystem\app\Controllers\UserController.php(25): App\Controllers\UserController->render_view('Complaint', Array)
#4 E:\GrievanceSystem\system\CodeIgniter.php(918): App\Controllers\UserController->complaint()
#5 E:\GrievanceSystem\system\CodeIgniter.php(404): CodeIgniter\CodeIgniter->runController(Object(App\Controllers\UserController))
#6 E:\GrievanceSystem\system\CodeIgniter.php(312): CodeIgniter\CodeIgniter->handleRequest(NULL, Object(Config\Cache), false)
#7 E:\GrievanceSystem\public\index.php(45): CodeIgniter\CodeIgniter->run()
#8 E:\GrievanceSystem\system\Commands\Server\rewrite.php(34): require_once('E:\\GrievanceSys...')
#9 {main}
CRITICAL - 2020-10-19 02:13:03 --> Cannot use object of type stdClass as array
#0 E:\GrievanceSystem\system\View\View.php(246): include()
#1 E:\GrievanceSystem\system\Common.php(1119): CodeIgniter\View\View->render('User/Complaint', Array, true)
#2 E:\GrievanceSystem\app\Controllers\UserController.php(73): view('User/Complaint', Array)
#3 E:\GrievanceSystem\app\Controllers\UserController.php(25): App\Controllers\UserController->render_view('Complaint', Array)
#4 E:\GrievanceSystem\system\CodeIgniter.php(918): App\Controllers\UserController->complaint()
#5 E:\GrievanceSystem\system\CodeIgniter.php(404): CodeIgniter\CodeIgniter->runController(Object(App\Controllers\UserController))
#6 E:\GrievanceSystem\system\CodeIgniter.php(312): CodeIgniter\CodeIgniter->handleRequest(NULL, Object(Config\Cache), false)
#7 E:\GrievanceSystem\public\index.php(45): CodeIgniter\CodeIgniter->run()
#8 E:\GrievanceSystem\system\Commands\Server\rewrite.php(34): require_once('E:\\GrievanceSys...')
#9 {main}
CRITICAL - 2020-10-19 02:14:20 --> Cannot use object of type stdClass as array
#0 E:\GrievanceSystem\system\View\View.php(246): include()
#1 E:\GrievanceSystem\system\Common.php(1119): CodeIgniter\View\View->render('User/Complaint', Array, true)
#2 E:\GrievanceSystem\app\Controllers\UserController.php(73): view('User/Complaint', Array)
#3 E:\GrievanceSystem\app\Controllers\UserController.php(25): App\Controllers\UserController->render_view('Complaint', Array)
#4 E:\GrievanceSystem\system\CodeIgniter.php(918): App\Controllers\UserController->complaint()
#5 E:\GrievanceSystem\system\CodeIgniter.php(404): CodeIgniter\CodeIgniter->runController(Object(App\Controllers\UserController))
#6 E:\GrievanceSystem\system\CodeIgniter.php(312): CodeIgniter\CodeIgniter->handleRequest(NULL, Object(Config\Cache), false)
#7 E:\GrievanceSystem\public\index.php(45): CodeIgniter\CodeIgniter->run()
#8 E:\GrievanceSystem\system\Commands\Server\rewrite.php(34): require_once('E:\\GrievanceSys...')
#9 {main}
CRITICAL - 2020-10-19 02:15:28 --> Cannot use object of type stdClass as array
#0 E:\GrievanceSystem\system\View\View.php(246): include()
#1 E:\GrievanceSystem\system\Common.php(1119): CodeIgniter\View\View->render('User/Complaint', Array, true)
#2 E:\GrievanceSystem\app\Controllers\UserController.php(73): view('User/Complaint', Array)
#3 E:\GrievanceSystem\app\Controllers\UserController.php(25): App\Controllers\UserController->render_view('Complaint', Array)
#4 E:\GrievanceSystem\system\CodeIgniter.php(918): App\Controllers\UserController->complaint()
#5 E:\GrievanceSystem\system\CodeIgniter.php(404): CodeIgniter\CodeIgniter->runController(Object(App\Controllers\UserController))
#6 E:\GrievanceSystem\system\CodeIgniter.php(312): CodeIgniter\CodeIgniter->handleRequest(NULL, Object(Config\Cache), false)
#7 E:\GrievanceSystem\public\index.php(45): CodeIgniter\CodeIgniter->run()
#8 E:\GrievanceSystem\system\Commands\Server\rewrite.php(34): require_once('E:\\GrievanceSys...')
#9 {main}
CRITICAL - 2020-10-19 02:19:11 --> Undefined index: Dept_Id
#0 E:\GrievanceSystem\app\Views\User\Complaint.php(36): CodeIgniter\Debug\Exceptions->errorHandler(8, 'Undefined index...', 'E:\\GrievanceSys...', 36, Array)
#1 E:\GrievanceSystem\system\View\View.php(246): include('E:\\GrievanceSys...')
#2 E:\GrievanceSystem\system\Common.php(1119): CodeIgniter\View\View->render('User/Complaint', Array, true)
#3 E:\GrievanceSystem\app\Controllers\UserController.php(73): view('User/Complaint', Array)
#4 E:\GrievanceSystem\app\Controllers\UserController.php(25): App\Controllers\UserController->render_view('Complaint', Array)
#5 E:\GrievanceSystem\system\CodeIgniter.php(918): App\Controllers\UserController->complaint()
#6 E:\GrievanceSystem\system\CodeIgniter.php(404): CodeIgniter\CodeIgniter->runController(Object(App\Controllers\UserController))
#7 E:\GrievanceSystem\system\CodeIgniter.php(312): CodeIgniter\CodeIgniter->handleRequest(NULL, Object(Config\Cache), false)
#8 E:\GrievanceSystem\public\index.php(45): CodeIgniter\CodeIgniter->run()
#9 E:\GrievanceSystem\system\Commands\Server\rewrite.php(34): require_once('E:\\GrievanceSys...')
#10 {main}
CRITICAL - 2020-10-19 02:19:31 --> Cannot use object of type stdClass as array
#0 E:\GrievanceSystem\system\View\View.php(246): include()
#1 E:\GrievanceSystem\system\Common.php(1119): CodeIgniter\View\View->render('User/Complaint', Array, true)
#2 E:\GrievanceSystem\app\Controllers\UserController.php(73): view('User/Complaint', Array)
#3 E:\GrievanceSystem\app\Controllers\UserController.php(25): App\Controllers\UserController->render_view('Complaint', Array)
#4 E:\GrievanceSystem\system\CodeIgniter.php(918): App\Controllers\UserController->complaint()
#5 E:\GrievanceSystem\system\CodeIgniter.php(404): CodeIgniter\CodeIgniter->runController(Object(App\Controllers\UserController))
#6 E:\GrievanceSystem\system\CodeIgniter.php(312): CodeIgniter\CodeIgniter->handleRequest(NULL, Object(Config\Cache), false)
#7 E:\GrievanceSystem\public\index.php(45): CodeIgniter\CodeIgniter->run()
#8 E:\GrievanceSystem\system\Commands\Server\rewrite.php(34): require_once('E:\\GrievanceSys...')
#9 {main}
CRITICAL - 2020-10-19 02:20:06 --> Cannot use object of type stdClass as array
#0 E:\GrievanceSystem\system\View\View.php(246): include()
#1 E:\GrievanceSystem\system\Common.php(1119): CodeIgniter\View\View->render('User/Complaint', Array, true)
#2 E:\GrievanceSystem\app\Controllers\UserController.php(73): view('User/Complaint', Array)
#3 E:\GrievanceSystem\app\Controllers\UserController.php(25): App\Controllers\UserController->render_view('Complaint', Array)
#4 E:\GrievanceSystem\system\CodeIgniter.php(918): App\Controllers\UserController->complaint()
#5 E:\GrievanceSystem\system\CodeIgniter.php(404): CodeIgniter\CodeIgniter->runController(Object(App\Controllers\UserController))
#6 E:\GrievanceSystem\system\CodeIgniter.php(312): CodeIgniter\CodeIgniter->handleRequest(NULL, Object(Config\Cache), false)
#7 E:\GrievanceSystem\public\index.php(45): CodeIgniter\CodeIgniter->run()
#8 E:\GrievanceSystem\system\Commands\Server\rewrite.php(34): require_once('E:\\GrievanceSys...')
#9 {main}
CRITICAL - 2020-10-19 02:20:30 --> Cannot use object of type stdClass as array
#0 E:\GrievanceSystem\system\View\View.php(246): include()
#1 E:\GrievanceSystem\system\Common.php(1119): CodeIgniter\View\View->render('User/Complaint', Array, true)
#2 E:\GrievanceSystem\app\Controllers\UserController.php(73): view('User/Complaint', Array)
#3 E:\GrievanceSystem\app\Controllers\UserController.php(25): App\Controllers\UserController->render_view('Complaint', Array)
#4 E:\GrievanceSystem\system\CodeIgniter.php(918): App\Controllers\UserController->complaint()
#5 E:\GrievanceSystem\system\CodeIgniter.php(404): CodeIgniter\CodeIgniter->runController(Object(App\Controllers\UserController))
#6 E:\GrievanceSystem\system\CodeIgniter.php(312): CodeIgniter\CodeIgniter->handleRequest(NULL, Object(Config\Cache), false)
#7 E:\GrievanceSystem\public\index.php(45): CodeIgniter\CodeIgniter->run()
#8 E:\GrievanceSystem\system\Commands\Server\rewrite.php(34): require_once('E:\\GrievanceSys...')
#9 {main}
CRITICAL - 2020-10-19 02:21:27 --> Cannot use object of type stdClass as array
#0 E:\GrievanceSystem\system\View\View.php(246): include()
#1 E:\GrievanceSystem\system\Common.php(1119): CodeIgniter\View\View->render('User/Complaint', Array, true)
#2 E:\GrievanceSystem\app\Controllers\UserController.php(73): view('User/Complaint', Array)
#3 E:\GrievanceSystem\app\Controllers\UserController.php(25): App\Controllers\UserController->render_view('Complaint', Array)
#4 E:\GrievanceSystem\system\CodeIgniter.php(918): App\Controllers\UserController->complaint()
#5 E:\GrievanceSystem\system\CodeIgniter.php(404): CodeIgniter\CodeIgniter->runController(Object(App\Controllers\UserController))
#6 E:\GrievanceSystem\system\CodeIgniter.php(312): CodeIgniter\CodeIgniter->handleRequest(NULL, Object(Config\Cache), false)
#7 E:\GrievanceSystem\public\index.php(45): CodeIgniter\CodeIgniter->run()
#8 E:\GrievanceSystem\system\Commands\Server\rewrite.php(34): require_once('E:\\GrievanceSys...')
#9 {main}
CRITICAL - 2020-10-19 02:21:33 --> Cannot use object of type stdClass as array
#0 E:\GrievanceSystem\system\View\View.php(246): include()
#1 E:\GrievanceSystem\system\Common.php(1119): CodeIgniter\View\View->render('User/Complaint', Array, true)
#2 E:\GrievanceSystem\app\Controllers\UserController.php(73): view('User/Complaint', Array)
#3 E:\GrievanceSystem\app\Controllers\UserController.php(25): App\Controllers\UserController->render_view('Complaint', Array)
#4 E:\GrievanceSystem\system\CodeIgniter.php(918): App\Controllers\UserController->complaint()
#5 E:\GrievanceSystem\system\CodeIgniter.php(404): CodeIgniter\CodeIgniter->runController(Object(App\Controllers\UserController))
#6 E:\GrievanceSystem\system\CodeIgniter.php(312): CodeIgniter\CodeIgniter->handleRequest(NULL, Object(Config\Cache), false)
#7 E:\GrievanceSystem\public\index.php(45): CodeIgniter\CodeIgniter->run()
#8 E:\GrievanceSystem\system\Commands\Server\rewrite.php(34): require_once('E:\\GrievanceSys...')
#9 {main}
CRITICAL - 2020-10-19 02:21:41 --> Cannot use object of type stdClass as array
#0 E:\GrievanceSystem\system\View\View.php(246): include()
#1 E:\GrievanceSystem\system\Common.php(1119): CodeIgniter\View\View->render('User/Complaint', Array, true)
#2 E:\GrievanceSystem\app\Controllers\UserController.php(73): view('User/Complaint', Array)
#3 E:\GrievanceSystem\app\Controllers\UserController.php(25): App\Controllers\UserController->render_view('Complaint', Array)
#4 E:\GrievanceSystem\system\CodeIgniter.php(918): App\Controllers\UserController->complaint()
#5 E:\GrievanceSystem\system\CodeIgniter.php(404): CodeIgniter\CodeIgniter->runController(Object(App\Controllers\UserController))
#6 E:\GrievanceSystem\system\CodeIgniter.php(312): CodeIgniter\CodeIgniter->handleRequest(NULL, Object(Config\Cache), false)
#7 E:\GrievanceSystem\public\index.php(45): CodeIgniter\CodeIgniter->run()
#8 E:\GrievanceSystem\system\Commands\Server\rewrite.php(34): require_once('E:\\GrievanceSys...')
#9 {main}
CRITICAL - 2020-10-19 02:23:56 --> Cannot use object of type stdClass as array
#0 E:\GrievanceSystem\system\View\View.php(246): include()
#1 E:\GrievanceSystem\system\Common.php(1119): CodeIgniter\View\View->render('User/Complaint', Array, true)
#2 E:\GrievanceSystem\app\Controllers\UserController.php(73): view('User/Complaint', Array)
#3 E:\GrievanceSystem\app\Controllers\UserController.php(25): App\Controllers\UserController->render_view('Complaint', Array)
#4 E:\GrievanceSystem\system\CodeIgniter.php(918): App\Controllers\UserController->complaint()
#5 E:\GrievanceSystem\system\CodeIgniter.php(404): CodeIgniter\CodeIgniter->runController(Object(App\Controllers\UserController))
#6 E:\GrievanceSystem\system\CodeIgniter.php(312): CodeIgniter\CodeIgniter->handleRequest(NULL, Object(Config\Cache), false)
#7 E:\GrievanceSystem\public\index.php(45): CodeIgniter\CodeIgniter->run()
#8 E:\GrievanceSystem\system\Commands\Server\rewrite.php(34): require_once('E:\\GrievanceSys...')
#9 {main}
CRITICAL - 2020-10-19 02:35:20 --> Undefined index: Dept_Name
#0 E:\GrievanceSystem\app\Views\User\Complaint.php(38): CodeIgniter\Debug\Exceptions->errorHandler(8, 'Undefined index...', 'E:\\GrievanceSys...', 38, Array)
#1 E:\GrievanceSystem\system\View\View.php(246): include('E:\\GrievanceSys...')
#2 E:\GrievanceSystem\system\Common.php(1119): CodeIgniter\View\View->render('User/Complaint', Array, true)
#3 E:\GrievanceSystem\app\Controllers\UserController.php(73): view('User/Complaint', Array)
#4 E:\GrievanceSystem\app\Controllers\UserController.php(25): App\Controllers\UserController->render_view('Complaint', Array)
#5 E:\GrievanceSystem\system\CodeIgniter.php(918): App\Controllers\UserController->complaint()
#6 E:\GrievanceSystem\system\CodeIgniter.php(404): CodeIgniter\CodeIgniter->runController(Object(App\Controllers\UserController))
#7 E:\GrievanceSystem\system\CodeIgniter.php(312): CodeIgniter\CodeIgniter->handleRequest(NULL, Object(Config\Cache), false)
#8 E:\GrievanceSystem\public\index.php(45): CodeIgniter\CodeIgniter->run()
#9 E:\GrievanceSystem\system\Commands\Server\rewrite.php(34): require_once('E:\\GrievanceSys...')
#10 {main}
CRITICAL - 2020-10-19 02:36:03 --> Undefined index: Dept_Name
#0 E:\GrievanceSystem\app\Views\User\Complaint.php(38): CodeIgniter\Debug\Exceptions->errorHandler(8, 'Undefined index...', 'E:\\GrievanceSys...', 38, Array)
#1 E:\GrievanceSystem\system\View\View.php(246): include('E:\\GrievanceSys...')
#2 E:\GrievanceSystem\system\Common.php(1119): CodeIgniter\View\View->render('User/Complaint', Array, true)
#3 E:\GrievanceSystem\app\Controllers\UserController.php(73): view('User/Complaint', Array)
#4 E:\GrievanceSystem\app\Controllers\UserController.php(25): App\Controllers\UserController->render_view('Complaint', Array)
#5 E:\GrievanceSystem\system\CodeIgniter.php(918): App\Controllers\UserController->complaint()
#6 E:\GrievanceSystem\system\CodeIgniter.php(404): CodeIgniter\CodeIgniter->runController(Object(App\Controllers\UserController))
#7 E:\GrievanceSystem\system\CodeIgniter.php(312): CodeIgniter\CodeIgniter->handleRequest(NULL, Object(Config\Cache), false)
#8 E:\GrievanceSystem\public\index.php(45): CodeIgniter\CodeIgniter->run()
#9 E:\GrievanceSystem\system\Commands\Server\rewrite.php(34): require_once('E:\\GrievanceSys...')
#10 {main}
CRITICAL - 2020-10-19 02:47:50 --> Undefined variable: page
#0 E:\GrievanceSystem\app\Controllers\UserController.php(15): CodeIgniter\Debug\Exceptions->errorHandler(8, 'Undefined varia...', 'E:\\GrievanceSys...', 15, Array)
#1 E:\GrievanceSystem\system\CodeIgniter.php(918): App\Controllers\UserController->index()
#2 E:\GrievanceSystem\system\CodeIgniter.php(404): CodeIgniter\CodeIgniter->runController(Object(App\Controllers\UserController))
#3 E:\GrievanceSystem\system\CodeIgniter.php(312): CodeIgniter\CodeIgniter->handleRequest(NULL, Object(Config\Cache), false)
#4 E:\GrievanceSystem\public\index.php(45): CodeIgniter\CodeIgniter->run()
#5 E:\GrievanceSystem\system\Commands\Server\rewrite.php(34): require_once('E:\\GrievanceSys...')
#6 {main}
CRITICAL - 2020-10-19 03:53:31 --> Cannot use object of type stdClass as array
#0 E:\GrievanceSystem\system\CodeIgniter.php(918): App\Controllers\HomeController->Login()
#1 E:\GrievanceSystem\system\CodeIgniter.php(404): CodeIgniter\CodeIgniter->runController(Object(App\Controllers\HomeController))
#2 E:\GrievanceSystem\system\CodeIgniter.php(312): CodeIgniter\CodeIgniter->handleRequest(NULL, Object(Config\Cache), false)
#3 E:\GrievanceSystem\public\index.php(45): CodeIgniter\CodeIgniter->run()
#4 E:\GrievanceSystem\system\Commands\Server\rewrite.php(34): require_once('E:\\GrievanceSys...')
#5 {main}
CRITICAL - 2020-10-19 03:56:13 --> Undefined index: Username
#0 E:\GrievanceSystem\app\Controllers\HomeController.php(27): CodeIgniter\Debug\Exceptions->errorHandler(8, 'Undefined index...', 'E:\\GrievanceSys...', 27, Array)
#1 E:\GrievanceSystem\system\CodeIgniter.php(918): App\Controllers\HomeController->Login()
#2 E:\GrievanceSystem\system\CodeIgniter.php(404): CodeIgniter\CodeIgniter->runController(Object(App\Controllers\HomeController))
#3 E:\GrievanceSystem\system\CodeIgniter.php(312): CodeIgniter\CodeIgniter->handleRequest(NULL, Object(Config\Cache), false)
#4 E:\GrievanceSystem\public\index.php(45): CodeIgniter\CodeIgniter->run()
#5 E:\GrievanceSystem\system\Commands\Server\rewrite.php(34): require_once('E:\\GrievanceSys...')
#6 {main}
CRITICAL - 2020-10-19 04:15:11 --> Undefined variable: _SESSION
#0 E:\GrievanceSystem\app\Views\templates\header.php(72): CodeIgniter\Debug\Exceptions->errorHandler(8, 'Undefined varia...', 'E:\\GrievanceSys...', 72, Array)
#1 E:\GrievanceSystem\system\View\View.php(246): include('E:\\GrievanceSys...')
#2 E:\GrievanceSystem\system\Common.php(1119): CodeIgniter\View\View->render('templates/heade...', Array, true)
#3 E:\GrievanceSystem\app\Controllers\UserController.php(72): view('templates/heade...')
#4 E:\GrievanceSystem\app\Controllers\UserController.php(25): App\Controllers\UserController->render_view('Complaint', Array)
#5 E:\GrievanceSystem\system\CodeIgniter.php(918): App\Controllers\UserController->complaint()
#6 E:\GrievanceSystem\system\CodeIgniter.php(404): CodeIgniter\CodeIgniter->runController(Object(App\Controllers\UserController))
#7 E:\GrievanceSystem\system\CodeIgniter.php(312): CodeIgniter\CodeIgniter->handleRequest(NULL, Object(Config\Cache), false)
#8 E:\GrievanceSystem\public\index.php(45): CodeIgniter\CodeIgniter->run()
#9 E:\GrievanceSystem\system\Commands\Server\rewrite.php(34): require_once('E:\\GrievanceSys...')
#10 {main}
CRITICAL - 2020-10-19 04:15:24 --> Undefined variable: _SESSION
#0 E:\GrievanceSystem\app\Views\templates\header.php(72): CodeIgniter\Debug\Exceptions->errorHandler(8, 'Undefined varia...', 'E:\\GrievanceSys...', 72, Array)
#1 E:\GrievanceSystem\system\View\View.php(246): include('E:\\GrievanceSys...')
#2 E:\GrievanceSystem\system\Common.php(1119): CodeIgniter\View\View->render('templates/heade...', Array, true)
#3 E:\GrievanceSystem\app\Controllers\UserController.php(72): view('templates/heade...')
#4 E:\GrievanceSystem\app\Controllers\UserController.php(25): App\Controllers\UserController->render_view('Complaint', Array)
#5 E:\GrievanceSystem\system\CodeIgniter.php(918): App\Controllers\UserController->complaint()
#6 E:\GrievanceSystem\system\CodeIgniter.php(404): CodeIgniter\CodeIgniter->runController(Object(App\Controllers\UserController))
#7 E:\GrievanceSystem\system\CodeIgniter.php(312): CodeIgniter\CodeIgniter->handleRequest(NULL, Object(Config\Cache), false)
#8 E:\GrievanceSystem\public\index.php(45): CodeIgniter\CodeIgniter->run()
#9 E:\GrievanceSystem\system\Commands\Server\rewrite.php(34): require_once('E:\\GrievanceSys...')
#10 {main}
CRITICAL - 2020-10-19 04:15:54 --> Undefined variable: _SESSION
#0 E:\GrievanceSystem\app\Views\templates\header.php(72): CodeIgniter\Debug\Exceptions->errorHandler(8, 'Undefined varia...', 'E:\\GrievanceSys...', 72, Array)
#1 E:\GrievanceSystem\system\View\View.php(246): include('E:\\GrievanceSys...')
#2 E:\GrievanceSystem\system\Common.php(1119): CodeIgniter\View\View->render('templates/heade...', Array, true)
#3 E:\GrievanceSystem\app\Controllers\UserController.php(72): view('templates/heade...')
#4 E:\GrievanceSystem\app\Controllers\UserController.php(25): App\Controllers\UserController->render_view('Complaint', Array)
#5 E:\GrievanceSystem\system\CodeIgniter.php(918): App\Controllers\UserController->complaint()
#6 E:\GrievanceSystem\system\CodeIgniter.php(404): CodeIgniter\CodeIgniter->runController(Object(App\Controllers\UserController))
#7 E:\GrievanceSystem\system\CodeIgniter.php(312): CodeIgniter\CodeIgniter->handleRequest(NULL, Object(Config\Cache), false)
#8 E:\GrievanceSystem\public\index.php(45): CodeIgniter\CodeIgniter->run()
#9 E:\GrievanceSystem\system\Commands\Server\rewrite.php(34): require_once('E:\\GrievanceSys...')
#10 {main}
CRITICAL - 2020-10-19 04:18:28 --> Undefined variable: _SESSION
#0 E:\GrievanceSystem\app\Views\templates\header.php(72): CodeIgniter\Debug\Exceptions->errorHandler(8, 'Undefined varia...', 'E:\\GrievanceSys...', 72, Array)
#1 E:\GrievanceSystem\system\View\View.php(246): include('E:\\GrievanceSys...')
#2 E:\GrievanceSystem\system\Common.php(1119): CodeIgniter\View\View->render('templates/heade...', Array, true)
#3 E:\GrievanceSystem\app\Controllers\UserController.php(72): view('templates/heade...')
#4 E:\GrievanceSystem\app\Controllers\UserController.php(25): App\Controllers\UserController->render_view('Complaint', Array)
#5 E:\GrievanceSystem\system\CodeIgniter.php(918): App\Controllers\UserController->complaint()
#6 E:\GrievanceSystem\system\CodeIgniter.php(404): CodeIgniter\CodeIgniter->runController(Object(App\Controllers\UserController))
#7 E:\GrievanceSystem\system\CodeIgniter.php(312): CodeIgniter\CodeIgniter->handleRequest(NULL, Object(Config\Cache), false)
#8 E:\GrievanceSystem\public\index.php(45): CodeIgniter\CodeIgniter->run()
#9 E:\GrievanceSystem\system\Commands\Server\rewrite.php(34): require_once('E:\\GrievanceSys...')
#10 {main}
CRITICAL - 2020-10-19 04:19:17 --> Undefined variable: _SESSION
#0 E:\GrievanceSystem\app\Views\templates\header.php(72): CodeIgniter\Debug\Exceptions->errorHandler(8, 'Undefined varia...', 'E:\\GrievanceSys...', 72, Array)
#1 E:\GrievanceSystem\system\View\View.php(246): include('E:\\GrievanceSys...')
#2 E:\GrievanceSystem\system\Common.php(1119): CodeIgniter\View\View->render('templates/heade...', Array, true)
#3 E:\GrievanceSystem\app\Controllers\UserController.php(72): view('templates/heade...')
#4 E:\GrievanceSystem\app\Controllers\UserController.php(25): App\Controllers\UserController->render_view('Complaint', Array)
#5 E:\GrievanceSystem\system\CodeIgniter.php(918): App\Controllers\UserController->complaint()
#6 E:\GrievanceSystem\system\CodeIgniter.php(404): CodeIgniter\CodeIgniter->runController(Object(App\Controllers\UserController))
#7 E:\GrievanceSystem\system\CodeIgniter.php(312): CodeIgniter\CodeIgniter->handleRequest(NULL, Object(Config\Cache), false)
#8 E:\GrievanceSystem\public\index.php(45): CodeIgniter\CodeIgniter->run()
#9 E:\GrievanceSystem\system\Commands\Server\rewrite.php(34): require_once('E:\\GrievanceSys...')
#10 {main}
CRITICAL - 2020-10-19 04:22:52 --> Undefined variable: _SESSION
#0 E:\GrievanceSystem\app\Controllers\UserController.php(20): CodeIgniter\Debug\Exceptions->errorHandler(8, 'Undefined varia...', 'E:\\GrievanceSys...', 20, Array)
#1 E:\GrievanceSystem\system\CodeIgniter.php(918): App\Controllers\UserController->complaint()
#2 E:\GrievanceSystem\system\CodeIgniter.php(404): CodeIgniter\CodeIgniter->runController(Object(App\Controllers\UserController))
#3 E:\GrievanceSystem\system\CodeIgniter.php(312): CodeIgniter\CodeIgniter->handleRequest(NULL, Object(Config\Cache), false)
#4 E:\GrievanceSystem\public\index.php(45): CodeIgniter\CodeIgniter->run()
#5 E:\GrievanceSystem\system\Commands\Server\rewrite.php(34): require_once('E:\\GrievanceSys...')
#6 {main}
CRITICAL - 2020-10-19 04:23:40 --> Undefined variable: _SESSION
#0 E:\GrievanceSystem\app\Controllers\UserController.php(20): CodeIgniter\Debug\Exceptions->errorHandler(8, 'Undefined varia...', 'E:\\GrievanceSys...', 20, Array)
#1 E:\GrievanceSystem\system\CodeIgniter.php(918): App\Controllers\UserController->complaint()
#2 E:\GrievanceSystem\system\CodeIgniter.php(404): CodeIgniter\CodeIgniter->runController(Object(App\Controllers\UserController))
#3 E:\GrievanceSystem\system\CodeIgniter.php(312): CodeIgniter\CodeIgniter->handleRequest(NULL, Object(Config\Cache), false)
#4 E:\GrievanceSystem\public\index.php(45): CodeIgniter\CodeIgniter->run()
#5 E:\GrievanceSystem\system\Commands\Server\rewrite.php(34): require_once('E:\\GrievanceSys...')
#6 {main}
CRITICAL - 2020-10-19 04:24:14 --> Undefined variable: _SESSION
#0 E:\GrievanceSystem\app\Controllers\UserController.php(20): CodeIgniter\Debug\Exceptions->errorHandler(8, 'Undefined varia...', 'E:\\GrievanceSys...', 20, Array)
#1 E:\GrievanceSystem\system\CodeIgniter.php(918): App\Controllers\UserController->complaint()
#2 E:\GrievanceSystem\system\CodeIgniter.php(404): CodeIgniter\CodeIgniter->runController(Object(App\Controllers\UserController))
#3 E:\GrievanceSystem\system\CodeIgniter.php(312): CodeIgniter\CodeIgniter->handleRequest(NULL, Object(Config\Cache), false)
#4 E:\GrievanceSystem\public\index.php(45): CodeIgniter\CodeIgniter->run()
#5 E:\GrievanceSystem\system\Commands\Server\rewrite.php(34): require_once('E:\\GrievanceSys...')
#6 {main}
CRITICAL - 2020-10-19 04:24:23 --> Undefined variable: _SESSION
#0 E:\GrievanceSystem\app\Controllers\UserController.php(20): CodeIgniter\Debug\Exceptions->errorHandler(8, 'Undefined varia...', 'E:\\GrievanceSys...', 20, Array)
#1 E:\GrievanceSystem\system\CodeIgniter.php(918): App\Controllers\UserController->complaint()
#2 E:\GrievanceSystem\system\CodeIgniter.php(404): CodeIgniter\CodeIgniter->runController(Object(App\Controllers\UserController))
#3 E:\GrievanceSystem\system\CodeIgniter.php(312): CodeIgniter\CodeIgniter->handleRequest(NULL, Object(Config\Cache), false)
#4 E:\GrievanceSystem\public\index.php(45): CodeIgniter\CodeIgniter->run()
#5 E:\GrievanceSystem\system\Commands\Server\rewrite.php(34): require_once('E:\\GrievanceSys...')
#6 {main}
CRITICAL - 2020-10-19 04:26:32 --> Undefined variable: config
#0 E:\GrievanceSystem\app\Controllers\UserController.php(8): CodeIgniter\Debug\Exceptions->errorHandler(8, 'Undefined varia...', 'E:\\GrievanceSys...', 8, Array)
#1 E:\GrievanceSystem\system\Autoloader\Autoloader.php(365): require_once('E:\\GrievanceSys...')
#2 E:\GrievanceSystem\system\Autoloader\Autoloader.php(296): CodeIgniter\Autoloader\Autoloader->requireFile('E:\\GrievanceSys...')
#3 E:\GrievanceSystem\system\Autoloader\Autoloader.php(258): CodeIgniter\Autoloader\Autoloader->loadInNamespace('App\\Controllers...')
#4 [internal function]: CodeIgniter\Autoloader\Autoloader->loadClass('App\\Controllers...')
#5 [internal function]: spl_autoload_call('App\\Controllers...')
#6 E:\GrievanceSystem\system\CodeIgniter.php(869): class_exists('\\App\\Controller...', true)
#7 E:\GrievanceSystem\system\CodeIgniter.php(394): CodeIgniter\CodeIgniter->startController()
#8 E:\GrievanceSystem\system\CodeIgniter.php(312): CodeIgniter\CodeIgniter->handleRequest(NULL, Object(Config\Cache), false)
#9 E:\GrievanceSystem\public\index.php(45): CodeIgniter\CodeIgniter->run()
#10 E:\GrievanceSystem\system\Commands\Server\rewrite.php(34): require_once('E:\\GrievanceSys...')
#11 {main}
CRITICAL - 2020-10-19 04:29:39 --> Undefined variable: _SESSION
#0 E:\GrievanceSystem\app\Views\templates\header.php(72): CodeIgniter\Debug\Exceptions->errorHandler(8, 'Undefined varia...', 'E:\\GrievanceSys...', 72, Array)
#1 E:\GrievanceSystem\system\View\View.php(246): include('E:\\GrievanceSys...')
#2 E:\GrievanceSystem\system\Common.php(1119): CodeIgniter\View\View->render('templates/heade...', Array, true)
#3 E:\GrievanceSystem\app\Controllers\UserController.php(78): view('templates/heade...')
#4 E:\GrievanceSystem\app\Controllers\UserController.php(31): App\Controllers\UserController->render_view('Complaint', Array)
#5 E:\GrievanceSystem\system\CodeIgniter.php(918): App\Controllers\UserController->complaint()
#6 E:\GrievanceSystem\system\CodeIgniter.php(404): CodeIgniter\CodeIgniter->runController(Object(App\Controllers\UserController))
#7 E:\GrievanceSystem\system\CodeIgniter.php(312): CodeIgniter\CodeIgniter->handleRequest(NULL, Object(Config\Cache), false)
#8 E:\GrievanceSystem\public\index.php(45): CodeIgniter\CodeIgniter->run()
#9 E:\GrievanceSystem\system\Commands\Server\rewrite.php(34): require_once('E:\\GrievanceSys...')
#10 {main}
CRITICAL - 2020-10-19 04:33:18 --> Undefined variable: _SESSION
#0 E:\GrievanceSystem\app\Controllers\UserController.php(25): CodeIgniter\Debug\Exceptions->errorHandler(8, 'Undefined varia...', 'E:\\GrievanceSys...', 25, Array)
#1 E:\GrievanceSystem\system\CodeIgniter.php(918): App\Controllers\UserController->complaint()
#2 E:\GrievanceSystem\system\CodeIgniter.php(404): CodeIgniter\CodeIgniter->runController(Object(App\Controllers\UserController))
#3 E:\GrievanceSystem\system\CodeIgniter.php(312): CodeIgniter\CodeIgniter->handleRequest(NULL, Object(Config\Cache), false)
#4 E:\GrievanceSystem\public\index.php(45): CodeIgniter\CodeIgniter->run()
#5 E:\GrievanceSystem\system\Commands\Server\rewrite.php(34): require_once('E:\\GrievanceSys...')
#6 {main}
CRITICAL - 2020-10-19 04:35:23 --> Undefined variable: _SESSION
#0 E:\GrievanceSystem\app\Views\templates\header.php(72): CodeIgniter\Debug\Exceptions->errorHandler(8, 'Undefined varia...', 'E:\\GrievanceSys...', 72, Array)
#1 E:\GrievanceSystem\system\View\View.php(246): include('E:\\GrievanceSys...')
#2 E:\GrievanceSystem\system\Common.php(1119): CodeIgniter\View\View->render('templates/heade...', Array, true)
#3 E:\GrievanceSystem\app\Controllers\UserController.php(81): view('templates/heade...')
#4 E:\GrievanceSystem\app\Controllers\UserController.php(34): App\Controllers\UserController->render_view('Complaint', Array)
#5 E:\GrievanceSystem\system\CodeIgniter.php(918): App\Controllers\UserController->complaint()
#6 E:\GrievanceSystem\system\CodeIgniter.php(404): CodeIgniter\CodeIgniter->runController(Object(App\Controllers\UserController))
#7 E:\GrievanceSystem\system\CodeIgniter.php(312): CodeIgniter\CodeIgniter->handleRequest(NULL, Object(Config\Cache), false)
#8 E:\GrievanceSystem\public\index.php(45): CodeIgniter\CodeIgniter->run()
#9 E:\GrievanceSystem\system\Commands\Server\rewrite.php(34): require_once('E:\\GrievanceSys...')
#10 {main}
CRITICAL - 2020-10-19 04:47:21 --> Undefined variable: _SESSION
#0 E:\GrievanceSystem\app\Views\templates\header.php(72): CodeIgniter\Debug\Exceptions->errorHandler(8, 'Undefined varia...', 'E:\\GrievanceSys...', 72, Array)
#1 E:\GrievanceSystem\system\View\View.php(246): include('E:\\GrievanceSys...')
#2 E:\GrievanceSystem\system\Common.php(1119): CodeIgniter\View\View->render('templates/heade...', Array, true)
#3 E:\GrievanceSystem\app\Controllers\UserController.php(81): view('templates/heade...')
#4 E:\GrievanceSystem\app\Controllers\UserController.php(34): App\Controllers\UserController->render_view('Complaint', Array)
#5 E:\GrievanceSystem\system\CodeIgniter.php(918): App\Controllers\UserController->complaint()
#6 E:\GrievanceSystem\system\CodeIgniter.php(404): CodeIgniter\CodeIgniter->runController(Object(App\Controllers\UserController))
#7 E:\GrievanceSystem\system\CodeIgniter.php(312): CodeIgniter\CodeIgniter->handleRequest(NULL, Object(Config\Cache), false)
#8 E:\GrievanceSystem\public\index.php(45): CodeIgniter\CodeIgniter->run()
#9 E:\GrievanceSystem\system\Commands\Server\rewrite.php(34): require_once('E:\\GrievanceSys...')
#10 {main}
CRITICAL - 2020-10-19 04:47:45 --> Undefined variable: _SESSION
#0 E:\GrievanceSystem\app\Views\templates\header.php(72): CodeIgniter\Debug\Exceptions->errorHandler(8, 'Undefined varia...', 'E:\\GrievanceSys...', 72, Array)
#1 E:\GrievanceSystem\system\View\View.php(246): include('E:\\GrievanceSys...')
#2 E:\GrievanceSystem\system\Common.php(1119): CodeIgniter\View\View->render('templates/heade...', Array, true)
#3 E:\GrievanceSystem\app\Controllers\UserController.php(81): view('templates/heade...')
#4 E:\GrievanceSystem\app\Controllers\UserController.php(34): App\Controllers\UserController->render_view('Complaint', Array)
#5 E:\GrievanceSystem\system\CodeIgniter.php(918): App\Controllers\UserController->complaint()
#6 E:\GrievanceSystem\system\CodeIgniter.php(404): CodeIgniter\CodeIgniter->runController(Object(App\Controllers\UserController))
#7 E:\GrievanceSystem\system\CodeIgniter.php(312): CodeIgniter\CodeIgniter->handleRequest(NULL, Object(Config\Cache), false)
#8 E:\GrievanceSystem\public\index.php(45): CodeIgniter\CodeIgniter->run()
#9 E:\GrievanceSystem\system\Commands\Server\rewrite.php(34): require_once('E:\\GrievanceSys...')
#10 {main}
CRITICAL - 2020-10-19 04:47:51 --> Undefined variable: _SESSION
#0 E:\GrievanceSystem\app\Views\templates\header.php(72): CodeIgniter\Debug\Exceptions->errorHandler(8, 'Undefined varia...', 'E:\\GrievanceSys...', 72, Array)
#1 E:\GrievanceSystem\system\View\View.php(246): include('E:\\GrievanceSys...')
#2 E:\GrievanceSystem\system\Common.php(1119): CodeIgniter\View\View->render('templates/heade...', Array, true)
#3 E:\GrievanceSystem\app\Controllers\UserController.php(81): view('templates/heade...')
#4 E:\GrievanceSystem\app\Controllers\UserController.php(34): App\Controllers\UserController->render_view('Complaint', Array)
#5 E:\GrievanceSystem\system\CodeIgniter.php(918): App\Controllers\UserController->complaint()
#6 E:\GrievanceSystem\system\CodeIgniter.php(404): CodeIgniter\CodeIgniter->runController(Object(App\Controllers\UserController))
#7 E:\GrievanceSystem\system\CodeIgniter.php(312): CodeIgniter\CodeIgniter->handleRequest(NULL, Object(Config\Cache), false)
#8 E:\GrievanceSystem\public\index.php(45): CodeIgniter\CodeIgniter->run()
#9 E:\GrievanceSystem\system\Commands\Server\rewrite.php(34): require_once('E:\\GrievanceSys...')
#10 {main}
CRITICAL - 2020-10-19 05:57:30 --> Undefined variable: _SESSION
#0 E:\GrievanceSystem\app\Controllers\UserController.php(21): CodeIgniter\Debug\Exceptions->errorHandler(8, 'Undefined varia...', 'E:\\GrievanceSys...', 21, Array)
#1 E:\GrievanceSystem\system\CodeIgniter.php(918): App\Controllers\UserController->complaint()
#2 E:\GrievanceSystem\system\CodeIgniter.php(404): CodeIgniter\CodeIgniter->runController(Object(App\Controllers\UserController))
#3 E:\GrievanceSystem\system\CodeIgniter.php(312): CodeIgniter\CodeIgniter->handleRequest(NULL, Object(Config\Cache), false)
#4 E:\GrievanceSystem\public\index.php(45): CodeIgniter\CodeIgniter->run()
#5 E:\GrievanceSystem\system\Commands\Server\rewrite.php(34): require_once('E:\\GrievanceSys...')
#6 {main}
CRITICAL - 2020-10-19 05:58:35 --> Undefined variable: _SESSION
#0 E:\GrievanceSystem\app\Controllers\UserController.php(21): CodeIgniter\Debug\Exceptions->errorHandler(8, 'Undefined varia...', 'E:\\GrievanceSys...', 21, Array)
#1 E:\GrievanceSystem\system\CodeIgniter.php(918): App\Controllers\UserController->complaint()
#2 E:\GrievanceSystem\system\CodeIgniter.php(404): CodeIgniter\CodeIgniter->runController(Object(App\Controllers\UserController))
#3 E:\GrievanceSystem\system\CodeIgniter.php(312): CodeIgniter\CodeIgniter->handleRequest(NULL, Object(Config\Cache), false)
#4 E:\GrievanceSystem\public\index.php(45): CodeIgniter\CodeIgniter->run()
#5 E:\GrievanceSystem\system\Commands\Server\rewrite.php(34): require_once('E:\\GrievanceSys...')
#6 {main}
CRITICAL - 2020-10-19 05:59:49 --> Undefined variable: _SESSION
#0 E:\GrievanceSystem\app\Controllers\UserController.php(21): CodeIgniter\Debug\Exceptions->errorHandler(8, 'Undefined varia...', 'E:\\GrievanceSys...', 21, Array)
#1 E:\GrievanceSystem\system\CodeIgniter.php(918): App\Controllers\UserController->complaint()
#2 E:\GrievanceSystem\system\CodeIgniter.php(404): CodeIgniter\CodeIgniter->runController(Object(App\Controllers\UserController))
#3 E:\GrievanceSystem\system\CodeIgniter.php(312): CodeIgniter\CodeIgniter->handleRequest(NULL, Object(Config\Cache), false)
#4 E:\GrievanceSystem\public\index.php(45): CodeIgniter\CodeIgniter->run()
#5 E:\GrievanceSystem\system\Commands\Server\rewrite.php(34): require_once('E:\\GrievanceSys...')
#6 {main}
CRITICAL - 2020-10-19 06:07:47 --> Undefined index: uname
#0 E:\GrievanceSystem\app\Controllers\UserController.php(21): CodeIgniter\Debug\Exceptions->errorHandler(8, 'Undefined index...', 'E:\\GrievanceSys...', 21, Array)
#1 E:\GrievanceSystem\system\CodeIgniter.php(918): App\Controllers\UserController->complaint()
#2 E:\GrievanceSystem\system\CodeIgniter.php(404): CodeIgniter\CodeIgniter->runController(Object(App\Controllers\UserController))
#3 E:\GrievanceSystem\system\CodeIgniter.php(312): CodeIgniter\CodeIgniter->handleRequest(NULL, Object(Config\Cache), false)
#4 E:\GrievanceSystem\public\index.php(45): CodeIgniter\CodeIgniter->run()
#5 E:\GrievanceSystem\system\Commands\Server\rewrite.php(34): require_once('E:\\GrievanceSys...')
#6 {main}
