CRITICAL - 2020-10-22 00:59:38 --> Undefined index: Dept_Id
#0 E:\GrievanceSystem\app\Controllers\HomeController.php(33): CodeIgniter\Debug\Exceptions->errorHandler(8, 'Undefined index...', 'E:\\GrievanceSys...', 33, Array)
#1 E:\GrievanceSystem\system\CodeIgniter.php(918): App\Controllers\HomeController->Login()
#2 E:\GrievanceSystem\system\CodeIgniter.php(404): CodeIgniter\CodeIgniter->runController(Object(App\Controllers\HomeController))
#3 E:\GrievanceSystem\system\CodeIgniter.php(312): CodeIgniter\CodeIgniter->handleRequest(NULL, Object(Config\Cache), false)
#4 E:\GrievanceSystem\public\index.php(45): CodeIgniter\CodeIgniter->run()
#5 E:\GrievanceSystem\system\Commands\Server\rewrite.php(34): require_once('E:\\GrievanceSys...')
#6 {main}
CRITICAL - 2020-10-22 01:34:38 --> Undefined property: CodeIgniter\View\View::$session
#0 E:\GrievanceSystem\app\Views\User\Complaint.php(23): CodeIgniter\Debug\Exceptions->errorHandler(8, 'Undefined prope...', 'E:\\GrievanceSys...', 23, Array)
#1 E:\GrievanceSystem\system\View\View.php(246): include('E:\\GrievanceSys...')
#2 E:\GrievanceSystem\system\Common.php(1119): CodeIgniter\View\View->render('User/Complaint', Array, true)
#3 E:\GrievanceSystem\app\Controllers\UserController.php(86): view('User/Complaint', Array)
#4 E:\GrievanceSystem\app\Controllers\UserController.php(34): App\Controllers\UserController->render_view('Complaint', Array)
#5 E:\GrievanceSystem\system\CodeIgniter.php(918): App\Controllers\UserController->complaint()
#6 E:\GrievanceSystem\system\CodeIgniter.php(404): CodeIgniter\CodeIgniter->runController(Object(App\Controllers\UserController))
#7 E:\GrievanceSystem\system\CodeIgniter.php(312): CodeIgniter\CodeIgniter->handleRequest(NULL, Object(Config\Cache), false)
#8 E:\GrievanceSystem\public\index.php(45): CodeIgniter\CodeIgniter->run()
#9 E:\GrievanceSystem\system\Commands\Server\rewrite.php(34): require_once('E:\\GrievanceSys...')
#10 {main}
CRITICAL - 2020-10-22 01:34:54 --> Undefined property: CodeIgniter\View\View::$session
#0 E:\GrievanceSystem\app\Views\User\Complaint.php(23): CodeIgniter\Debug\Exceptions->errorHandler(8, 'Undefined prope...', 'E:\\GrievanceSys...', 23, Array)
#1 E:\GrievanceSystem\system\View\View.php(246): include('E:\\GrievanceSys...')
#2 E:\GrievanceSystem\system\Common.php(1119): CodeIgniter\View\View->render('User/Complaint', Array, true)
#3 E:\GrievanceSystem\app\Controllers\UserController.php(86): view('User/Complaint', Array)
#4 E:\GrievanceSystem\app\Controllers\UserController.php(34): App\Controllers\UserController->render_view('Complaint', Array)
#5 E:\GrievanceSystem\system\CodeIgniter.php(918): App\Controllers\UserController->complaint()
#6 E:\GrievanceSystem\system\CodeIgniter.php(404): CodeIgniter\CodeIgniter->runController(Object(App\Controllers\UserController))
#7 E:\GrievanceSystem\system\CodeIgniter.php(312): CodeIgniter\CodeIgniter->handleRequest(NULL, Object(Config\Cache), false)
#8 E:\GrievanceSystem\public\index.php(45): CodeIgniter\CodeIgniter->run()
#9 E:\GrievanceSystem\system\Commands\Server\rewrite.php(34): require_once('E:\\GrievanceSys...')
#10 {main}
CRITICAL - 2020-10-22 01:37:39 --> Undefined property: CodeIgniter\View\View::$session
#0 E:\GrievanceSystem\app\Views\User\Complaint.php(81): CodeIgniter\Debug\Exceptions->errorHandler(8, 'Undefined prope...', 'E:\\GrievanceSys...', 81, Array)
#1 E:\GrievanceSystem\system\View\View.php(246): include('E:\\GrievanceSys...')
#2 E:\GrievanceSystem\system\Common.php(1119): CodeIgniter\View\View->render('User/Complaint', Array, true)
#3 E:\GrievanceSystem\app\Controllers\UserController.php(86): view('User/Complaint', Array)
#4 E:\GrievanceSystem\app\Controllers\UserController.php(34): App\Controllers\UserController->render_view('Complaint', Array)
#5 E:\GrievanceSystem\system\CodeIgniter.php(918): App\Controllers\UserController->complaint()
#6 E:\GrievanceSystem\system\CodeIgniter.php(404): CodeIgniter\CodeIgniter->runController(Object(App\Controllers\UserController))
#7 E:\GrievanceSystem\system\CodeIgniter.php(312): CodeIgniter\CodeIgniter->handleRequest(NULL, Object(Config\Cache), false)
#8 E:\GrievanceSystem\public\index.php(45): CodeIgniter\CodeIgniter->run()
#9 E:\GrievanceSystem\system\Commands\Server\rewrite.php(34): require_once('E:\\GrievanceSys...')
#10 {main}
CRITICAL - 2020-10-22 03:00:46 --> Undefined offset: 0
#0 E:\GrievanceSystem\app\Controllers\HomeController.php(30): CodeIgniter\Debug\Exceptions->errorHandler(8, 'Undefined offse...', 'E:\\GrievanceSys...', 30, Array)
#1 E:\GrievanceSystem\system\CodeIgniter.php(918): App\Controllers\HomeController->Login()
#2 E:\GrievanceSystem\system\CodeIgniter.php(404): CodeIgniter\CodeIgniter->runController(Object(App\Controllers\HomeController))
#3 E:\GrievanceSystem\system\CodeIgniter.php(312): CodeIgniter\CodeIgniter->handleRequest(NULL, Object(Config\Cache), false)
#4 E:\GrievanceSystem\public\index.php(45): CodeIgniter\CodeIgniter->run()
#5 E:\GrievanceSystem\system\Commands\Server\rewrite.php(34): require_once('E:\\GrievanceSys...')
#6 {main}
CRITICAL - 2020-10-22 03:23:44 --> Undefined variable: db
#0 E:\GrievanceSystem\app\Models\complaint_model.php(54): CodeIgniter\Debug\Exceptions->errorHandler(8, 'Undefined varia...', 'E:\\GrievanceSys...', 54, Array)
#1 E:\GrievanceSystem\app\Controllers\UserController.php(79): App\Models\complaint_model->Show_Submitted_Complaint_To_User()
#2 E:\GrievanceSystem\system\CodeIgniter.php(918): App\Controllers\UserController->SubmitedComplaint()
#3 E:\GrievanceSystem\system\CodeIgniter.php(404): CodeIgniter\CodeIgniter->runController(Object(App\Controllers\UserController))
#4 E:\GrievanceSystem\system\CodeIgniter.php(312): CodeIgniter\CodeIgniter->handleRequest(NULL, Object(Config\Cache), false)
#5 E:\GrievanceSystem\public\index.php(45): CodeIgniter\CodeIgniter->run()
#6 E:\GrievanceSystem\system\Commands\Server\rewrite.php(34): require_once('E:\\GrievanceSys...')
#7 {main}
CRITICAL - 2020-10-22 03:24:05 --> Undefined variable: showComplaint
#0 E:\GrievanceSystem\app\Views\User\ShowComplaintStatus.php(46): CodeIgniter\Debug\Exceptions->errorHandler(8, 'Undefined varia...', 'E:\\GrievanceSys...', 46, Array)
#1 E:\GrievanceSystem\system\View\View.php(246): include('E:\\GrievanceSys...')
#2 E:\GrievanceSystem\system\Common.php(1119): CodeIgniter\View\View->render('User/ShowCompla...', Array, true)
#3 E:\GrievanceSystem\app\Controllers\UserController.php(86): view('User/ShowCompla...', Array)
#4 E:\GrievanceSystem\app\Controllers\UserController.php(80): App\Controllers\UserController->render_view('ShowComplaintSt...', Array)
#5 E:\GrievanceSystem\system\CodeIgniter.php(918): App\Controllers\UserController->SubmitedComplaint()
#6 E:\GrievanceSystem\system\CodeIgniter.php(404): CodeIgniter\CodeIgniter->runController(Object(App\Controllers\UserController))
#7 E:\GrievanceSystem\system\CodeIgniter.php(312): CodeIgniter\CodeIgniter->handleRequest(NULL, Object(Config\Cache), false)
#8 E:\GrievanceSystem\public\index.php(45): CodeIgniter\CodeIgniter->run()
#9 E:\GrievanceSystem\system\Commands\Server\rewrite.php(34): require_once('E:\\GrievanceSys...')
#10 {main}
CRITICAL - 2020-10-22 03:24:18 --> Undefined variable: showComplaint
#0 E:\GrievanceSystem\app\Views\User\ShowComplaintStatus.php(46): CodeIgniter\Debug\Exceptions->errorHandler(8, 'Undefined varia...', 'E:\\GrievanceSys...', 46, Array)
#1 E:\GrievanceSystem\system\View\View.php(246): include('E:\\GrievanceSys...')
#2 E:\GrievanceSystem\system\Common.php(1119): CodeIgniter\View\View->render('User/ShowCompla...', Array, true)
#3 E:\GrievanceSystem\app\Controllers\UserController.php(86): view('User/ShowCompla...', Array)
#4 E:\GrievanceSystem\app\Controllers\UserController.php(80): App\Controllers\UserController->render_view('ShowComplaintSt...', Array)
#5 E:\GrievanceSystem\system\CodeIgniter.php(918): App\Controllers\UserController->SubmitedComplaint()
#6 E:\GrievanceSystem\system\CodeIgniter.php(404): CodeIgniter\CodeIgniter->runController(Object(App\Controllers\UserController))
#7 E:\GrievanceSystem\system\CodeIgniter.php(312): CodeIgniter\CodeIgniter->handleRequest(NULL, Object(Config\Cache), false)
#8 E:\GrievanceSystem\public\index.php(45): CodeIgniter\CodeIgniter->run()
#9 E:\GrievanceSystem\system\Commands\Server\rewrite.php(34): require_once('E:\\GrievanceSys...')
#10 {main}
CRITICAL - 2020-10-22 03:25:54 --> Undefined index: Sno
#0 E:\GrievanceSystem\app\Views\User\ShowComplaintStatus.php(46): CodeIgniter\Debug\Exceptions->errorHandler(8, 'Undefined index...', 'E:\\GrievanceSys...', 46, Array)
#1 E:\GrievanceSystem\system\View\View.php(246): include('E:\\GrievanceSys...')
#2 E:\GrievanceSystem\system\Common.php(1119): CodeIgniter\View\View->render('User/ShowCompla...', Array, true)
#3 E:\GrievanceSystem\app\Controllers\UserController.php(86): view('User/ShowCompla...', Array)
#4 E:\GrievanceSystem\app\Controllers\UserController.php(80): App\Controllers\UserController->render_view('ShowComplaintSt...', Array)
#5 E:\GrievanceSystem\system\CodeIgniter.php(918): App\Controllers\UserController->SubmitedComplaint()
#6 E:\GrievanceSystem\system\CodeIgniter.php(404): CodeIgniter\CodeIgniter->runController(Object(App\Controllers\UserController))
#7 E:\GrievanceSystem\system\CodeIgniter.php(312): CodeIgniter\CodeIgniter->handleRequest(NULL, Object(Config\Cache), false)
#8 E:\GrievanceSystem\public\index.php(45): CodeIgniter\CodeIgniter->run()
#9 E:\GrievanceSystem\system\Commands\Server\rewrite.php(34): require_once('E:\\GrievanceSys...')
#10 {main}
CRITICAL - 2020-10-22 03:26:18 --> Trying to get property 'Sno' of non-object
#0 E:\GrievanceSystem\app\Views\User\ShowComplaintStatus.php(46): CodeIgniter\Debug\Exceptions->errorHandler(8, 'Trying to get p...', 'E:\\GrievanceSys...', 46, Array)
#1 E:\GrievanceSystem\system\View\View.php(246): include('E:\\GrievanceSys...')
#2 E:\GrievanceSystem\system\Common.php(1119): CodeIgniter\View\View->render('User/ShowCompla...', Array, true)
#3 E:\GrievanceSystem\app\Controllers\UserController.php(86): view('User/ShowCompla...', Array)
#4 E:\GrievanceSystem\app\Controllers\UserController.php(80): App\Controllers\UserController->render_view('ShowComplaintSt...', Array)
#5 E:\GrievanceSystem\system\CodeIgniter.php(918): App\Controllers\UserController->SubmitedComplaint()
#6 E:\GrievanceSystem\system\CodeIgniter.php(404): CodeIgniter\CodeIgniter->runController(Object(App\Controllers\UserController))
#7 E:\GrievanceSystem\system\CodeIgniter.php(312): CodeIgniter\CodeIgniter->handleRequest(NULL, Object(Config\Cache), false)
#8 E:\GrievanceSystem\public\index.php(45): CodeIgniter\CodeIgniter->run()
#9 E:\GrievanceSystem\system\Commands\Server\rewrite.php(34): require_once('E:\\GrievanceSys...')
#10 {main}
CRITICAL - 2020-10-22 03:28:16 --> Call to undefined method CodeIgniter\Database\MySQLi\Result::get()
#0 E:\GrievanceSystem\app\Controllers\UserController.php(79): App\Models\complaint_model->Show_Submitted_Complaint_To_User()
#1 E:\GrievanceSystem\system\CodeIgniter.php(918): App\Controllers\UserController->SubmitedComplaint()
#2 E:\GrievanceSystem\system\CodeIgniter.php(404): CodeIgniter\CodeIgniter->runController(Object(App\Controllers\UserController))
#3 E:\GrievanceSystem\system\CodeIgniter.php(312): CodeIgniter\CodeIgniter->handleRequest(NULL, Object(Config\Cache), false)
#4 E:\GrievanceSystem\public\index.php(45): CodeIgniter\CodeIgniter->run()
#5 E:\GrievanceSystem\system\Commands\Server\rewrite.php(34): require_once('E:\\GrievanceSys...')
#6 {main}
CRITICAL - 2020-10-22 03:30:12 --> Undefined index: Department
#0 E:\GrievanceSystem\app\Views\User\ShowComplaintStatus.php(50): CodeIgniter\Debug\Exceptions->errorHandler(8, 'Undefined index...', 'E:\\GrievanceSys...', 50, Array)
#1 E:\GrievanceSystem\system\View\View.php(246): include('E:\\GrievanceSys...')
#2 E:\GrievanceSystem\system\Common.php(1119): CodeIgniter\View\View->render('User/ShowCompla...', Array, true)
#3 E:\GrievanceSystem\app\Controllers\UserController.php(86): view('User/ShowCompla...', Array)
#4 E:\GrievanceSystem\app\Controllers\UserController.php(80): App\Controllers\UserController->render_view('ShowComplaintSt...', Array)
#5 E:\GrievanceSystem\system\CodeIgniter.php(918): App\Controllers\UserController->SubmitedComplaint()
#6 E:\GrievanceSystem\system\CodeIgniter.php(404): CodeIgniter\CodeIgniter->runController(Object(App\Controllers\UserController))
#7 E:\GrievanceSystem\system\CodeIgniter.php(312): CodeIgniter\CodeIgniter->handleRequest(NULL, Object(Config\Cache), false)
#8 E:\GrievanceSystem\public\index.php(45): CodeIgniter\CodeIgniter->run()
#9 E:\GrievanceSystem\system\Commands\Server\rewrite.php(34): require_once('E:\\GrievanceSys...')
#10 {main}
CRITICAL - 2020-10-22 03:36:27 --> syntax error, unexpected '$count' (T_VARIABLE)
#0 E:\GrievanceSystem\system\Common.php(1119): CodeIgniter\View\View->render('User/ShowCompla...', Array, true)
#1 E:\GrievanceSystem\app\Controllers\UserController.php(86): view('User/ShowCompla...', Array)
#2 E:\GrievanceSystem\app\Controllers\UserController.php(80): App\Controllers\UserController->render_view('ShowComplaintSt...', Array)
#3 E:\GrievanceSystem\system\CodeIgniter.php(918): App\Controllers\UserController->SubmitedComplaint()
#4 E:\GrievanceSystem\system\CodeIgniter.php(404): CodeIgniter\CodeIgniter->runController(Object(App\Controllers\UserController))
#5 E:\GrievanceSystem\system\CodeIgniter.php(312): CodeIgniter\CodeIgniter->handleRequest(NULL, Object(Config\Cache), false)
#6 E:\GrievanceSystem\public\index.php(45): CodeIgniter\CodeIgniter->run()
#7 E:\GrievanceSystem\system\Commands\Server\rewrite.php(34): require_once('E:\\GrievanceSys...')
#8 {main}
CRITICAL - 2020-10-22 05:32:25 --> Undefined variable: user_Id
#0 E:\GrievanceSystem\app\Models\show_complaint_model.php(90): CodeIgniter\Debug\Exceptions->errorHandler(8, 'Undefined varia...', 'E:\\GrievanceSys...', 90, Array)
#1 E:\GrievanceSystem\app\Controllers\DepartmentController.php(34): App\Models\show_complaint_model->Refer_To_teamMember('sjkadfhask fask...', 'CT2020102200001', Object(CodeIgniter\I18n\Time), 3, '::1', 'GSUI00003', 'GSUI00001')
#2 E:\GrievanceSystem\system\CodeIgniter.php(918): App\Controllers\DepartmentController->ReferToTeamMember()
#3 E:\GrievanceSystem\system\CodeIgniter.php(404): CodeIgniter\CodeIgniter->runController(Object(App\Controllers\DepartmentController))
#4 E:\GrievanceSystem\system\CodeIgniter.php(312): CodeIgniter\CodeIgniter->handleRequest(NULL, Object(Config\Cache), false)
#5 E:\GrievanceSystem\public\index.php(45): CodeIgniter\CodeIgniter->run()
#6 E:\GrievanceSystem\system\Commands\Server\rewrite.php(34): require_once('E:\\GrievanceSys...')
#7 {main}
CRITICAL - 2020-10-22 06:20:05 --> Undefined index: User_Id
#0 E:\GrievanceSystem\app\Controllers\DepartmentController.php(51): CodeIgniter\Debug\Exceptions->errorHandler(8, 'Undefined index...', 'E:\\GrievanceSys...', 51, Array)
#1 E:\GrievanceSystem\system\CodeIgniter.php(918): App\Controllers\DepartmentController->ShowComplaintToTeamMember()
#2 E:\GrievanceSystem\system\CodeIgniter.php(404): CodeIgniter\CodeIgniter->runController(Object(App\Controllers\DepartmentController))
#3 E:\GrievanceSystem\system\CodeIgniter.php(312): CodeIgniter\CodeIgniter->handleRequest(NULL, Object(Config\Cache), false)
#4 E:\GrievanceSystem\public\index.php(45): CodeIgniter\CodeIgniter->run()
#5 E:\GrievanceSystem\system\Commands\Server\rewrite.php(34): require_once('E:\\GrievanceSys...')
#6 {main}
CRITICAL - 2020-10-22 06:21:15 --> Undefined index: User_Id
#0 E:\GrievanceSystem\app\Controllers\DepartmentController.php(51): CodeIgniter\Debug\Exceptions->errorHandler(8, 'Undefined index...', 'E:\\GrievanceSys...', 51, Array)
#1 E:\GrievanceSystem\system\CodeIgniter.php(918): App\Controllers\DepartmentController->ShowComplaintToTeamMember()
#2 E:\GrievanceSystem\system\CodeIgniter.php(404): CodeIgniter\CodeIgniter->runController(Object(App\Controllers\DepartmentController))
#3 E:\GrievanceSystem\system\CodeIgniter.php(312): CodeIgniter\CodeIgniter->handleRequest(NULL, Object(Config\Cache), false)
#4 E:\GrievanceSystem\public\index.php(45): CodeIgniter\CodeIgniter->run()
#5 E:\GrievanceSystem\system\Commands\Server\rewrite.php(34): require_once('E:\\GrievanceSys...')
#6 {main}
CRITICAL - 2020-10-22 06:21:38 --> Unknown column 'GSUI00004' in 'where clause'
#0 E:\GrievanceSystem\system\Database\MySQLi\Connection.php(331): mysqli->query('SELECT Ticket_I...')
#1 E:\GrievanceSystem\system\Database\BaseConnection.php(741): CodeIgniter\Database\MySQLi\Connection->execute('SELECT Ticket_I...')
#2 E:\GrievanceSystem\system\Database\BaseConnection.php(669): CodeIgniter\Database\BaseConnection->simpleQuery('SELECT Ticket_I...')
#3 E:\GrievanceSystem\app\Models\show_complaint_model.php(120): CodeIgniter\Database\BaseConnection->query('SELECT Ticket_I...')
#4 E:\GrievanceSystem\app\Controllers\DepartmentController.php(54): App\Models\show_complaint_model->Show_Complaint_To_Team_Member('GSUI00004')
#5 E:\GrievanceSystem\system\CodeIgniter.php(918): App\Controllers\DepartmentController->ShowComplaintToTeamMember()
#6 E:\GrievanceSystem\system\CodeIgniter.php(404): CodeIgniter\CodeIgniter->runController(Object(App\Controllers\DepartmentController))
#7 E:\GrievanceSystem\system\CodeIgniter.php(312): CodeIgniter\CodeIgniter->handleRequest(NULL, Object(Config\Cache), false)
#8 E:\GrievanceSystem\public\index.php(45): CodeIgniter\CodeIgniter->run()
#9 E:\GrievanceSystem\system\Commands\Server\rewrite.php(34): require_once('E:\\GrievanceSys...')
#10 {main}
CRITICAL - 2020-10-22 06:21:56 --> Unknown column 'GSUI00004' in 'where clause'
#0 E:\GrievanceSystem\system\Database\MySQLi\Connection.php(331): mysqli->query('SELECT Ticket_I...')
#1 E:\GrievanceSystem\system\Database\BaseConnection.php(741): CodeIgniter\Database\MySQLi\Connection->execute('SELECT Ticket_I...')
#2 E:\GrievanceSystem\system\Database\BaseConnection.php(669): CodeIgniter\Database\BaseConnection->simpleQuery('SELECT Ticket_I...')
#3 E:\GrievanceSystem\app\Models\show_complaint_model.php(120): CodeIgniter\Database\BaseConnection->query('SELECT Ticket_I...')
#4 E:\GrievanceSystem\app\Controllers\DepartmentController.php(54): App\Models\show_complaint_model->Show_Complaint_To_Team_Member('GSUI00004')
#5 E:\GrievanceSystem\system\CodeIgniter.php(918): App\Controllers\DepartmentController->ShowComplaintToTeamMember()
#6 E:\GrievanceSystem\system\CodeIgniter.php(404): CodeIgniter\CodeIgniter->runController(Object(App\Controllers\DepartmentController))
#7 E:\GrievanceSystem\system\CodeIgniter.php(312): CodeIgniter\CodeIgniter->handleRequest(NULL, Object(Config\Cache), false)
#8 E:\GrievanceSystem\public\index.php(45): CodeIgniter\CodeIgniter->run()
#9 E:\GrievanceSystem\system\Commands\Server\rewrite.php(34): require_once('E:\\GrievanceSys...')
#10 {main}
CRITICAL - 2020-10-22 06:24:21 --> Array to string conversion
#0 E:\GrievanceSystem\app\Models\show_complaint_model.php(121): CodeIgniter\Debug\Exceptions->errorHandler(8, 'Array to string...', 'E:\\GrievanceSys...', 121, Array)
#1 E:\GrievanceSystem\app\Controllers\DepartmentController.php(54): App\Models\show_complaint_model->Show_Complaint_To_Team_Member('GSUI00004')
#2 E:\GrievanceSystem\system\CodeIgniter.php(918): App\Controllers\DepartmentController->ShowComplaintToTeamMember()
#3 E:\GrievanceSystem\system\CodeIgniter.php(404): CodeIgniter\CodeIgniter->runController(Object(App\Controllers\DepartmentController))
#4 E:\GrievanceSystem\system\CodeIgniter.php(312): CodeIgniter\CodeIgniter->handleRequest(NULL, Object(Config\Cache), false)
#5 E:\GrievanceSystem\public\index.php(45): CodeIgniter\CodeIgniter->run()
#6 E:\GrievanceSystem\system\Commands\Server\rewrite.php(34): require_once('E:\\GrievanceSys...')
#7 {main}
CRITICAL - 2020-10-22 06:25:27 --> Unknown column 'GSUI00004' in 'where clause'
#0 E:\GrievanceSystem\system\Database\MySQLi\Connection.php(331): mysqli->query('SELECT Ticket_I...')
#1 E:\GrievanceSystem\system\Database\BaseConnection.php(741): CodeIgniter\Database\MySQLi\Connection->execute('SELECT Ticket_I...')
#2 E:\GrievanceSystem\system\Database\BaseConnection.php(669): CodeIgniter\Database\BaseConnection->simpleQuery('SELECT Ticket_I...')
#3 E:\GrievanceSystem\app\Models\show_complaint_model.php(121): CodeIgniter\Database\BaseConnection->query('SELECT Ticket_I...')
#4 E:\GrievanceSystem\app\Controllers\DepartmentController.php(54): App\Models\show_complaint_model->Show_Complaint_To_Team_Member('GSUI00004')
#5 E:\GrievanceSystem\system\CodeIgniter.php(918): App\Controllers\DepartmentController->ShowComplaintToTeamMember()
#6 E:\GrievanceSystem\system\CodeIgniter.php(404): CodeIgniter\CodeIgniter->runController(Object(App\Controllers\DepartmentController))
#7 E:\GrievanceSystem\system\CodeIgniter.php(312): CodeIgniter\CodeIgniter->handleRequest(NULL, Object(Config\Cache), false)
#8 E:\GrievanceSystem\public\index.php(45): CodeIgniter\CodeIgniter->run()
#9 E:\GrievanceSystem\system\Commands\Server\rewrite.php(34): require_once('E:\\GrievanceSys...')
#10 {main}
CRITICAL - 2020-10-22 06:26:10 --> Unknown column 'GSUI00004' in 'where clause'
#0 E:\GrievanceSystem\system\Database\MySQLi\Connection.php(331): mysqli->query('SELECT Ticket_I...')
#1 E:\GrievanceSystem\system\Database\BaseConnection.php(741): CodeIgniter\Database\MySQLi\Connection->execute('SELECT Ticket_I...')
#2 E:\GrievanceSystem\system\Database\BaseConnection.php(669): CodeIgniter\Database\BaseConnection->simpleQuery('SELECT Ticket_I...')
#3 E:\GrievanceSystem\app\Models\show_complaint_model.php(121): CodeIgniter\Database\BaseConnection->query('SELECT Ticket_I...')
#4 E:\GrievanceSystem\app\Controllers\DepartmentController.php(54): App\Models\show_complaint_model->Show_Complaint_To_Team_Member('GSUI00004')
#5 E:\GrievanceSystem\system\CodeIgniter.php(918): App\Controllers\DepartmentController->ShowComplaintToTeamMember()
#6 E:\GrievanceSystem\system\CodeIgniter.php(404): CodeIgniter\CodeIgniter->runController(Object(App\Controllers\DepartmentController))
#7 E:\GrievanceSystem\system\CodeIgniter.php(312): CodeIgniter\CodeIgniter->handleRequest(NULL, Object(Config\Cache), false)
#8 E:\GrievanceSystem\public\index.php(45): CodeIgniter\CodeIgniter->run()
#9 E:\GrievanceSystem\system\Commands\Server\rewrite.php(34): require_once('E:\\GrievanceSys...')
#10 {main}
CRITICAL - 2020-10-22 06:26:55 --> Unknown column 'GSUI00004' in 'where clause'
#0 E:\GrievanceSystem\system\Database\MySQLi\Connection.php(331): mysqli->query('SELECT Ticket_I...')
#1 E:\GrievanceSystem\system\Database\BaseConnection.php(741): CodeIgniter\Database\MySQLi\Connection->execute('SELECT Ticket_I...')
#2 E:\GrievanceSystem\system\Database\BaseConnection.php(669): CodeIgniter\Database\BaseConnection->simpleQuery('SELECT Ticket_I...')
#3 E:\GrievanceSystem\app\Models\show_complaint_model.php(121): CodeIgniter\Database\BaseConnection->query('SELECT Ticket_I...')
#4 E:\GrievanceSystem\app\Controllers\DepartmentController.php(54): App\Models\show_complaint_model->Show_Complaint_To_Team_Member('GSUI00004')
#5 E:\GrievanceSystem\system\CodeIgniter.php(918): App\Controllers\DepartmentController->ShowComplaintToTeamMember()
#6 E:\GrievanceSystem\system\CodeIgniter.php(404): CodeIgniter\CodeIgniter->runController(Object(App\Controllers\DepartmentController))
#7 E:\GrievanceSystem\system\CodeIgniter.php(312): CodeIgniter\CodeIgniter->handleRequest(NULL, Object(Config\Cache), false)
#8 E:\GrievanceSystem\public\index.php(45): CodeIgniter\CodeIgniter->run()
#9 E:\GrievanceSystem\system\Commands\Server\rewrite.php(34): require_once('E:\\GrievanceSys...')
#10 {main}
CRITICAL - 2020-10-22 06:29:11 --> Unknown column 'GSUI00004' in 'where clause'
#0 E:\GrievanceSystem\system\Database\MySQLi\Connection.php(331): mysqli->query('SELECT Ticket_I...')
#1 E:\GrievanceSystem\system\Database\BaseConnection.php(741): CodeIgniter\Database\MySQLi\Connection->execute('SELECT Ticket_I...')
#2 E:\GrievanceSystem\system\Database\BaseConnection.php(669): CodeIgniter\Database\BaseConnection->simpleQuery('SELECT Ticket_I...')
#3 E:\GrievanceSystem\app\Models\show_complaint_model.php(121): CodeIgniter\Database\BaseConnection->query('SELECT Ticket_I...')
#4 E:\GrievanceSystem\app\Controllers\DepartmentController.php(54): App\Models\show_complaint_model->Show_Complaint_To_Team_Member('GSUI00004')
#5 E:\GrievanceSystem\system\CodeIgniter.php(918): App\Controllers\DepartmentController->ShowComplaintToTeamMember()
#6 E:\GrievanceSystem\system\CodeIgniter.php(404): CodeIgniter\CodeIgniter->runController(Object(App\Controllers\DepartmentController))
#7 E:\GrievanceSystem\system\CodeIgniter.php(312): CodeIgniter\CodeIgniter->handleRequest(NULL, Object(Config\Cache), false)
#8 E:\GrievanceSystem\public\index.php(45): CodeIgniter\CodeIgniter->run()
#9 E:\GrievanceSystem\system\Commands\Server\rewrite.php(34): require_once('E:\\GrievanceSys...')
#10 {main}
CRITICAL - 2020-10-22 06:29:17 --> Unknown column 'GSUI00004' in 'where clause'
#0 E:\GrievanceSystem\system\Database\MySQLi\Connection.php(331): mysqli->query('SELECT Ticket_I...')
#1 E:\GrievanceSystem\system\Database\BaseConnection.php(741): CodeIgniter\Database\MySQLi\Connection->execute('SELECT Ticket_I...')
#2 E:\GrievanceSystem\system\Database\BaseConnection.php(669): CodeIgniter\Database\BaseConnection->simpleQuery('SELECT Ticket_I...')
#3 E:\GrievanceSystem\app\Models\show_complaint_model.php(121): CodeIgniter\Database\BaseConnection->query('SELECT Ticket_I...')
#4 E:\GrievanceSystem\app\Controllers\DepartmentController.php(54): App\Models\show_complaint_model->Show_Complaint_To_Team_Member('GSUI00004')
#5 E:\GrievanceSystem\system\CodeIgniter.php(918): App\Controllers\DepartmentController->ShowComplaintToTeamMember()
#6 E:\GrievanceSystem\system\CodeIgniter.php(404): CodeIgniter\CodeIgniter->runController(Object(App\Controllers\DepartmentController))
#7 E:\GrievanceSystem\system\CodeIgniter.php(312): CodeIgniter\CodeIgniter->handleRequest(NULL, Object(Config\Cache), false)
#8 E:\GrievanceSystem\public\index.php(45): CodeIgniter\CodeIgniter->run()
#9 E:\GrievanceSystem\system\Commands\Server\rewrite.php(34): require_once('E:\\GrievanceSys...')
#10 {main}
CRITICAL - 2020-10-22 06:29:48 --> Unknown column 'GSUI00004' in 'where clause'
#0 E:\GrievanceSystem\system\Database\MySQLi\Connection.php(331): mysqli->query('SELECT Ticket_I...')
#1 E:\GrievanceSystem\system\Database\BaseConnection.php(741): CodeIgniter\Database\MySQLi\Connection->execute('SELECT Ticket_I...')
#2 E:\GrievanceSystem\system\Database\BaseConnection.php(669): CodeIgniter\Database\BaseConnection->simpleQuery('SELECT Ticket_I...')
#3 E:\GrievanceSystem\app\Models\show_complaint_model.php(121): CodeIgniter\Database\BaseConnection->query('SELECT Ticket_I...')
#4 E:\GrievanceSystem\app\Controllers\DepartmentController.php(54): App\Models\show_complaint_model->Show_Complaint_To_Team_Member('GSUI00004')
#5 E:\GrievanceSystem\system\CodeIgniter.php(918): App\Controllers\DepartmentController->ShowComplaintToTeamMember()
#6 E:\GrievanceSystem\system\CodeIgniter.php(404): CodeIgniter\CodeIgniter->runController(Object(App\Controllers\DepartmentController))
#7 E:\GrievanceSystem\system\CodeIgniter.php(312): CodeIgniter\CodeIgniter->handleRequest(NULL, Object(Config\Cache), false)
#8 E:\GrievanceSystem\public\index.php(45): CodeIgniter\CodeIgniter->run()
#9 E:\GrievanceSystem\system\Commands\Server\rewrite.php(34): require_once('E:\\GrievanceSys...')
#10 {main}
CRITICAL - 2020-10-22 06:32:51 --> Unknown column 'GSUI00001' in 'where clause'
#0 E:\GrievanceSystem\system\Database\MySQLi\Connection.php(331): mysqli->query('SELECT Ticket_I...')
#1 E:\GrievanceSystem\system\Database\BaseConnection.php(741): CodeIgniter\Database\MySQLi\Connection->execute('SELECT Ticket_I...')
#2 E:\GrievanceSystem\system\Database\BaseConnection.php(669): CodeIgniter\Database\BaseConnection->simpleQuery('SELECT Ticket_I...')
#3 E:\GrievanceSystem\app\Models\show_complaint_model.php(121): CodeIgniter\Database\BaseConnection->query('SELECT Ticket_I...')
#4 E:\GrievanceSystem\app\Controllers\DepartmentController.php(54): App\Models\show_complaint_model->Show_Complaint_To_Team_Member('GSUI00001')
#5 E:\GrievanceSystem\system\CodeIgniter.php(918): App\Controllers\DepartmentController->ShowComplaintToTeamMember()
#6 E:\GrievanceSystem\system\CodeIgniter.php(404): CodeIgniter\CodeIgniter->runController(Object(App\Controllers\DepartmentController))
#7 E:\GrievanceSystem\system\CodeIgniter.php(312): CodeIgniter\CodeIgniter->handleRequest(NULL, Object(Config\Cache), false)
#8 E:\GrievanceSystem\public\index.php(45): CodeIgniter\CodeIgniter->run()
#9 E:\GrievanceSystem\system\Commands\Server\rewrite.php(34): require_once('E:\\GrievanceSys...')
#10 {main}
CRITICAL - 2020-10-22 06:33:45 --> You have an error in your SQL syntax; check the manual that corresponds to your MariaDB server version for the right syntax to use near ''GSUI00001'.)' at line 4
#0 E:\GrievanceSystem\system\Database\MySQLi\Connection.php(331): mysqli->query('SELECT Ticket_I...')
#1 E:\GrievanceSystem\system\Database\BaseConnection.php(741): CodeIgniter\Database\MySQLi\Connection->execute('SELECT Ticket_I...')
#2 E:\GrievanceSystem\system\Database\BaseConnection.php(669): CodeIgniter\Database\BaseConnection->simpleQuery('SELECT Ticket_I...')
#3 E:\GrievanceSystem\app\Models\show_complaint_model.php(121): CodeIgniter\Database\BaseConnection->query('SELECT Ticket_I...')
#4 E:\GrievanceSystem\app\Controllers\DepartmentController.php(54): App\Models\show_complaint_model->Show_Complaint_To_Team_Member('GSUI00001')
#5 E:\GrievanceSystem\system\CodeIgniter.php(918): App\Controllers\DepartmentController->ShowComplaintToTeamMember()
#6 E:\GrievanceSystem\system\CodeIgniter.php(404): CodeIgniter\CodeIgniter->runController(Object(App\Controllers\DepartmentController))
#7 E:\GrievanceSystem\system\CodeIgniter.php(312): CodeIgniter\CodeIgniter->handleRequest(NULL, Object(Config\Cache), false)
#8 E:\GrievanceSystem\public\index.php(45): CodeIgniter\CodeIgniter->run()
#9 E:\GrievanceSystem\system\Commands\Server\rewrite.php(34): require_once('E:\\GrievanceSys...')
#10 {main}
CRITICAL - 2020-10-22 06:44:43 --> Undefined variable: teamMember
#0 E:\GrievanceSystem\app\Views\Department\ShowComplaintToTeamMember.php(102): CodeIgniter\Debug\Exceptions->errorHandler(8, 'Undefined varia...', 'E:\\GrievanceSys...', 102, Array)
#1 E:\GrievanceSystem\system\View\View.php(246): include('E:\\GrievanceSys...')
#2 E:\GrievanceSystem\system\Common.php(1119): CodeIgniter\View\View->render('department/Show...', Array, true)
#3 E:\GrievanceSystem\app\Controllers\DepartmentController.php(61): view('department/Show...', Array)
#4 E:\GrievanceSystem\app\Controllers\DepartmentController.php(55): App\Controllers\DepartmentController->render_view('ShowComplaintTo...', Array)
#5 E:\GrievanceSystem\system\CodeIgniter.php(918): App\Controllers\DepartmentController->ShowComplaintToTeamMember()
#6 E:\GrievanceSystem\system\CodeIgniter.php(404): CodeIgniter\CodeIgniter->runController(Object(App\Controllers\DepartmentController))
#7 E:\GrievanceSystem\system\CodeIgniter.php(312): CodeIgniter\CodeIgniter->handleRequest(NULL, Object(Config\Cache), false)
#8 E:\GrievanceSystem\public\index.php(45): CodeIgniter\CodeIgniter->run()
#9 E:\GrievanceSystem\system\Commands\Server\rewrite.php(34): require_once('E:\\GrievanceSys...')
#10 {main}
CRITICAL - 2020-10-22 06:45:16 --> Undefined variable: teamMember
#0 E:\GrievanceSystem\app\Views\Department\ShowComplaintToTeamMember.php(102): CodeIgniter\Debug\Exceptions->errorHandler(8, 'Undefined varia...', 'E:\\GrievanceSys...', 102, Array)
#1 E:\GrievanceSystem\system\View\View.php(246): include('E:\\GrievanceSys...')
#2 E:\GrievanceSystem\system\Common.php(1119): CodeIgniter\View\View->render('department/Show...', Array, true)
#3 E:\GrievanceSystem\app\Controllers\DepartmentController.php(61): view('department/Show...', Array)
#4 E:\GrievanceSystem\app\Controllers\DepartmentController.php(55): App\Controllers\DepartmentController->render_view('ShowComplaintTo...', Array)
#5 E:\GrievanceSystem\system\CodeIgniter.php(918): App\Controllers\DepartmentController->ShowComplaintToTeamMember()
#6 E:\GrievanceSystem\system\CodeIgniter.php(404): CodeIgniter\CodeIgniter->runController(Object(App\Controllers\DepartmentController))
#7 E:\GrievanceSystem\system\CodeIgniter.php(312): CodeIgniter\CodeIgniter->handleRequest(NULL, Object(Config\Cache), false)
#8 E:\GrievanceSystem\public\index.php(45): CodeIgniter\CodeIgniter->run()
#9 E:\GrievanceSystem\system\Commands\Server\rewrite.php(34): require_once('E:\\GrievanceSys...')
#10 {main}
