CRITICAL - 2020-10-14 01:11:43 --> Call to undefined method CodeIgniter\HTTP\IncomingRequest::complaint_model()
#0 E:\GrievanceSystem\system\CodeIgniter.php(918): App\Controllers\UserController->submit_complaint()
#1 E:\GrievanceSystem\system\CodeIgniter.php(404): CodeIgniter\CodeIgniter->runController(Object(App\Controllers\UserController))
#2 E:\GrievanceSystem\system\CodeIgniter.php(312): CodeIgniter\CodeIgniter->handleRequest(NULL, Object(Config\Cache), false)
#3 E:\GrievanceSystem\public\index.php(45): CodeIgniter\CodeIgniter->run()
#4 E:\GrievanceSystem\system\Commands\Server\rewrite.php(34): require_once('E:\\GrievanceSys...')
#5 {main}
CRITICAL - 2020-10-14 01:28:42 --> Call to undefined method App\Models\complaint_model::getComplaint
#0 E:\GrievanceSystem\app\Controllers\UserController.php(45): CodeIgniter\Model->__call('getComplaint', Array)
#1 E:\GrievanceSystem\system\CodeIgniter.php(918): App\Controllers\UserController->submit_complaint()
#2 E:\GrievanceSystem\system\CodeIgniter.php(404): CodeIgniter\CodeIgniter->runController(Object(App\Controllers\UserController))
#3 E:\GrievanceSystem\system\CodeIgniter.php(312): CodeIgniter\CodeIgniter->handleRequest(NULL, Object(Config\Cache), false)
#4 E:\GrievanceSystem\public\index.php(45): CodeIgniter\CodeIgniter->run()
#5 E:\GrievanceSystem\system\Commands\Server\rewrite.php(34): require_once('E:\\GrievanceSys...')
#6 {main}
CRITICAL - 2020-10-14 01:30:23 --> Undefined variable: Insertion
#0 E:\GrievanceSystem\app\Models\complaint_model.php(11): CodeIgniter\Debug\Exceptions->errorHandler(8, 'Undefined varia...', 'E:\\GrievanceSys...', 11, Array)
#1 E:\GrievanceSystem\app\Controllers\UserController.php(45): App\Models\complaint_model->Register_Complaint('CT00001', '1', '2', 'dg gd gddgd sdf...', 'Pending', '2020-10-08', '127.0.0.1', 'Grievence')
#2 E:\GrievanceSystem\system\CodeIgniter.php(918): App\Controllers\UserController->submit_complaint()
#3 E:\GrievanceSystem\system\CodeIgniter.php(404): CodeIgniter\CodeIgniter->runController(Object(App\Controllers\UserController))
#4 E:\GrievanceSystem\system\CodeIgniter.php(312): CodeIgniter\CodeIgniter->handleRequest(NULL, Object(Config\Cache), false)
#5 E:\GrievanceSystem\public\index.php(45): CodeIgniter\CodeIgniter->run()
#6 E:\GrievanceSystem\system\Commands\Server\rewrite.php(34): require_once('E:\\GrievanceSys...')
#7 {main}
CRITICAL - 2020-10-14 01:35:11 --> Call to undefined method CodeIgniter\Database\MySQLi\Connection::insert()
#0 E:\GrievanceSystem\app\Controllers\UserController.php(45): App\Models\complaint_model->Register_Complaint('CT00001', '2', '3', 'sajhkgfjkasg as...', 'Pending', '2020-10-08', '127.0.0.1', 'Grievence')
#1 E:\GrievanceSystem\system\CodeIgniter.php(918): App\Controllers\UserController->submit_complaint()
#2 E:\GrievanceSystem\system\CodeIgniter.php(404): CodeIgniter\CodeIgniter->runController(Object(App\Controllers\UserController))
#3 E:\GrievanceSystem\system\CodeIgniter.php(312): CodeIgniter\CodeIgniter->handleRequest(NULL, Object(Config\Cache), false)
#4 E:\GrievanceSystem\public\index.php(45): CodeIgniter\CodeIgniter->run()
#5 E:\GrievanceSystem\system\Commands\Server\rewrite.php(34): require_once('E:\\GrievanceSys...')
#6 {main}
CRITICAL - 2020-10-14 01:48:17 --> Undefined variable: db
#0 E:\GrievanceSystem\app\Models\complaint_model.php(12): CodeIgniter\Debug\Exceptions->errorHandler(8, 'Undefined varia...', 'E:\\GrievanceSys...', 12, Array)
#1 E:\GrievanceSystem\app\Controllers\UserController.php(45): App\Models\complaint_model->Register_Complaint('CT00001', '2', '3', 'sajhkgfjkasg as...', 'Pending', '2020-10-08', '127.0.0.1', 'Grievence')
#2 E:\GrievanceSystem\system\CodeIgniter.php(918): App\Controllers\UserController->submit_complaint()
#3 E:\GrievanceSystem\system\CodeIgniter.php(404): CodeIgniter\CodeIgniter->runController(Object(App\Controllers\UserController))
#4 E:\GrievanceSystem\system\CodeIgniter.php(312): CodeIgniter\CodeIgniter->handleRequest(NULL, Object(Config\Cache), false)
#5 E:\GrievanceSystem\public\index.php(45): CodeIgniter\CodeIgniter->run()
#6 E:\GrievanceSystem\system\Commands\Server\rewrite.php(34): require_once('E:\\GrievanceSys...')
#7 {main}
CRITICAL - 2020-10-14 01:52:15 --> Undefined variable: db
#0 E:\GrievanceSystem\app\Models\complaint_model.php(14): CodeIgniter\Debug\Exceptions->errorHandler(8, 'Undefined varia...', 'E:\\GrievanceSys...', 14, Array)
#1 E:\GrievanceSystem\app\Controllers\UserController.php(45): App\Models\complaint_model->Register_Complaint('CT00001', '2', '3', 'sajhkgfjkasg as...', 'Pending', '2020-10-08', '127.0.0.1', 'Grievence')
#2 E:\GrievanceSystem\system\CodeIgniter.php(918): App\Controllers\UserController->submit_complaint()
#3 E:\GrievanceSystem\system\CodeIgniter.php(404): CodeIgniter\CodeIgniter->runController(Object(App\Controllers\UserController))
#4 E:\GrievanceSystem\system\CodeIgniter.php(312): CodeIgniter\CodeIgniter->handleRequest(NULL, Object(Config\Cache), false)
#5 E:\GrievanceSystem\public\index.php(45): CodeIgniter\CodeIgniter->run()
#6 E:\GrievanceSystem\system\Commands\Server\rewrite.php(34): require_once('E:\\GrievanceSys...')
#7 {main}
CRITICAL - 2020-10-14 01:52:34 --> Array to string conversion
#0 E:\GrievanceSystem\app\Controllers\UserController.php(46): CodeIgniter\Debug\Exceptions->errorHandler(8, 'Array to string...', 'E:\\GrievanceSys...', 46, Array)
#1 E:\GrievanceSystem\system\CodeIgniter.php(918): App\Controllers\UserController->submit_complaint()
#2 E:\GrievanceSystem\system\CodeIgniter.php(404): CodeIgniter\CodeIgniter->runController(Object(App\Controllers\UserController))
#3 E:\GrievanceSystem\system\CodeIgniter.php(312): CodeIgniter\CodeIgniter->handleRequest(NULL, Object(Config\Cache), false)
#4 E:\GrievanceSystem\public\index.php(45): CodeIgniter\CodeIgniter->run()
#5 E:\GrievanceSystem\system\Commands\Server\rewrite.php(34): require_once('E:\\GrievanceSys...')
#6 {main}
CRITICAL - 2020-10-14 01:53:09 --> Duplicate entry 'CT00001' for key 'PRIMARY'
#0 E:\GrievanceSystem\system\Database\MySQLi\Connection.php(331): mysqli->query('INSERT INTO `co...')
#1 E:\GrievanceSystem\system\Database\BaseConnection.php(741): CodeIgniter\Database\MySQLi\Connection->execute('INSERT INTO `co...')
#2 E:\GrievanceSystem\system\Database\BaseConnection.php(669): CodeIgniter\Database\BaseConnection->simpleQuery('INSERT INTO `co...')
#3 E:\GrievanceSystem\system\Database\BaseBuilder.php(2249): CodeIgniter\Database\BaseConnection->query('INSERT INTO `co...', Array, false)
#4 E:\GrievanceSystem\app\Models\complaint_model.php(14): CodeIgniter\Database\BaseBuilder->insert(Array)
#5 E:\GrievanceSystem\app\Controllers\UserController.php(45): App\Models\complaint_model->Register_Complaint('CT00001', '2', '3', 'sajhkgfjkasg as...', 'Pending', '2020-10-08', '127.0.0.1', 'Grievence')
#6 E:\GrievanceSystem\system\CodeIgniter.php(918): App\Controllers\UserController->submit_complaint()
#7 E:\GrievanceSystem\system\CodeIgniter.php(404): CodeIgniter\CodeIgniter->runController(Object(App\Controllers\UserController))
#8 E:\GrievanceSystem\system\CodeIgniter.php(312): CodeIgniter\CodeIgniter->handleRequest(NULL, Object(Config\Cache), false)
#9 E:\GrievanceSystem\public\index.php(45): CodeIgniter\CodeIgniter->run()
#10 E:\GrievanceSystem\system\Commands\Server\rewrite.php(34): require_once('E:\\GrievanceSys...')
#11 {main}
CRITICAL - 2020-10-14 02:05:49 --> Undefined variable: var
#0 E:\GrievanceSystem\app\Controllers\UserController.php(38): CodeIgniter\Debug\Exceptions->errorHandler(8, 'Undefined varia...', 'E:\\GrievanceSys...', 38, Array)
#1 E:\GrievanceSystem\system\CodeIgniter.php(918): App\Controllers\UserController->submit_complaint()
#2 E:\GrievanceSystem\system\CodeIgniter.php(404): CodeIgniter\CodeIgniter->runController(Object(App\Controllers\UserController))
#3 E:\GrievanceSystem\system\CodeIgniter.php(312): CodeIgniter\CodeIgniter->handleRequest(NULL, Object(Config\Cache), false)
#4 E:\GrievanceSystem\public\index.php(45): CodeIgniter\CodeIgniter->run()
#5 E:\GrievanceSystem\system\Commands\Server\rewrite.php(34): require_once('E:\\GrievanceSys...')
#6 {main}
CRITICAL - 2020-10-14 02:06:07 --> Duplicate entry 'CT00002' for key 'Ticket_Id'
#0 E:\GrievanceSystem\system\Database\MySQLi\Connection.php(331): mysqli->query('INSERT INTO `co...')
#1 E:\GrievanceSystem\system\Database\BaseConnection.php(741): CodeIgniter\Database\MySQLi\Connection->execute('INSERT INTO `co...')
#2 E:\GrievanceSystem\system\Database\BaseConnection.php(669): CodeIgniter\Database\BaseConnection->simpleQuery('INSERT INTO `co...')
#3 E:\GrievanceSystem\system\Database\BaseBuilder.php(2249): CodeIgniter\Database\BaseConnection->query('INSERT INTO `co...', Array, false)
#4 E:\GrievanceSystem\app\Models\complaint_model.php(14): CodeIgniter\Database\BaseBuilder->insert(Array)
#5 E:\GrievanceSystem\app\Controllers\UserController.php(50): App\Models\complaint_model->Register_Complaint('CT00002', '2', '3', 'sajhkgfjkasg as...', 'Pending', '2020-10-08', '127.0.0.1', 'Grievence')
#6 E:\GrievanceSystem\system\CodeIgniter.php(918): App\Controllers\UserController->submit_complaint()
#7 E:\GrievanceSystem\system\CodeIgniter.php(404): CodeIgniter\CodeIgniter->runController(Object(App\Controllers\UserController))
#8 E:\GrievanceSystem\system\CodeIgniter.php(312): CodeIgniter\CodeIgniter->handleRequest(NULL, Object(Config\Cache), false)
#9 E:\GrievanceSystem\public\index.php(45): CodeIgniter\CodeIgniter->run()
#10 E:\GrievanceSystem\system\Commands\Server\rewrite.php(34): require_once('E:\\GrievanceSys...')
#11 {main}
CRITICAL - 2020-10-14 02:07:51 --> Duplicate entry 'CT00003' for key 'Ticket_Id'
#0 E:\GrievanceSystem\system\Database\MySQLi\Connection.php(331): mysqli->query('INSERT INTO `co...')
#1 E:\GrievanceSystem\system\Database\BaseConnection.php(741): CodeIgniter\Database\MySQLi\Connection->execute('INSERT INTO `co...')
#2 E:\GrievanceSystem\system\Database\BaseConnection.php(669): CodeIgniter\Database\BaseConnection->simpleQuery('INSERT INTO `co...')
#3 E:\GrievanceSystem\system\Database\BaseBuilder.php(2249): CodeIgniter\Database\BaseConnection->query('INSERT INTO `co...', Array, false)
#4 E:\GrievanceSystem\app\Models\complaint_model.php(14): CodeIgniter\Database\BaseBuilder->insert(Array)
#5 E:\GrievanceSystem\app\Controllers\UserController.php(50): App\Models\complaint_model->Register_Complaint('CT00003', '2', '3', 'sajhkgfjkasg as...', 'Pending', '2020-10-08', '127.0.0.1', 'Grievence')
#6 E:\GrievanceSystem\system\CodeIgniter.php(918): App\Controllers\UserController->submit_complaint()
#7 E:\GrievanceSystem\system\CodeIgniter.php(404): CodeIgniter\CodeIgniter->runController(Object(App\Controllers\UserController))
#8 E:\GrievanceSystem\system\CodeIgniter.php(312): CodeIgniter\CodeIgniter->handleRequest(NULL, Object(Config\Cache), false)
#9 E:\GrievanceSystem\public\index.php(45): CodeIgniter\CodeIgniter->run()
#10 E:\GrievanceSystem\system\Commands\Server\rewrite.php(34): require_once('E:\\GrievanceSys...')
#11 {main}
CRITICAL - 2020-10-14 02:15:28 --> Duplicate entry 'CT00003' for key 'Ticket_Id'
#0 E:\GrievanceSystem\system\Database\MySQLi\Connection.php(331): mysqli->query('INSERT INTO `co...')
#1 E:\GrievanceSystem\system\Database\BaseConnection.php(741): CodeIgniter\Database\MySQLi\Connection->execute('INSERT INTO `co...')
#2 E:\GrievanceSystem\system\Database\BaseConnection.php(669): CodeIgniter\Database\BaseConnection->simpleQuery('INSERT INTO `co...')
#3 E:\GrievanceSystem\system\Database\BaseBuilder.php(2249): CodeIgniter\Database\BaseConnection->query('INSERT INTO `co...', Array, false)
#4 E:\GrievanceSystem\app\Models\complaint_model.php(14): CodeIgniter\Database\BaseBuilder->insert(Array)
#5 E:\GrievanceSystem\app\Controllers\UserController.php(54): App\Models\complaint_model->Register_Complaint('CT00003', '2', '3', 'sajhkgfjkasg as...', 'Pending', '2020-10-08', '127.0.0.1', 'Grievence')
#6 E:\GrievanceSystem\system\CodeIgniter.php(918): App\Controllers\UserController->submit_complaint()
#7 E:\GrievanceSystem\system\CodeIgniter.php(404): CodeIgniter\CodeIgniter->runController(Object(App\Controllers\UserController))
#8 E:\GrievanceSystem\system\CodeIgniter.php(312): CodeIgniter\CodeIgniter->handleRequest(NULL, Object(Config\Cache), false)
#9 E:\GrievanceSystem\public\index.php(45): CodeIgniter\CodeIgniter->run()
#10 E:\GrievanceSystem\system\Commands\Server\rewrite.php(34): require_once('E:\\GrievanceSys...')
#11 {main}
CRITICAL - 2020-10-14 02:16:53 --> Duplicate entry 'CT00003' for key 'Ticket_Id'
#0 E:\GrievanceSystem\system\Database\MySQLi\Connection.php(331): mysqli->query('INSERT INTO `co...')
#1 E:\GrievanceSystem\system\Database\BaseConnection.php(741): CodeIgniter\Database\MySQLi\Connection->execute('INSERT INTO `co...')
#2 E:\GrievanceSystem\system\Database\BaseConnection.php(669): CodeIgniter\Database\BaseConnection->simpleQuery('INSERT INTO `co...')
#3 E:\GrievanceSystem\system\Database\BaseBuilder.php(2249): CodeIgniter\Database\BaseConnection->query('INSERT INTO `co...', Array, false)
#4 E:\GrievanceSystem\app\Models\complaint_model.php(14): CodeIgniter\Database\BaseBuilder->insert(Array)
#5 E:\GrievanceSystem\app\Controllers\UserController.php(54): App\Models\complaint_model->Register_Complaint('CT00003', '2', '3', 'sajhkgfjkasg as...', 'Pending', '2020-10-08', '127.0.0.1', 'Grievence')
#6 E:\GrievanceSystem\system\CodeIgniter.php(918): App\Controllers\UserController->submit_complaint()
#7 E:\GrievanceSystem\system\CodeIgniter.php(404): CodeIgniter\CodeIgniter->runController(Object(App\Controllers\UserController))
#8 E:\GrievanceSystem\system\CodeIgniter.php(312): CodeIgniter\CodeIgniter->handleRequest(NULL, Object(Config\Cache), false)
#9 E:\GrievanceSystem\public\index.php(45): CodeIgniter\CodeIgniter->run()
#10 E:\GrievanceSystem\system\Commands\Server\rewrite.php(34): require_once('E:\\GrievanceSys...')
#11 {main}
CRITICAL - 2020-10-14 02:19:11 --> Call to undefined function App\Controllers\now()
#0 E:\GrievanceSystem\system\CodeIgniter.php(918): App\Controllers\UserController->submit_complaint()
#1 E:\GrievanceSystem\system\CodeIgniter.php(404): CodeIgniter\CodeIgniter->runController(Object(App\Controllers\UserController))
#2 E:\GrievanceSystem\system\CodeIgniter.php(312): CodeIgniter\CodeIgniter->handleRequest(NULL, Object(Config\Cache), false)
#3 E:\GrievanceSystem\public\index.php(45): CodeIgniter\CodeIgniter->run()
#4 E:\GrievanceSystem\system\Commands\Server\rewrite.php(34): require_once('E:\\GrievanceSys...')
#5 {main}
CRITICAL - 2020-10-14 02:20:28 --> Duplicate entry 'CT00003' for key 'Ticket_Id'
#0 E:\GrievanceSystem\system\Database\MySQLi\Connection.php(331): mysqli->query('INSERT INTO `co...')
#1 E:\GrievanceSystem\system\Database\BaseConnection.php(741): CodeIgniter\Database\MySQLi\Connection->execute('INSERT INTO `co...')
#2 E:\GrievanceSystem\system\Database\BaseConnection.php(669): CodeIgniter\Database\BaseConnection->simpleQuery('INSERT INTO `co...')
#3 E:\GrievanceSystem\system\Database\BaseBuilder.php(2249): CodeIgniter\Database\BaseConnection->query('INSERT INTO `co...', Array, false)
#4 E:\GrievanceSystem\app\Models\complaint_model.php(14): CodeIgniter\Database\BaseBuilder->insert(Array)
#5 E:\GrievanceSystem\app\Controllers\UserController.php(54): App\Models\complaint_model->Register_Complaint('CT00003', '2', '3', 'sajhkgfjkasg as...', 'Pending', '2020-10-08', '127.0.0.1', 'Grievence')
#6 E:\GrievanceSystem\system\CodeIgniter.php(918): App\Controllers\UserController->submit_complaint()
#7 E:\GrievanceSystem\system\CodeIgniter.php(404): CodeIgniter\CodeIgniter->runController(Object(App\Controllers\UserController))
#8 E:\GrievanceSystem\system\CodeIgniter.php(312): CodeIgniter\CodeIgniter->handleRequest(NULL, Object(Config\Cache), false)
#9 E:\GrievanceSystem\public\index.php(45): CodeIgniter\CodeIgniter->run()
#10 E:\GrievanceSystem\system\Commands\Server\rewrite.php(34): require_once('E:\\GrievanceSys...')
#11 {main}
CRITICAL - 2020-10-14 02:26:30 --> Call to undefined function App\Controllers\CONCAT()
#0 E:\GrievanceSystem\system\CodeIgniter.php(918): App\Controllers\UserController->submit_complaint()
#1 E:\GrievanceSystem\system\CodeIgniter.php(404): CodeIgniter\CodeIgniter->runController(Object(App\Controllers\UserController))
#2 E:\GrievanceSystem\system\CodeIgniter.php(312): CodeIgniter\CodeIgniter->handleRequest(NULL, Object(Config\Cache), false)
#3 E:\GrievanceSystem\public\index.php(45): CodeIgniter\CodeIgniter->run()
#4 E:\GrievanceSystem\system\Commands\Server\rewrite.php(34): require_once('E:\\GrievanceSys...')
#5 {main}
CRITICAL - 2020-10-14 02:38:07 --> Undefined property: App\Controllers\UserController::$db
#0 E:\GrievanceSystem\app\Controllers\UserController.php(41): CodeIgniter\Debug\Exceptions->errorHandler(8, 'Undefined prope...', 'E:\\GrievanceSys...', 41, Array)
#1 E:\GrievanceSystem\system\CodeIgniter.php(918): App\Controllers\UserController->submit_complaint()
#2 E:\GrievanceSystem\system\CodeIgniter.php(404): CodeIgniter\CodeIgniter->runController(Object(App\Controllers\UserController))
#3 E:\GrievanceSystem\system\CodeIgniter.php(312): CodeIgniter\CodeIgniter->handleRequest(NULL, Object(Config\Cache), false)
#4 E:\GrievanceSystem\public\index.php(45): CodeIgniter\CodeIgniter->run()
#5 E:\GrievanceSystem\system\Commands\Server\rewrite.php(34): require_once('E:\\GrievanceSys...')
#6 {main}
CRITICAL - 2020-10-14 02:38:31 --> Undefined variable: db
#0 E:\GrievanceSystem\app\Controllers\UserController.php(41): CodeIgniter\Debug\Exceptions->errorHandler(8, 'Undefined varia...', 'E:\\GrievanceSys...', 41, Array)
#1 E:\GrievanceSystem\system\CodeIgniter.php(918): App\Controllers\UserController->submit_complaint()
#2 E:\GrievanceSystem\system\CodeIgniter.php(404): CodeIgniter\CodeIgniter->runController(Object(App\Controllers\UserController))
#3 E:\GrievanceSystem\system\CodeIgniter.php(312): CodeIgniter\CodeIgniter->handleRequest(NULL, Object(Config\Cache), false)
#4 E:\GrievanceSystem\public\index.php(45): CodeIgniter\CodeIgniter->run()
#5 E:\GrievanceSystem\system\Commands\Server\rewrite.php(34): require_once('E:\\GrievanceSys...')
#6 {main}
CRITICAL - 2020-10-14 02:50:24 --> Undefined variable: db
#0 E:\GrievanceSystem\app\Models\complaint_model.php(25): CodeIgniter\Debug\Exceptions->errorHandler(8, 'Undefined varia...', 'E:\\GrievanceSys...', 25, Array)
#1 E:\GrievanceSystem\app\Controllers\UserController.php(41): App\Models\complaint_model->Get_Max_Ticket_Id()
#2 E:\GrievanceSystem\system\CodeIgniter.php(918): App\Controllers\UserController->submit_complaint()
#3 E:\GrievanceSystem\system\CodeIgniter.php(404): CodeIgniter\CodeIgniter->runController(Object(App\Controllers\UserController))
#4 E:\GrievanceSystem\system\CodeIgniter.php(312): CodeIgniter\CodeIgniter->handleRequest(NULL, Object(Config\Cache), false)
#5 E:\GrievanceSystem\public\index.php(45): CodeIgniter\CodeIgniter->run()
#6 E:\GrievanceSystem\system\Commands\Server\rewrite.php(34): require_once('E:\\GrievanceSys...')
#7 {main}
CRITICAL - 2020-10-14 02:50:41 --> Undefined variable: db
#0 E:\GrievanceSystem\app\Models\complaint_model.php(25): CodeIgniter\Debug\Exceptions->errorHandler(8, 'Undefined varia...', 'E:\\GrievanceSys...', 25, Array)
#1 E:\GrievanceSystem\app\Controllers\UserController.php(41): App\Models\complaint_model->Get_Max_Ticket_Id()
#2 E:\GrievanceSystem\system\CodeIgniter.php(918): App\Controllers\UserController->submit_complaint()
#3 E:\GrievanceSystem\system\CodeIgniter.php(404): CodeIgniter\CodeIgniter->runController(Object(App\Controllers\UserController))
#4 E:\GrievanceSystem\system\CodeIgniter.php(312): CodeIgniter\CodeIgniter->handleRequest(NULL, Object(Config\Cache), false)
#5 E:\GrievanceSystem\public\index.php(45): CodeIgniter\CodeIgniter->run()
#6 E:\GrievanceSystem\system\Commands\Server\rewrite.php(34): require_once('E:\\GrievanceSys...')
#7 {main}
CRITICAL - 2020-10-14 02:51:02 --> Undefined property: CodeIgniter\Database\MySQLi\Result::$count
#0 E:\GrievanceSystem\app\Models\complaint_model.php(28): CodeIgniter\Debug\Exceptions->errorHandler(8, 'Undefined prope...', 'E:\\GrievanceSys...', 28, Array)
#1 E:\GrievanceSystem\app\Controllers\UserController.php(41): App\Models\complaint_model->Get_Max_Ticket_Id()
#2 E:\GrievanceSystem\system\CodeIgniter.php(918): App\Controllers\UserController->submit_complaint()
#3 E:\GrievanceSystem\system\CodeIgniter.php(404): CodeIgniter\CodeIgniter->runController(Object(App\Controllers\UserController))
#4 E:\GrievanceSystem\system\CodeIgniter.php(312): CodeIgniter\CodeIgniter->handleRequest(NULL, Object(Config\Cache), false)
#5 E:\GrievanceSystem\public\index.php(45): CodeIgniter\CodeIgniter->run()
#6 E:\GrievanceSystem\system\Commands\Server\rewrite.php(34): require_once('E:\\GrievanceSys...')
#7 {main}
CRITICAL - 2020-10-14 03:00:27 --> Object of class CodeIgniter\Database\MySQLi\Result could not be converted to string
#0 E:\GrievanceSystem\app\Controllers\UserController.php(41): App\Models\complaint_model->Get_Max_Ticket_Id()
#1 E:\GrievanceSystem\system\CodeIgniter.php(918): App\Controllers\UserController->submit_complaint()
#2 E:\GrievanceSystem\system\CodeIgniter.php(404): CodeIgniter\CodeIgniter->runController(Object(App\Controllers\UserController))
#3 E:\GrievanceSystem\system\CodeIgniter.php(312): CodeIgniter\CodeIgniter->handleRequest(NULL, Object(Config\Cache), false)
#4 E:\GrievanceSystem\public\index.php(45): CodeIgniter\CodeIgniter->run()
#5 E:\GrievanceSystem\system\Commands\Server\rewrite.php(34): require_once('E:\\GrievanceSys...')
#6 {main}
CRITICAL - 2020-10-14 03:09:31 --> Object of class mysqli could not be converted to string
#0 E:\GrievanceSystem\app\Controllers\UserController.php(41): App\Models\complaint_model->Get_Max_Ticket_Id()
#1 E:\GrievanceSystem\system\CodeIgniter.php(918): App\Controllers\UserController->submit_complaint()
#2 E:\GrievanceSystem\system\CodeIgniter.php(404): CodeIgniter\CodeIgniter->runController(Object(App\Controllers\UserController))
#3 E:\GrievanceSystem\system\CodeIgniter.php(312): CodeIgniter\CodeIgniter->handleRequest(NULL, Object(Config\Cache), false)
#4 E:\GrievanceSystem\public\index.php(45): CodeIgniter\CodeIgniter->run()
#5 E:\GrievanceSystem\system\Commands\Server\rewrite.php(34): require_once('E:\\GrievanceSys...')
#6 {main}
CRITICAL - 2020-10-14 03:20:54 --> Call to undefined method CodeIgniter\Database\MySQLi\Result::result()
#0 E:\GrievanceSystem\app\Controllers\UserController.php(41): App\Models\complaint_model->Get_Max_Ticket_Id()
#1 E:\GrievanceSystem\system\CodeIgniter.php(918): App\Controllers\UserController->submit_complaint()
#2 E:\GrievanceSystem\system\CodeIgniter.php(404): CodeIgniter\CodeIgniter->runController(Object(App\Controllers\UserController))
#3 E:\GrievanceSystem\system\CodeIgniter.php(312): CodeIgniter\CodeIgniter->handleRequest(NULL, Object(Config\Cache), false)
#4 E:\GrievanceSystem\public\index.php(45): CodeIgniter\CodeIgniter->run()
#5 E:\GrievanceSystem\system\Commands\Server\rewrite.php(34): require_once('E:\\GrievanceSys...')
#6 {main}
CRITICAL - 2020-10-14 03:22:31 --> Call to undefined method CodeIgniter\Database\MySQLi\Result::result()
#0 E:\GrievanceSystem\app\Controllers\UserController.php(41): App\Models\complaint_model->Get_Max_Ticket_Id()
#1 E:\GrievanceSystem\system\CodeIgniter.php(918): App\Controllers\UserController->submit_complaint()
#2 E:\GrievanceSystem\system\CodeIgniter.php(404): CodeIgniter\CodeIgniter->runController(Object(App\Controllers\UserController))
#3 E:\GrievanceSystem\system\CodeIgniter.php(312): CodeIgniter\CodeIgniter->handleRequest(NULL, Object(Config\Cache), false)
#4 E:\GrievanceSystem\public\index.php(45): CodeIgniter\CodeIgniter->run()
#5 E:\GrievanceSystem\system\Commands\Server\rewrite.php(34): require_once('E:\\GrievanceSys...')
#6 {main}
CRITICAL - 2020-10-14 03:22:53 --> Call to undefined method CodeIgniter\Database\MySQLi\Result::result_array()
#0 E:\GrievanceSystem\app\Controllers\UserController.php(41): App\Models\complaint_model->Get_Max_Ticket_Id()
#1 E:\GrievanceSystem\system\CodeIgniter.php(918): App\Controllers\UserController->submit_complaint()
#2 E:\GrievanceSystem\system\CodeIgniter.php(404): CodeIgniter\CodeIgniter->runController(Object(App\Controllers\UserController))
#3 E:\GrievanceSystem\system\CodeIgniter.php(312): CodeIgniter\CodeIgniter->handleRequest(NULL, Object(Config\Cache), false)
#4 E:\GrievanceSystem\public\index.php(45): CodeIgniter\CodeIgniter->run()
#5 E:\GrievanceSystem\system\Commands\Server\rewrite.php(34): require_once('E:\\GrievanceSys...')
#6 {main}
CRITICAL - 2020-10-14 03:25:08 --> Call to undefined method CodeIgniter\Database\MySQLi\Builder::getResult()
#0 E:\GrievanceSystem\app\Controllers\UserController.php(41): App\Models\complaint_model->Get_Max_Ticket_Id()
#1 E:\GrievanceSystem\system\CodeIgniter.php(918): App\Controllers\UserController->submit_complaint()
#2 E:\GrievanceSystem\system\CodeIgniter.php(404): CodeIgniter\CodeIgniter->runController(Object(App\Controllers\UserController))
#3 E:\GrievanceSystem\system\CodeIgniter.php(312): CodeIgniter\CodeIgniter->handleRequest(NULL, Object(Config\Cache), false)
#4 E:\GrievanceSystem\public\index.php(45): CodeIgniter\CodeIgniter->run()
#5 E:\GrievanceSystem\system\Commands\Server\rewrite.php(34): require_once('E:\\GrievanceSys...')
#6 {main}
CRITICAL - 2020-10-14 03:26:09 --> Undefined variable: querygetResult
#0 E:\GrievanceSystem\app\Models\complaint_model.php(28): CodeIgniter\Debug\Exceptions->errorHandler(8, 'Undefined varia...', 'E:\\GrievanceSys...', 28, Array)
#1 E:\GrievanceSystem\app\Controllers\UserController.php(41): App\Models\complaint_model->Get_Max_Ticket_Id()
#2 E:\GrievanceSystem\system\CodeIgniter.php(918): App\Controllers\UserController->submit_complaint()
#3 E:\GrievanceSystem\system\CodeIgniter.php(404): CodeIgniter\CodeIgniter->runController(Object(App\Controllers\UserController))
#4 E:\GrievanceSystem\system\CodeIgniter.php(312): CodeIgniter\CodeIgniter->handleRequest(NULL, Object(Config\Cache), false)
#5 E:\GrievanceSystem\public\index.php(45): CodeIgniter\CodeIgniter->run()
#6 E:\GrievanceSystem\system\Commands\Server\rewrite.php(34): require_once('E:\\GrievanceSys...')
#7 {main}
CRITICAL - 2020-10-14 03:27:39 --> substr() expects parameter 1 to be string, array given
#0 [internal function]: CodeIgniter\Debug\Exceptions->errorHandler(2, 'substr() expect...', 'E:\\GrievanceSys...', 47, Array)
#1 E:\GrievanceSystem\app\Controllers\UserController.php(47): substr(Array, 11, 5)
#2 E:\GrievanceSystem\system\CodeIgniter.php(918): App\Controllers\UserController->submit_complaint()
#3 E:\GrievanceSystem\system\CodeIgniter.php(404): CodeIgniter\CodeIgniter->runController(Object(App\Controllers\UserController))
#4 E:\GrievanceSystem\system\CodeIgniter.php(312): CodeIgniter\CodeIgniter->handleRequest(NULL, Object(Config\Cache), false)
#5 E:\GrievanceSystem\public\index.php(45): CodeIgniter\CodeIgniter->run()
#6 E:\GrievanceSystem\system\Commands\Server\rewrite.php(34): require_once('E:\\GrievanceSys...')
#7 {main}
CRITICAL - 2020-10-14 03:29:56 --> substr() expects parameter 1 to be string, array given
#0 [internal function]: CodeIgniter\Debug\Exceptions->errorHandler(2, 'substr() expect...', 'E:\\GrievanceSys...', 47, Array)
#1 E:\GrievanceSystem\app\Controllers\UserController.php(47): substr(Array, 11, 5)
#2 E:\GrievanceSystem\system\CodeIgniter.php(918): App\Controllers\UserController->submit_complaint()
#3 E:\GrievanceSystem\system\CodeIgniter.php(404): CodeIgniter\CodeIgniter->runController(Object(App\Controllers\UserController))
#4 E:\GrievanceSystem\system\CodeIgniter.php(312): CodeIgniter\CodeIgniter->handleRequest(NULL, Object(Config\Cache), false)
#5 E:\GrievanceSystem\public\index.php(45): CodeIgniter\CodeIgniter->run()
#6 E:\GrievanceSystem\system\Commands\Server\rewrite.php(34): require_once('E:\\GrievanceSys...')
#7 {main}
CRITICAL - 2020-10-14 03:31:24 --> substr() expects parameter 1 to be string, array given
#0 [internal function]: CodeIgniter\Debug\Exceptions->errorHandler(2, 'substr() expect...', 'E:\\GrievanceSys...', 47, Array)
#1 E:\GrievanceSystem\app\Controllers\UserController.php(47): substr(Array, 11, 5)
#2 E:\GrievanceSystem\system\CodeIgniter.php(918): App\Controllers\UserController->submit_complaint()
#3 E:\GrievanceSystem\system\CodeIgniter.php(404): CodeIgniter\CodeIgniter->runController(Object(App\Controllers\UserController))
#4 E:\GrievanceSystem\system\CodeIgniter.php(312): CodeIgniter\CodeIgniter->handleRequest(NULL, Object(Config\Cache), false)
#5 E:\GrievanceSystem\public\index.php(45): CodeIgniter\CodeIgniter->run()
#6 E:\GrievanceSystem\system\Commands\Server\rewrite.php(34): require_once('E:\\GrievanceSys...')
#7 {main}
CRITICAL - 2020-10-14 03:32:17 --> Undefined index: Ticket_Id
#0 E:\GrievanceSystem\app\Controllers\UserController.php(42): CodeIgniter\Debug\Exceptions->errorHandler(8, 'Undefined index...', 'E:\\GrievanceSys...', 42, Array)
#1 E:\GrievanceSystem\system\CodeIgniter.php(918): App\Controllers\UserController->submit_complaint()
#2 E:\GrievanceSystem\system\CodeIgniter.php(404): CodeIgniter\CodeIgniter->runController(Object(App\Controllers\UserController))
#3 E:\GrievanceSystem\system\CodeIgniter.php(312): CodeIgniter\CodeIgniter->handleRequest(NULL, Object(Config\Cache), false)
#4 E:\GrievanceSystem\public\index.php(45): CodeIgniter\CodeIgniter->run()
#5 E:\GrievanceSystem\system\Commands\Server\rewrite.php(34): require_once('E:\\GrievanceSys...')
#6 {main}
CRITICAL - 2020-10-14 03:32:40 --> Undefined index: Ticket_Id
#0 E:\GrievanceSystem\app\Controllers\UserController.php(42): CodeIgniter\Debug\Exceptions->errorHandler(8, 'Undefined index...', 'E:\\GrievanceSys...', 42, Array)
#1 E:\GrievanceSystem\system\CodeIgniter.php(918): App\Controllers\UserController->submit_complaint()
#2 E:\GrievanceSystem\system\CodeIgniter.php(404): CodeIgniter\CodeIgniter->runController(Object(App\Controllers\UserController))
#3 E:\GrievanceSystem\system\CodeIgniter.php(312): CodeIgniter\CodeIgniter->handleRequest(NULL, Object(Config\Cache), false)
#4 E:\GrievanceSystem\public\index.php(45): CodeIgniter\CodeIgniter->run()
#5 E:\GrievanceSystem\system\Commands\Server\rewrite.php(34): require_once('E:\\GrievanceSys...')
#6 {main}
CRITICAL - 2020-10-14 04:02:53 --> Undefined offset: 0
#0 E:\GrievanceSystem\app\Controllers\UserController.php(42): CodeIgniter\Debug\Exceptions->errorHandler(8, 'Undefined offse...', 'E:\\GrievanceSys...', 42, Array)
#1 E:\GrievanceSystem\system\CodeIgniter.php(918): App\Controllers\UserController->submit_complaint()
#2 E:\GrievanceSystem\system\CodeIgniter.php(404): CodeIgniter\CodeIgniter->runController(Object(App\Controllers\UserController))
#3 E:\GrievanceSystem\system\CodeIgniter.php(312): CodeIgniter\CodeIgniter->handleRequest(NULL, Object(Config\Cache), false)
#4 E:\GrievanceSystem\public\index.php(45): CodeIgniter\CodeIgniter->run()
#5 E:\GrievanceSystem\system\Commands\Server\rewrite.php(34): require_once('E:\\GrievanceSys...')
#6 {main}
CRITICAL - 2020-10-14 04:05:59 --> substr() expects parameter 1 to be string, array given
#0 [internal function]: CodeIgniter\Debug\Exceptions->errorHandler(2, 'substr() expect...', 'E:\\GrievanceSys...', 47, Array)
#1 E:\GrievanceSystem\app\Controllers\UserController.php(47): substr(Array, 11, 5)
#2 E:\GrievanceSystem\system\CodeIgniter.php(918): App\Controllers\UserController->submit_complaint()
#3 E:\GrievanceSystem\system\CodeIgniter.php(404): CodeIgniter\CodeIgniter->runController(Object(App\Controllers\UserController))
#4 E:\GrievanceSystem\system\CodeIgniter.php(312): CodeIgniter\CodeIgniter->handleRequest(NULL, Object(Config\Cache), false)
#5 E:\GrievanceSystem\public\index.php(45): CodeIgniter\CodeIgniter->run()
#6 E:\GrievanceSystem\system\Commands\Server\rewrite.php(34): require_once('E:\\GrievanceSys...')
#7 {main}
CRITICAL - 2020-10-14 04:11:11 --> A non-numeric value encountered
#0 E:\GrievanceSystem\app\Controllers\UserController.php(50): CodeIgniter\Debug\Exceptions->errorHandler(2, 'A non-numeric v...', 'E:\\GrievanceSys...', 50, Array)
#1 E:\GrievanceSystem\system\CodeIgniter.php(918): App\Controllers\UserController->submit_complaint()
#2 E:\GrievanceSystem\system\CodeIgniter.php(404): CodeIgniter\CodeIgniter->runController(Object(App\Controllers\UserController))
#3 E:\GrievanceSystem\system\CodeIgniter.php(312): CodeIgniter\CodeIgniter->handleRequest(NULL, Object(Config\Cache), false)
#4 E:\GrievanceSystem\public\index.php(45): CodeIgniter\CodeIgniter->run()
#5 E:\GrievanceSystem\system\Commands\Server\rewrite.php(34): require_once('E:\\GrievanceSys...')
#6 {main}
CRITICAL - 2020-10-14 04:11:44 --> A non-numeric value encountered
#0 E:\GrievanceSystem\app\Controllers\UserController.php(50): CodeIgniter\Debug\Exceptions->errorHandler(2, 'A non-numeric v...', 'E:\\GrievanceSys...', 50, Array)
#1 E:\GrievanceSystem\system\CodeIgniter.php(918): App\Controllers\UserController->submit_complaint()
#2 E:\GrievanceSystem\system\CodeIgniter.php(404): CodeIgniter\CodeIgniter->runController(Object(App\Controllers\UserController))
#3 E:\GrievanceSystem\system\CodeIgniter.php(312): CodeIgniter\CodeIgniter->handleRequest(NULL, Object(Config\Cache), false)
#4 E:\GrievanceSystem\public\index.php(45): CodeIgniter\CodeIgniter->run()
#5 E:\GrievanceSystem\system\Commands\Server\rewrite.php(34): require_once('E:\\GrievanceSys...')
#6 {main}
CRITICAL - 2020-10-14 04:12:08 --> A non-numeric value encountered
#0 E:\GrievanceSystem\app\Controllers\UserController.php(50): CodeIgniter\Debug\Exceptions->errorHandler(2, 'A non-numeric v...', 'E:\\GrievanceSys...', 50, Array)
#1 E:\GrievanceSystem\system\CodeIgniter.php(918): App\Controllers\UserController->submit_complaint()
#2 E:\GrievanceSystem\system\CodeIgniter.php(404): CodeIgniter\CodeIgniter->runController(Object(App\Controllers\UserController))
#3 E:\GrievanceSystem\system\CodeIgniter.php(312): CodeIgniter\CodeIgniter->handleRequest(NULL, Object(Config\Cache), false)
#4 E:\GrievanceSystem\public\index.php(45): CodeIgniter\CodeIgniter->run()
#5 E:\GrievanceSystem\system\Commands\Server\rewrite.php(34): require_once('E:\\GrievanceSys...')
#6 {main}
CRITICAL - 2020-10-14 04:21:19 --> Use of undefined constant ticketNo - assumed 'ticketNo' (this will throw an Error in a future version of PHP)
#0 E:\GrievanceSystem\app\Controllers\UserController.php(50): CodeIgniter\Debug\Exceptions->errorHandler(2, 'Use of undefine...', 'E:\\GrievanceSys...', 50, Array)
#1 E:\GrievanceSystem\system\CodeIgniter.php(918): App\Controllers\UserController->submit_complaint()
#2 E:\GrievanceSystem\system\CodeIgniter.php(404): CodeIgniter\CodeIgniter->runController(Object(App\Controllers\UserController))
#3 E:\GrievanceSystem\system\CodeIgniter.php(312): CodeIgniter\CodeIgniter->handleRequest(NULL, Object(Config\Cache), false)
#4 E:\GrievanceSystem\public\index.php(45): CodeIgniter\CodeIgniter->run()
#5 E:\GrievanceSystem\system\Commands\Server\rewrite.php(34): require_once('E:\\GrievanceSys...')
#6 {main}
CRITICAL - 2020-10-14 04:29:40 --> Trying to access array offset on value of type bool
#0 E:\GrievanceSystem\app\Controllers\UserController.php(62): CodeIgniter\Debug\Exceptions->errorHandler(8, 'Trying to acces...', 'E:\\GrievanceSys...', 62, Array)
#1 E:\GrievanceSystem\system\CodeIgniter.php(918): App\Controllers\UserController->submit_complaint()
#2 E:\GrievanceSystem\system\CodeIgniter.php(404): CodeIgniter\CodeIgniter->runController(Object(App\Controllers\UserController))
#3 E:\GrievanceSystem\system\CodeIgniter.php(312): CodeIgniter\CodeIgniter->handleRequest(NULL, Object(Config\Cache), false)
#4 E:\GrievanceSystem\public\index.php(45): CodeIgniter\CodeIgniter->run()
#5 E:\GrievanceSystem\system\Commands\Server\rewrite.php(34): require_once('E:\\GrievanceSys...')
#6 {main}
CRITICAL - 2020-10-14 04:30:34 --> Trying to access array offset on value of type bool
#0 E:\GrievanceSystem\app\Controllers\UserController.php(62): CodeIgniter\Debug\Exceptions->errorHandler(8, 'Trying to acces...', 'E:\\GrievanceSys...', 62, Array)
#1 E:\GrievanceSystem\system\CodeIgniter.php(918): App\Controllers\UserController->submit_complaint()
#2 E:\GrievanceSystem\system\CodeIgniter.php(404): CodeIgniter\CodeIgniter->runController(Object(App\Controllers\UserController))
#3 E:\GrievanceSystem\system\CodeIgniter.php(312): CodeIgniter\CodeIgniter->handleRequest(NULL, Object(Config\Cache), false)
#4 E:\GrievanceSystem\public\index.php(45): CodeIgniter\CodeIgniter->run()
#5 E:\GrievanceSystem\system\Commands\Server\rewrite.php(34): require_once('E:\\GrievanceSys...')
#6 {main}
CRITICAL - 2020-10-14 05:10:15 --> Duplicate entry 'CT2020101410' for key 'Ticket_Id'
#0 E:\GrievanceSystem\system\Database\MySQLi\Connection.php(331): mysqli->query('INSERT INTO `co...')
#1 E:\GrievanceSystem\system\Database\BaseConnection.php(741): CodeIgniter\Database\MySQLi\Connection->execute('INSERT INTO `co...')
#2 E:\GrievanceSystem\system\Database\BaseConnection.php(669): CodeIgniter\Database\BaseConnection->simpleQuery('INSERT INTO `co...')
#3 E:\GrievanceSystem\system\Database\BaseBuilder.php(2249): CodeIgniter\Database\BaseConnection->query('INSERT INTO `co...', Array, false)
#4 E:\GrievanceSystem\app\Models\complaint_model.php(14): CodeIgniter\Database\BaseBuilder->insert(Array)
#5 E:\GrievanceSystem\app\Controllers\UserController.php(59): App\Models\complaint_model->Register_Complaint('CT2020101410', '1', '2', 'asdsf sd sd g s...', 'Pending', Object(CodeIgniter\I18n\Time), '127.0.0.1', 'Grievence')
#6 E:\GrievanceSystem\system\CodeIgniter.php(918): App\Controllers\UserController->submit_complaint()
#7 E:\GrievanceSystem\system\CodeIgniter.php(404): CodeIgniter\CodeIgniter->runController(Object(App\Controllers\UserController))
#8 E:\GrievanceSystem\system\CodeIgniter.php(312): CodeIgniter\CodeIgniter->handleRequest(NULL, Object(Config\Cache), false)
#9 E:\GrievanceSystem\public\index.php(45): CodeIgniter\CodeIgniter->run()
#10 E:\GrievanceSystem\system\Commands\Server\rewrite.php(34): require_once('E:\\GrievanceSys...')
#11 {main}
CRITICAL - 2020-10-14 05:21:54 --> Undefined variable: str
#0 E:\GrievanceSystem\app\Controllers\UserController.php(50): CodeIgniter\Debug\Exceptions->errorHandler(8, 'Undefined varia...', 'E:\\GrievanceSys...', 50, Array)
#1 E:\GrievanceSystem\system\CodeIgniter.php(918): App\Controllers\UserController->submit_complaint()
#2 E:\GrievanceSystem\system\CodeIgniter.php(404): CodeIgniter\CodeIgniter->runController(Object(App\Controllers\UserController))
#3 E:\GrievanceSystem\system\CodeIgniter.php(312): CodeIgniter\CodeIgniter->handleRequest(NULL, Object(Config\Cache), false)
#4 E:\GrievanceSystem\public\index.php(45): CodeIgniter\CodeIgniter->run()
#5 E:\GrievanceSystem\system\Commands\Server\rewrite.php(34): require_once('E:\\GrievanceSys...')
#6 {main}
CRITICAL - 2020-10-14 05:58:04 --> syntax error, unexpected '{'
#0 E:\GrievanceSystem\system\Autoloader\Autoloader.php(296): CodeIgniter\Autoloader\Autoloader->requireFile('E:\\GrievanceSys...')
#1 E:\GrievanceSystem\system\Autoloader\Autoloader.php(258): CodeIgniter\Autoloader\Autoloader->loadInNamespace('App\\Controllers...')
#2 [internal function]: CodeIgniter\Autoloader\Autoloader->loadClass('App\\Controllers...')
#3 [internal function]: spl_autoload_call('App\\Controllers...')
#4 E:\GrievanceSystem\system\CodeIgniter.php(869): class_exists('\\App\\Controller...', true)
#5 E:\GrievanceSystem\system\CodeIgniter.php(394): CodeIgniter\CodeIgniter->startController()
#6 E:\GrievanceSystem\system\CodeIgniter.php(312): CodeIgniter\CodeIgniter->handleRequest(NULL, Object(Config\Cache), false)
#7 E:\GrievanceSystem\public\index.php(45): CodeIgniter\CodeIgniter->run()
#8 E:\GrievanceSystem\system\Commands\Server\rewrite.php(34): require_once('E:\\GrievanceSys...')
#9 {main}
