CRITICAL - 2020-11-23 00:03:59 --> Unknown column 'cmp.Upload_Img_Vdo' in 'field list'
#0 E:\GrievanceSystem\system\Database\MySQLi\Connection.php(331): mysqli->query('SELECT Ticket_I...')
#1 E:\GrievanceSystem\system\Database\BaseConnection.php(741): CodeIgniter\Database\MySQLi\Connection->execute('SELECT Ticket_I...')
#2 E:\GrievanceSystem\system\Database\BaseConnection.php(669): CodeIgniter\Database\BaseConnection->simpleQuery('SELECT Ticket_I...')
#3 E:\GrievanceSystem\app\Models\show_complaint_model.php(38): CodeIgniter\Database\BaseConnection->query('SELECT Ticket_I...')
#4 E:\GrievanceSystem\app\Controllers\AdminController.php(61): App\Models\show_complaint_model->Show_Complaint('1')
#5 E:\GrievanceSystem\system\CodeIgniter.php(918): App\Controllers\AdminController->ShowComplaint()
#6 E:\GrievanceSystem\system\CodeIgniter.php(404): CodeIgniter\CodeIgniter->runController(Object(App\Controllers\AdminController))
#7 E:\GrievanceSystem\system\CodeIgniter.php(312): CodeIgniter\CodeIgniter->handleRequest(NULL, Object(Config\Cache), false)
#8 E:\GrievanceSystem\public\index.php(45): CodeIgniter\CodeIgniter->run()
#9 E:\GrievanceSystem\system\Commands\Server\rewrite.php(34): require_once('E:\\GrievanceSys...')
#10 {main}
CRITICAL - 2020-11-23 00:48:41 --> Call to undefined function App\Controllers\Show_Image_Video()
#0 E:\GrievanceSystem\system\CodeIgniter.php(918): App\Controllers\AdminController->ShowImageVideo()
#1 E:\GrievanceSystem\system\CodeIgniter.php(404): CodeIgniter\CodeIgniter->runController(Object(App\Controllers\AdminController))
#2 E:\GrievanceSystem\system\CodeIgniter.php(312): CodeIgniter\CodeIgniter->handleRequest(NULL, Object(Config\Cache), false)
#3 E:\GrievanceSystem\public\index.php(45): CodeIgniter\CodeIgniter->run()
#4 E:\GrievanceSystem\system\Commands\Server\rewrite.php(34): require_once('E:\\GrievanceSys...')
#5 {main}
CRITICAL - 2020-11-23 00:49:50 --> Undefined variable: bulider
#0 E:\GrievanceSystem\app\Models\show_complaint_model.php(45): CodeIgniter\Debug\Exceptions->errorHandler(8, 'Undefined varia...', 'E:\\GrievanceSys...', 45, Array)
#1 E:\GrievanceSystem\app\Controllers\AdminController.php(69): App\Models\show_complaint_model->Show_Image_Video('CT2020111900001')
#2 E:\GrievanceSystem\system\CodeIgniter.php(918): App\Controllers\AdminController->ShowImageVideo()
#3 E:\GrievanceSystem\system\CodeIgniter.php(404): CodeIgniter\CodeIgniter->runController(Object(App\Controllers\AdminController))
#4 E:\GrievanceSystem\system\CodeIgniter.php(312): CodeIgniter\CodeIgniter->handleRequest(NULL, Object(Config\Cache), false)
#5 E:\GrievanceSystem\public\index.php(45): CodeIgniter\CodeIgniter->run()
#6 E:\GrievanceSystem\system\Commands\Server\rewrite.php(34): require_once('E:\\GrievanceSys...')
#7 {main}
CRITICAL - 2020-11-23 00:50:41 --> Call to undefined method CodeIgniter\Database\MySQLi\Builder::getResultArray()
#0 E:\GrievanceSystem\app\Controllers\AdminController.php(69): App\Models\show_complaint_model->Show_Image_Video('CT2020111900001')
#1 E:\GrievanceSystem\system\CodeIgniter.php(918): App\Controllers\AdminController->ShowImageVideo()
#2 E:\GrievanceSystem\system\CodeIgniter.php(404): CodeIgniter\CodeIgniter->runController(Object(App\Controllers\AdminController))
#3 E:\GrievanceSystem\system\CodeIgniter.php(312): CodeIgniter\CodeIgniter->handleRequest(NULL, Object(Config\Cache), false)
#4 E:\GrievanceSystem\public\index.php(45): CodeIgniter\CodeIgniter->run()
#5 E:\GrievanceSystem\system\Commands\Server\rewrite.php(34): require_once('E:\\GrievanceSys...')
#6 {main}
CRITICAL - 2020-11-23 02:28:27 --> syntax error, unexpected 'endforeach' (T_ENDFOREACH)
#0 E:\GrievanceSystem\system\Common.php(1119): CodeIgniter\View\View->render('admin/showcompl...', Array, true)
#1 E:\GrievanceSystem\app\Controllers\AdminController.php(228): view('admin/showcompl...', Array)
#2 E:\GrievanceSystem\app\Controllers\AdminController.php(62): App\Controllers\AdminController->render_view('showcomplaint', Array)
#3 E:\GrievanceSystem\system\CodeIgniter.php(918): App\Controllers\AdminController->ShowComplaint()
#4 E:\GrievanceSystem\system\CodeIgniter.php(404): CodeIgniter\CodeIgniter->runController(Object(App\Controllers\AdminController))
#5 E:\GrievanceSystem\system\CodeIgniter.php(312): CodeIgniter\CodeIgniter->handleRequest(NULL, Object(Config\Cache), false)
#6 E:\GrievanceSystem\public\index.php(45): CodeIgniter\CodeIgniter->run()
#7 E:\GrievanceSystem\system\Commands\Server\rewrite.php(34): require_once('E:\\GrievanceSys...')
#8 {main}
CRITICAL - 2020-11-23 04:31:16 --> You have an error in your SQL syntax; check the manual that corresponds to your MariaDB server version for the right syntax to use near '? AND Complaint_Status=3' at line 4
#0 E:\GrievanceSystem\system\Database\MySQLi\Connection.php(331): mysqli->query('SELECT cmp.Tick...')
#1 E:\GrievanceSystem\system\Database\BaseConnection.php(741): CodeIgniter\Database\MySQLi\Connection->execute('SELECT cmp.Tick...')
#2 E:\GrievanceSystem\system\Database\BaseConnection.php(669): CodeIgniter\Database\BaseConnection->simpleQuery('SELECT cmp.Tick...')
#3 E:\GrievanceSystem\app\Models\show_complaint_model.php(139): CodeIgniter\Database\BaseConnection->query('SELECT cmp.Tick...', Array)
#4 E:\GrievanceSystem\app\Controllers\DepartmentController.php(79): App\Models\show_complaint_model->Show_Complaint_To_Team_Member('GSUI00004')
#5 E:\GrievanceSystem\system\CodeIgniter.php(918): App\Controllers\DepartmentController->ShowComplaintToTeamMember()
#6 E:\GrievanceSystem\system\CodeIgniter.php(404): CodeIgniter\CodeIgniter->runController(Object(App\Controllers\DepartmentController))
#7 E:\GrievanceSystem\system\CodeIgniter.php(312): CodeIgniter\CodeIgniter->handleRequest(NULL, Object(Config\Cache), false)
#8 E:\GrievanceSystem\public\index.php(45): CodeIgniter\CodeIgniter->run()
#9 E:\GrievanceSystem\system\Commands\Server\rewrite.php(34): require_once('E:\\GrievanceSys...')
#10 {main}
